ARM GAS  /var/folders/17/j_dgbcc52q10y0jc3c_zbwd80000gn/T//ccORRi95.s 			page 1


   1              		.cpu cortex-m7
   2              		.eabi_attribute 27, 1
   3              		.eabi_attribute 28, 1
   4              		.eabi_attribute 20, 1
   5              		.eabi_attribute 21, 1
   6              		.eabi_attribute 23, 3
   7              		.eabi_attribute 24, 1
   8              		.eabi_attribute 25, 1
   9              		.eabi_attribute 26, 1
  10              		.eabi_attribute 30, 1
  11              		.eabi_attribute 34, 1
  12              		.eabi_attribute 18, 4
  13              		.file	"stm32g4xx_hal_pcd_ex.c"
  14              		.text
  15              	.Ltext0:
  16              		.cfi_sections	.debug_frame
  17              		.section	.text.HAL_PCDEx_PMAConfig,"ax",%progbits
  18              		.align	1
  19              		.global	HAL_PCDEx_PMAConfig
  20              		.syntax unified
  21              		.thumb
  22              		.thumb_func
  23              		.fpu fpv5-sp-d16
  25              	HAL_PCDEx_PMAConfig:
  26              	.LFB130:
  27              		.file 1 "Drivers/STM32G4xx_HAL_Driver/Src/stm32g4xx_hal_pcd_ex.c"
   1:Drivers/STM32G4xx_HAL_Driver/Src/stm32g4xx_hal_pcd_ex.c **** /**
   2:Drivers/STM32G4xx_HAL_Driver/Src/stm32g4xx_hal_pcd_ex.c ****   ******************************************************************************
   3:Drivers/STM32G4xx_HAL_Driver/Src/stm32g4xx_hal_pcd_ex.c ****   * @file    stm32g4xx_hal_pcd_ex.c
   4:Drivers/STM32G4xx_HAL_Driver/Src/stm32g4xx_hal_pcd_ex.c ****   * @author  MCD Application Team
   5:Drivers/STM32G4xx_HAL_Driver/Src/stm32g4xx_hal_pcd_ex.c ****   * @brief   PCD Extended HAL module driver.
   6:Drivers/STM32G4xx_HAL_Driver/Src/stm32g4xx_hal_pcd_ex.c ****   *          This file provides firmware functions to manage the following
   7:Drivers/STM32G4xx_HAL_Driver/Src/stm32g4xx_hal_pcd_ex.c ****   *          functionalities of the USB Peripheral Controller:
   8:Drivers/STM32G4xx_HAL_Driver/Src/stm32g4xx_hal_pcd_ex.c ****   *           + Extended features functions
   9:Drivers/STM32G4xx_HAL_Driver/Src/stm32g4xx_hal_pcd_ex.c ****   *
  10:Drivers/STM32G4xx_HAL_Driver/Src/stm32g4xx_hal_pcd_ex.c ****   ******************************************************************************
  11:Drivers/STM32G4xx_HAL_Driver/Src/stm32g4xx_hal_pcd_ex.c ****   * @attention
  12:Drivers/STM32G4xx_HAL_Driver/Src/stm32g4xx_hal_pcd_ex.c ****   *
  13:Drivers/STM32G4xx_HAL_Driver/Src/stm32g4xx_hal_pcd_ex.c ****   * <h2><center>&copy; Copyright (c) 2019 STMicroelectronics.
  14:Drivers/STM32G4xx_HAL_Driver/Src/stm32g4xx_hal_pcd_ex.c ****   * All rights reserved.</center></h2>
  15:Drivers/STM32G4xx_HAL_Driver/Src/stm32g4xx_hal_pcd_ex.c ****   *
  16:Drivers/STM32G4xx_HAL_Driver/Src/stm32g4xx_hal_pcd_ex.c ****   * This software component is licensed by ST under BSD 3-Clause license,
  17:Drivers/STM32G4xx_HAL_Driver/Src/stm32g4xx_hal_pcd_ex.c ****   * the "License"; You may not use this file except in compliance with the
  18:Drivers/STM32G4xx_HAL_Driver/Src/stm32g4xx_hal_pcd_ex.c ****   * License. You may obtain a copy of the License at:
  19:Drivers/STM32G4xx_HAL_Driver/Src/stm32g4xx_hal_pcd_ex.c ****   *                        opensource.org/licenses/BSD-3-Clause
  20:Drivers/STM32G4xx_HAL_Driver/Src/stm32g4xx_hal_pcd_ex.c ****   *
  21:Drivers/STM32G4xx_HAL_Driver/Src/stm32g4xx_hal_pcd_ex.c ****   ******************************************************************************
  22:Drivers/STM32G4xx_HAL_Driver/Src/stm32g4xx_hal_pcd_ex.c ****   */
  23:Drivers/STM32G4xx_HAL_Driver/Src/stm32g4xx_hal_pcd_ex.c **** 
  24:Drivers/STM32G4xx_HAL_Driver/Src/stm32g4xx_hal_pcd_ex.c **** /* Includes ------------------------------------------------------------------*/
  25:Drivers/STM32G4xx_HAL_Driver/Src/stm32g4xx_hal_pcd_ex.c **** #include "stm32g4xx_hal.h"
  26:Drivers/STM32G4xx_HAL_Driver/Src/stm32g4xx_hal_pcd_ex.c **** 
  27:Drivers/STM32G4xx_HAL_Driver/Src/stm32g4xx_hal_pcd_ex.c **** /** @addtogroup STM32G4xx_HAL_Driver
  28:Drivers/STM32G4xx_HAL_Driver/Src/stm32g4xx_hal_pcd_ex.c ****   * @{
  29:Drivers/STM32G4xx_HAL_Driver/Src/stm32g4xx_hal_pcd_ex.c ****   */
  30:Drivers/STM32G4xx_HAL_Driver/Src/stm32g4xx_hal_pcd_ex.c **** 
  31:Drivers/STM32G4xx_HAL_Driver/Src/stm32g4xx_hal_pcd_ex.c **** /** @defgroup PCDEx PCDEx
ARM GAS  /var/folders/17/j_dgbcc52q10y0jc3c_zbwd80000gn/T//ccORRi95.s 			page 2


  32:Drivers/STM32G4xx_HAL_Driver/Src/stm32g4xx_hal_pcd_ex.c ****   * @brief PCD Extended HAL module driver
  33:Drivers/STM32G4xx_HAL_Driver/Src/stm32g4xx_hal_pcd_ex.c ****   * @{
  34:Drivers/STM32G4xx_HAL_Driver/Src/stm32g4xx_hal_pcd_ex.c ****   */
  35:Drivers/STM32G4xx_HAL_Driver/Src/stm32g4xx_hal_pcd_ex.c **** 
  36:Drivers/STM32G4xx_HAL_Driver/Src/stm32g4xx_hal_pcd_ex.c **** #ifdef HAL_PCD_MODULE_ENABLED
  37:Drivers/STM32G4xx_HAL_Driver/Src/stm32g4xx_hal_pcd_ex.c **** 
  38:Drivers/STM32G4xx_HAL_Driver/Src/stm32g4xx_hal_pcd_ex.c **** #if defined (USB)
  39:Drivers/STM32G4xx_HAL_Driver/Src/stm32g4xx_hal_pcd_ex.c **** /* Private types -------------------------------------------------------------*/
  40:Drivers/STM32G4xx_HAL_Driver/Src/stm32g4xx_hal_pcd_ex.c **** /* Private variables ---------------------------------------------------------*/
  41:Drivers/STM32G4xx_HAL_Driver/Src/stm32g4xx_hal_pcd_ex.c **** /* Private constants ---------------------------------------------------------*/
  42:Drivers/STM32G4xx_HAL_Driver/Src/stm32g4xx_hal_pcd_ex.c **** /* Private macros ------------------------------------------------------------*/
  43:Drivers/STM32G4xx_HAL_Driver/Src/stm32g4xx_hal_pcd_ex.c **** /* Private functions ---------------------------------------------------------*/
  44:Drivers/STM32G4xx_HAL_Driver/Src/stm32g4xx_hal_pcd_ex.c **** /* Exported functions --------------------------------------------------------*/
  45:Drivers/STM32G4xx_HAL_Driver/Src/stm32g4xx_hal_pcd_ex.c **** 
  46:Drivers/STM32G4xx_HAL_Driver/Src/stm32g4xx_hal_pcd_ex.c **** /** @defgroup PCDEx_Exported_Functions PCDEx Exported Functions
  47:Drivers/STM32G4xx_HAL_Driver/Src/stm32g4xx_hal_pcd_ex.c ****   * @{
  48:Drivers/STM32G4xx_HAL_Driver/Src/stm32g4xx_hal_pcd_ex.c ****   */
  49:Drivers/STM32G4xx_HAL_Driver/Src/stm32g4xx_hal_pcd_ex.c **** 
  50:Drivers/STM32G4xx_HAL_Driver/Src/stm32g4xx_hal_pcd_ex.c **** /** @defgroup PCDEx_Exported_Functions_Group1 Peripheral Control functions
  51:Drivers/STM32G4xx_HAL_Driver/Src/stm32g4xx_hal_pcd_ex.c ****   * @brief    PCDEx control functions
  52:Drivers/STM32G4xx_HAL_Driver/Src/stm32g4xx_hal_pcd_ex.c ****  *
  53:Drivers/STM32G4xx_HAL_Driver/Src/stm32g4xx_hal_pcd_ex.c **** @verbatim
  54:Drivers/STM32G4xx_HAL_Driver/Src/stm32g4xx_hal_pcd_ex.c ****  ===============================================================================
  55:Drivers/STM32G4xx_HAL_Driver/Src/stm32g4xx_hal_pcd_ex.c ****                  ##### Extended features functions #####
  56:Drivers/STM32G4xx_HAL_Driver/Src/stm32g4xx_hal_pcd_ex.c ****  ===============================================================================
  57:Drivers/STM32G4xx_HAL_Driver/Src/stm32g4xx_hal_pcd_ex.c ****     [..]  This section provides functions allowing to:
  58:Drivers/STM32G4xx_HAL_Driver/Src/stm32g4xx_hal_pcd_ex.c ****       (+) Update FIFO configuration
  59:Drivers/STM32G4xx_HAL_Driver/Src/stm32g4xx_hal_pcd_ex.c **** 
  60:Drivers/STM32G4xx_HAL_Driver/Src/stm32g4xx_hal_pcd_ex.c **** @endverbatim
  61:Drivers/STM32G4xx_HAL_Driver/Src/stm32g4xx_hal_pcd_ex.c ****   * @{
  62:Drivers/STM32G4xx_HAL_Driver/Src/stm32g4xx_hal_pcd_ex.c ****   */
  63:Drivers/STM32G4xx_HAL_Driver/Src/stm32g4xx_hal_pcd_ex.c **** 
  64:Drivers/STM32G4xx_HAL_Driver/Src/stm32g4xx_hal_pcd_ex.c **** /**
  65:Drivers/STM32G4xx_HAL_Driver/Src/stm32g4xx_hal_pcd_ex.c ****   * @brief  Configure PMA for EP
  66:Drivers/STM32G4xx_HAL_Driver/Src/stm32g4xx_hal_pcd_ex.c ****   * @param  hpcd  Device instance
  67:Drivers/STM32G4xx_HAL_Driver/Src/stm32g4xx_hal_pcd_ex.c ****   * @param  ep_addr endpoint address
  68:Drivers/STM32G4xx_HAL_Driver/Src/stm32g4xx_hal_pcd_ex.c ****   * @param  ep_kind endpoint Kind
  69:Drivers/STM32G4xx_HAL_Driver/Src/stm32g4xx_hal_pcd_ex.c ****   *                  USB_SNG_BUF: Single Buffer used
  70:Drivers/STM32G4xx_HAL_Driver/Src/stm32g4xx_hal_pcd_ex.c ****   *                  USB_DBL_BUF: Double Buffer used
  71:Drivers/STM32G4xx_HAL_Driver/Src/stm32g4xx_hal_pcd_ex.c ****   * @param  pmaadress: EP address in The PMA: In case of single buffer endpoint
  72:Drivers/STM32G4xx_HAL_Driver/Src/stm32g4xx_hal_pcd_ex.c ****   *                   this parameter is 16-bit value providing the address
  73:Drivers/STM32G4xx_HAL_Driver/Src/stm32g4xx_hal_pcd_ex.c ****   *                   in PMA allocated to endpoint.
  74:Drivers/STM32G4xx_HAL_Driver/Src/stm32g4xx_hal_pcd_ex.c ****   *                   In case of double buffer endpoint this parameter
  75:Drivers/STM32G4xx_HAL_Driver/Src/stm32g4xx_hal_pcd_ex.c ****   *                   is a 32-bit value providing the endpoint buffer 0 address
  76:Drivers/STM32G4xx_HAL_Driver/Src/stm32g4xx_hal_pcd_ex.c ****   *                   in the LSB part of 32-bit value and endpoint buffer 1 address
  77:Drivers/STM32G4xx_HAL_Driver/Src/stm32g4xx_hal_pcd_ex.c ****   *                   in the MSB part of 32-bit value.
  78:Drivers/STM32G4xx_HAL_Driver/Src/stm32g4xx_hal_pcd_ex.c ****   * @retval HAL status
  79:Drivers/STM32G4xx_HAL_Driver/Src/stm32g4xx_hal_pcd_ex.c ****   */
  80:Drivers/STM32G4xx_HAL_Driver/Src/stm32g4xx_hal_pcd_ex.c **** 
  81:Drivers/STM32G4xx_HAL_Driver/Src/stm32g4xx_hal_pcd_ex.c **** HAL_StatusTypeDef  HAL_PCDEx_PMAConfig(PCD_HandleTypeDef *hpcd,
  82:Drivers/STM32G4xx_HAL_Driver/Src/stm32g4xx_hal_pcd_ex.c ****                                        uint16_t ep_addr,
  83:Drivers/STM32G4xx_HAL_Driver/Src/stm32g4xx_hal_pcd_ex.c ****                                        uint16_t ep_kind,
  84:Drivers/STM32G4xx_HAL_Driver/Src/stm32g4xx_hal_pcd_ex.c ****                                        uint32_t pmaadress)
  85:Drivers/STM32G4xx_HAL_Driver/Src/stm32g4xx_hal_pcd_ex.c **** {
  28              		.loc 1 85 0
  29              		.cfi_startproc
  30              		@ args = 0, pretend = 0, frame = 0
ARM GAS  /var/folders/17/j_dgbcc52q10y0jc3c_zbwd80000gn/T//ccORRi95.s 			page 3


  31              		@ frame_needed = 0, uses_anonymous_args = 0
  32              		@ link register save eliminated.
  33              	.LVL0:
  86:Drivers/STM32G4xx_HAL_Driver/Src/stm32g4xx_hal_pcd_ex.c ****   PCD_EPTypeDef *ep;
  87:Drivers/STM32G4xx_HAL_Driver/Src/stm32g4xx_hal_pcd_ex.c **** 
  88:Drivers/STM32G4xx_HAL_Driver/Src/stm32g4xx_hal_pcd_ex.c ****   /* initialize ep structure*/
  89:Drivers/STM32G4xx_HAL_Driver/Src/stm32g4xx_hal_pcd_ex.c ****   if ((0x80U & ep_addr) == 0x80U)
  34              		.loc 1 89 0
  35 0000 11F0800F 		tst	r1, #128
  36 0004 0CD0     		beq	.L2
  90:Drivers/STM32G4xx_HAL_Driver/Src/stm32g4xx_hal_pcd_ex.c ****   {
  91:Drivers/STM32G4xx_HAL_Driver/Src/stm32g4xx_hal_pcd_ex.c ****     ep = &hpcd->IN_ep[ep_addr & EP_ADDR_MSK];
  37              		.loc 1 91 0
  38 0006 01F00701 		and	r1, r1, #7
  39              	.LVL1:
  40 000a 4901     		lsls	r1, r1, #5
  41 000c 2831     		adds	r1, r1, #40
  42 000e 0144     		add	r1, r1, r0
  43              	.LVL2:
  44              	.L3:
  92:Drivers/STM32G4xx_HAL_Driver/Src/stm32g4xx_hal_pcd_ex.c ****   }
  93:Drivers/STM32G4xx_HAL_Driver/Src/stm32g4xx_hal_pcd_ex.c ****   else
  94:Drivers/STM32G4xx_HAL_Driver/Src/stm32g4xx_hal_pcd_ex.c ****   {
  95:Drivers/STM32G4xx_HAL_Driver/Src/stm32g4xx_hal_pcd_ex.c ****     ep = &hpcd->OUT_ep[ep_addr];
  96:Drivers/STM32G4xx_HAL_Driver/Src/stm32g4xx_hal_pcd_ex.c ****   }
  97:Drivers/STM32G4xx_HAL_Driver/Src/stm32g4xx_hal_pcd_ex.c **** 
  98:Drivers/STM32G4xx_HAL_Driver/Src/stm32g4xx_hal_pcd_ex.c ****   /* Here we check if the endpoint is single or double Buffer*/
  99:Drivers/STM32G4xx_HAL_Driver/Src/stm32g4xx_hal_pcd_ex.c ****   if (ep_kind == PCD_SNG_BUF)
  45              		.loc 1 99 0
  46 0010 5AB1     		cbz	r2, .L6
 100:Drivers/STM32G4xx_HAL_Driver/Src/stm32g4xx_hal_pcd_ex.c ****   {
 101:Drivers/STM32G4xx_HAL_Driver/Src/stm32g4xx_hal_pcd_ex.c ****     /* Single Buffer */
 102:Drivers/STM32G4xx_HAL_Driver/Src/stm32g4xx_hal_pcd_ex.c ****     ep->doublebuffer = 0U;
 103:Drivers/STM32G4xx_HAL_Driver/Src/stm32g4xx_hal_pcd_ex.c ****     /* Configure the PMA */
 104:Drivers/STM32G4xx_HAL_Driver/Src/stm32g4xx_hal_pcd_ex.c ****     ep->pmaadress = (uint16_t)pmaadress;
 105:Drivers/STM32G4xx_HAL_Driver/Src/stm32g4xx_hal_pcd_ex.c ****   }
 106:Drivers/STM32G4xx_HAL_Driver/Src/stm32g4xx_hal_pcd_ex.c ****   else /* USB_DBL_BUF */
 107:Drivers/STM32G4xx_HAL_Driver/Src/stm32g4xx_hal_pcd_ex.c ****   {
 108:Drivers/STM32G4xx_HAL_Driver/Src/stm32g4xx_hal_pcd_ex.c ****     /* Double Buffer Endpoint */
 109:Drivers/STM32G4xx_HAL_Driver/Src/stm32g4xx_hal_pcd_ex.c ****     ep->doublebuffer = 1U;
  47              		.loc 1 109 0
  48 0012 0122     		movs	r2, #1
  49              	.LVL3:
  50 0014 0A73     		strb	r2, [r1, #12]
 110:Drivers/STM32G4xx_HAL_Driver/Src/stm32g4xx_hal_pcd_ex.c ****     /* Configure the PMA */
 111:Drivers/STM32G4xx_HAL_Driver/Src/stm32g4xx_hal_pcd_ex.c ****     ep->pmaaddr0 = (uint16_t)(pmaadress & 0xFFFFU);
  51              		.loc 1 111 0
  52 0016 0B81     		strh	r3, [r1, #8]	@ movhi
 112:Drivers/STM32G4xx_HAL_Driver/Src/stm32g4xx_hal_pcd_ex.c ****     ep->pmaaddr1 = (uint16_t)((pmaadress & 0xFFFF0000U) >> 16);
  53              		.loc 1 112 0
  54 0018 1B0C     		lsrs	r3, r3, #16
  55              	.LVL4:
  56 001a 4B81     		strh	r3, [r1, #10]	@ movhi
  57              	.L5:
 113:Drivers/STM32G4xx_HAL_Driver/Src/stm32g4xx_hal_pcd_ex.c ****   }
 114:Drivers/STM32G4xx_HAL_Driver/Src/stm32g4xx_hal_pcd_ex.c **** 
 115:Drivers/STM32G4xx_HAL_Driver/Src/stm32g4xx_hal_pcd_ex.c ****   return HAL_OK;
ARM GAS  /var/folders/17/j_dgbcc52q10y0jc3c_zbwd80000gn/T//ccORRi95.s 			page 4


 116:Drivers/STM32G4xx_HAL_Driver/Src/stm32g4xx_hal_pcd_ex.c **** }
  58              		.loc 1 116 0
  59 001c 0020     		movs	r0, #0
  60              	.LVL5:
  61 001e 7047     		bx	lr
  62              	.LVL6:
  63              	.L2:
  95:Drivers/STM32G4xx_HAL_Driver/Src/stm32g4xx_hal_pcd_ex.c ****   }
  64              		.loc 1 95 0
  65 0020 4901     		lsls	r1, r1, #5
  66              	.LVL7:
  67 0022 01F59471 		add	r1, r1, #296
  68 0026 0144     		add	r1, r1, r0
  69              	.LVL8:
  70 0028 F2E7     		b	.L3
  71              	.L6:
 102:Drivers/STM32G4xx_HAL_Driver/Src/stm32g4xx_hal_pcd_ex.c ****     /* Configure the PMA */
  72              		.loc 1 102 0
  73 002a 0A73     		strb	r2, [r1, #12]
 104:Drivers/STM32G4xx_HAL_Driver/Src/stm32g4xx_hal_pcd_ex.c ****   }
  74              		.loc 1 104 0
  75 002c CB80     		strh	r3, [r1, #6]	@ movhi
  76 002e F5E7     		b	.L5
  77              		.cfi_endproc
  78              	.LFE130:
  80              		.section	.text.HAL_PCDEx_ActivateBCD,"ax",%progbits
  81              		.align	1
  82              		.global	HAL_PCDEx_ActivateBCD
  83              		.syntax unified
  84              		.thumb
  85              		.thumb_func
  86              		.fpu fpv5-sp-d16
  88              	HAL_PCDEx_ActivateBCD:
  89              	.LFB131:
 117:Drivers/STM32G4xx_HAL_Driver/Src/stm32g4xx_hal_pcd_ex.c **** 
 118:Drivers/STM32G4xx_HAL_Driver/Src/stm32g4xx_hal_pcd_ex.c **** /**
 119:Drivers/STM32G4xx_HAL_Driver/Src/stm32g4xx_hal_pcd_ex.c ****   * @brief  Activate BatteryCharging feature.
 120:Drivers/STM32G4xx_HAL_Driver/Src/stm32g4xx_hal_pcd_ex.c ****   * @param  hpcd PCD handle
 121:Drivers/STM32G4xx_HAL_Driver/Src/stm32g4xx_hal_pcd_ex.c ****   * @retval HAL status
 122:Drivers/STM32G4xx_HAL_Driver/Src/stm32g4xx_hal_pcd_ex.c ****   */
 123:Drivers/STM32G4xx_HAL_Driver/Src/stm32g4xx_hal_pcd_ex.c **** HAL_StatusTypeDef HAL_PCDEx_ActivateBCD(PCD_HandleTypeDef *hpcd)
 124:Drivers/STM32G4xx_HAL_Driver/Src/stm32g4xx_hal_pcd_ex.c **** {
  90              		.loc 1 124 0
  91              		.cfi_startproc
  92              		@ args = 0, pretend = 0, frame = 0
  93              		@ frame_needed = 0, uses_anonymous_args = 0
  94              		@ link register save eliminated.
  95              	.LVL9:
 125:Drivers/STM32G4xx_HAL_Driver/Src/stm32g4xx_hal_pcd_ex.c ****   USB_TypeDef *USBx = hpcd->Instance;
  96              		.loc 1 125 0
  97 0000 0368     		ldr	r3, [r0]
  98              	.LVL10:
 126:Drivers/STM32G4xx_HAL_Driver/Src/stm32g4xx_hal_pcd_ex.c ****   hpcd->battery_charging_active = 1U;
  99              		.loc 1 126 0
 100 0002 0122     		movs	r2, #1
 101 0004 C0F86C22 		str	r2, [r0, #620]
 127:Drivers/STM32G4xx_HAL_Driver/Src/stm32g4xx_hal_pcd_ex.c **** 
ARM GAS  /var/folders/17/j_dgbcc52q10y0jc3c_zbwd80000gn/T//ccORRi95.s 			page 5


 128:Drivers/STM32G4xx_HAL_Driver/Src/stm32g4xx_hal_pcd_ex.c ****   /* Enable BCD feature */
 129:Drivers/STM32G4xx_HAL_Driver/Src/stm32g4xx_hal_pcd_ex.c ****   USBx->BCDR |= USB_BCDR_BCDEN;
 102              		.loc 1 129 0
 103 0008 B3F85820 		ldrh	r2, [r3, #88]
 104 000c 42F00102 		orr	r2, r2, #1
 105 0010 A3F85820 		strh	r2, [r3, #88]	@ movhi
 130:Drivers/STM32G4xx_HAL_Driver/Src/stm32g4xx_hal_pcd_ex.c **** 
 131:Drivers/STM32G4xx_HAL_Driver/Src/stm32g4xx_hal_pcd_ex.c ****   /* Enable DCD : Data Contact Detect */
 132:Drivers/STM32G4xx_HAL_Driver/Src/stm32g4xx_hal_pcd_ex.c ****   USBx->BCDR &= ~(USB_BCDR_PDEN);
 106              		.loc 1 132 0
 107 0014 B3F85820 		ldrh	r2, [r3, #88]
 108 0018 92B2     		uxth	r2, r2
 109 001a 22F00402 		bic	r2, r2, #4
 110 001e 92B2     		uxth	r2, r2
 111 0020 A3F85820 		strh	r2, [r3, #88]	@ movhi
 133:Drivers/STM32G4xx_HAL_Driver/Src/stm32g4xx_hal_pcd_ex.c ****   USBx->BCDR &= ~(USB_BCDR_SDEN);
 112              		.loc 1 133 0
 113 0024 B3F85820 		ldrh	r2, [r3, #88]
 114 0028 92B2     		uxth	r2, r2
 115 002a 22F00802 		bic	r2, r2, #8
 116 002e 92B2     		uxth	r2, r2
 117 0030 A3F85820 		strh	r2, [r3, #88]	@ movhi
 134:Drivers/STM32G4xx_HAL_Driver/Src/stm32g4xx_hal_pcd_ex.c ****   USBx->BCDR |= USB_BCDR_DCDEN;
 118              		.loc 1 134 0
 119 0034 B3F85820 		ldrh	r2, [r3, #88]
 120 0038 42F00202 		orr	r2, r2, #2
 121 003c A3F85820 		strh	r2, [r3, #88]	@ movhi
 135:Drivers/STM32G4xx_HAL_Driver/Src/stm32g4xx_hal_pcd_ex.c **** 
 136:Drivers/STM32G4xx_HAL_Driver/Src/stm32g4xx_hal_pcd_ex.c ****   return HAL_OK;
 137:Drivers/STM32G4xx_HAL_Driver/Src/stm32g4xx_hal_pcd_ex.c **** }
 122              		.loc 1 137 0
 123 0040 0020     		movs	r0, #0
 124              	.LVL11:
 125 0042 7047     		bx	lr
 126              		.cfi_endproc
 127              	.LFE131:
 129              		.section	.text.HAL_PCDEx_DeActivateBCD,"ax",%progbits
 130              		.align	1
 131              		.global	HAL_PCDEx_DeActivateBCD
 132              		.syntax unified
 133              		.thumb
 134              		.thumb_func
 135              		.fpu fpv5-sp-d16
 137              	HAL_PCDEx_DeActivateBCD:
 138              	.LFB132:
 138:Drivers/STM32G4xx_HAL_Driver/Src/stm32g4xx_hal_pcd_ex.c **** 
 139:Drivers/STM32G4xx_HAL_Driver/Src/stm32g4xx_hal_pcd_ex.c **** /**
 140:Drivers/STM32G4xx_HAL_Driver/Src/stm32g4xx_hal_pcd_ex.c ****   * @brief  Deactivate BatteryCharging feature.
 141:Drivers/STM32G4xx_HAL_Driver/Src/stm32g4xx_hal_pcd_ex.c ****   * @param  hpcd PCD handle
 142:Drivers/STM32G4xx_HAL_Driver/Src/stm32g4xx_hal_pcd_ex.c ****   * @retval HAL status
 143:Drivers/STM32G4xx_HAL_Driver/Src/stm32g4xx_hal_pcd_ex.c ****   */
 144:Drivers/STM32G4xx_HAL_Driver/Src/stm32g4xx_hal_pcd_ex.c **** HAL_StatusTypeDef HAL_PCDEx_DeActivateBCD(PCD_HandleTypeDef *hpcd)
 145:Drivers/STM32G4xx_HAL_Driver/Src/stm32g4xx_hal_pcd_ex.c **** {
 139              		.loc 1 145 0
 140              		.cfi_startproc
 141              		@ args = 0, pretend = 0, frame = 0
 142              		@ frame_needed = 0, uses_anonymous_args = 0
ARM GAS  /var/folders/17/j_dgbcc52q10y0jc3c_zbwd80000gn/T//ccORRi95.s 			page 6


 143              		@ link register save eliminated.
 144              	.LVL12:
 146:Drivers/STM32G4xx_HAL_Driver/Src/stm32g4xx_hal_pcd_ex.c ****   USB_TypeDef *USBx = hpcd->Instance;
 145              		.loc 1 146 0
 146 0000 0168     		ldr	r1, [r0]
 147              	.LVL13:
 147:Drivers/STM32G4xx_HAL_Driver/Src/stm32g4xx_hal_pcd_ex.c ****   hpcd->battery_charging_active = 0U;
 148              		.loc 1 147 0
 149 0002 0022     		movs	r2, #0
 150 0004 C0F86C22 		str	r2, [r0, #620]
 148:Drivers/STM32G4xx_HAL_Driver/Src/stm32g4xx_hal_pcd_ex.c **** 
 149:Drivers/STM32G4xx_HAL_Driver/Src/stm32g4xx_hal_pcd_ex.c ****   /* Disable BCD feature */
 150:Drivers/STM32G4xx_HAL_Driver/Src/stm32g4xx_hal_pcd_ex.c ****   USBx->BCDR &= ~(USB_BCDR_BCDEN);
 151              		.loc 1 150 0
 152 0008 B1F85830 		ldrh	r3, [r1, #88]
 153 000c 9BB2     		uxth	r3, r3
 154 000e 23F00103 		bic	r3, r3, #1
 155 0012 9BB2     		uxth	r3, r3
 156 0014 A1F85830 		strh	r3, [r1, #88]	@ movhi
 151:Drivers/STM32G4xx_HAL_Driver/Src/stm32g4xx_hal_pcd_ex.c **** 
 152:Drivers/STM32G4xx_HAL_Driver/Src/stm32g4xx_hal_pcd_ex.c ****   return HAL_OK;
 153:Drivers/STM32G4xx_HAL_Driver/Src/stm32g4xx_hal_pcd_ex.c **** }
 157              		.loc 1 153 0
 158 0018 1046     		mov	r0, r2
 159              	.LVL14:
 160 001a 7047     		bx	lr
 161              		.cfi_endproc
 162              	.LFE132:
 164              		.section	.text.HAL_PCDEx_ActivateLPM,"ax",%progbits
 165              		.align	1
 166              		.global	HAL_PCDEx_ActivateLPM
 167              		.syntax unified
 168              		.thumb
 169              		.thumb_func
 170              		.fpu fpv5-sp-d16
 172              	HAL_PCDEx_ActivateLPM:
 173              	.LFB134:
 154:Drivers/STM32G4xx_HAL_Driver/Src/stm32g4xx_hal_pcd_ex.c **** 
 155:Drivers/STM32G4xx_HAL_Driver/Src/stm32g4xx_hal_pcd_ex.c **** /**
 156:Drivers/STM32G4xx_HAL_Driver/Src/stm32g4xx_hal_pcd_ex.c ****   * @brief  Handle BatteryCharging Process.
 157:Drivers/STM32G4xx_HAL_Driver/Src/stm32g4xx_hal_pcd_ex.c ****   * @param  hpcd PCD handle
 158:Drivers/STM32G4xx_HAL_Driver/Src/stm32g4xx_hal_pcd_ex.c ****   * @retval HAL status
 159:Drivers/STM32G4xx_HAL_Driver/Src/stm32g4xx_hal_pcd_ex.c ****   */
 160:Drivers/STM32G4xx_HAL_Driver/Src/stm32g4xx_hal_pcd_ex.c **** void HAL_PCDEx_BCD_VBUSDetect(PCD_HandleTypeDef *hpcd)
 161:Drivers/STM32G4xx_HAL_Driver/Src/stm32g4xx_hal_pcd_ex.c **** {
 162:Drivers/STM32G4xx_HAL_Driver/Src/stm32g4xx_hal_pcd_ex.c ****   USB_TypeDef *USBx = hpcd->Instance;
 163:Drivers/STM32G4xx_HAL_Driver/Src/stm32g4xx_hal_pcd_ex.c ****   uint32_t tickstart = HAL_GetTick();
 164:Drivers/STM32G4xx_HAL_Driver/Src/stm32g4xx_hal_pcd_ex.c **** 
 165:Drivers/STM32G4xx_HAL_Driver/Src/stm32g4xx_hal_pcd_ex.c ****   /* Wait Detect flag or a timeout is happen*/
 166:Drivers/STM32G4xx_HAL_Driver/Src/stm32g4xx_hal_pcd_ex.c ****   while ((USBx->BCDR & USB_BCDR_DCDET) == 0U)
 167:Drivers/STM32G4xx_HAL_Driver/Src/stm32g4xx_hal_pcd_ex.c ****   {
 168:Drivers/STM32G4xx_HAL_Driver/Src/stm32g4xx_hal_pcd_ex.c ****     /* Check for the Timeout */
 169:Drivers/STM32G4xx_HAL_Driver/Src/stm32g4xx_hal_pcd_ex.c ****     if ((HAL_GetTick() - tickstart) > 1000U)
 170:Drivers/STM32G4xx_HAL_Driver/Src/stm32g4xx_hal_pcd_ex.c ****     {
 171:Drivers/STM32G4xx_HAL_Driver/Src/stm32g4xx_hal_pcd_ex.c **** #if (USE_HAL_PCD_REGISTER_CALLBACKS == 1U)
 172:Drivers/STM32G4xx_HAL_Driver/Src/stm32g4xx_hal_pcd_ex.c ****       hpcd->BCDCallback(hpcd, PCD_BCD_ERROR);
 173:Drivers/STM32G4xx_HAL_Driver/Src/stm32g4xx_hal_pcd_ex.c **** #else
ARM GAS  /var/folders/17/j_dgbcc52q10y0jc3c_zbwd80000gn/T//ccORRi95.s 			page 7


 174:Drivers/STM32G4xx_HAL_Driver/Src/stm32g4xx_hal_pcd_ex.c ****       HAL_PCDEx_BCD_Callback(hpcd, PCD_BCD_ERROR);
 175:Drivers/STM32G4xx_HAL_Driver/Src/stm32g4xx_hal_pcd_ex.c **** #endif /* USE_HAL_PCD_REGISTER_CALLBACKS */
 176:Drivers/STM32G4xx_HAL_Driver/Src/stm32g4xx_hal_pcd_ex.c **** 
 177:Drivers/STM32G4xx_HAL_Driver/Src/stm32g4xx_hal_pcd_ex.c ****       return;
 178:Drivers/STM32G4xx_HAL_Driver/Src/stm32g4xx_hal_pcd_ex.c ****     }
 179:Drivers/STM32G4xx_HAL_Driver/Src/stm32g4xx_hal_pcd_ex.c ****   }
 180:Drivers/STM32G4xx_HAL_Driver/Src/stm32g4xx_hal_pcd_ex.c **** 
 181:Drivers/STM32G4xx_HAL_Driver/Src/stm32g4xx_hal_pcd_ex.c ****   HAL_Delay(200U);
 182:Drivers/STM32G4xx_HAL_Driver/Src/stm32g4xx_hal_pcd_ex.c **** 
 183:Drivers/STM32G4xx_HAL_Driver/Src/stm32g4xx_hal_pcd_ex.c ****   /* Data Pin Contact ? Check Detect flag */
 184:Drivers/STM32G4xx_HAL_Driver/Src/stm32g4xx_hal_pcd_ex.c ****   if ((USBx->BCDR & USB_BCDR_DCDET) == USB_BCDR_DCDET)
 185:Drivers/STM32G4xx_HAL_Driver/Src/stm32g4xx_hal_pcd_ex.c ****   {
 186:Drivers/STM32G4xx_HAL_Driver/Src/stm32g4xx_hal_pcd_ex.c **** #if (USE_HAL_PCD_REGISTER_CALLBACKS == 1U)
 187:Drivers/STM32G4xx_HAL_Driver/Src/stm32g4xx_hal_pcd_ex.c ****     hpcd->BCDCallback(hpcd, PCD_BCD_CONTACT_DETECTION);
 188:Drivers/STM32G4xx_HAL_Driver/Src/stm32g4xx_hal_pcd_ex.c **** #else
 189:Drivers/STM32G4xx_HAL_Driver/Src/stm32g4xx_hal_pcd_ex.c ****     HAL_PCDEx_BCD_Callback(hpcd, PCD_BCD_CONTACT_DETECTION);
 190:Drivers/STM32G4xx_HAL_Driver/Src/stm32g4xx_hal_pcd_ex.c **** #endif /* USE_HAL_PCD_REGISTER_CALLBACKS */
 191:Drivers/STM32G4xx_HAL_Driver/Src/stm32g4xx_hal_pcd_ex.c ****   }
 192:Drivers/STM32G4xx_HAL_Driver/Src/stm32g4xx_hal_pcd_ex.c ****   /* Primary detection: checks if connected to Standard Downstream Port
 193:Drivers/STM32G4xx_HAL_Driver/Src/stm32g4xx_hal_pcd_ex.c ****   (without charging capability) */
 194:Drivers/STM32G4xx_HAL_Driver/Src/stm32g4xx_hal_pcd_ex.c ****   USBx->BCDR &= ~(USB_BCDR_DCDEN);
 195:Drivers/STM32G4xx_HAL_Driver/Src/stm32g4xx_hal_pcd_ex.c ****   HAL_Delay(50U);
 196:Drivers/STM32G4xx_HAL_Driver/Src/stm32g4xx_hal_pcd_ex.c ****   USBx->BCDR |= (USB_BCDR_PDEN);
 197:Drivers/STM32G4xx_HAL_Driver/Src/stm32g4xx_hal_pcd_ex.c ****   HAL_Delay(50U);
 198:Drivers/STM32G4xx_HAL_Driver/Src/stm32g4xx_hal_pcd_ex.c **** 
 199:Drivers/STM32G4xx_HAL_Driver/Src/stm32g4xx_hal_pcd_ex.c ****   /* If Charger detect ? */
 200:Drivers/STM32G4xx_HAL_Driver/Src/stm32g4xx_hal_pcd_ex.c ****   if ((USBx->BCDR & USB_BCDR_PDET) == USB_BCDR_PDET)
 201:Drivers/STM32G4xx_HAL_Driver/Src/stm32g4xx_hal_pcd_ex.c ****   {
 202:Drivers/STM32G4xx_HAL_Driver/Src/stm32g4xx_hal_pcd_ex.c ****     /* Start secondary detection to check connection to Charging Downstream
 203:Drivers/STM32G4xx_HAL_Driver/Src/stm32g4xx_hal_pcd_ex.c ****     Port or Dedicated Charging Port */
 204:Drivers/STM32G4xx_HAL_Driver/Src/stm32g4xx_hal_pcd_ex.c ****     USBx->BCDR &= ~(USB_BCDR_PDEN);
 205:Drivers/STM32G4xx_HAL_Driver/Src/stm32g4xx_hal_pcd_ex.c ****     HAL_Delay(50U);
 206:Drivers/STM32G4xx_HAL_Driver/Src/stm32g4xx_hal_pcd_ex.c ****     USBx->BCDR |= (USB_BCDR_SDEN);
 207:Drivers/STM32G4xx_HAL_Driver/Src/stm32g4xx_hal_pcd_ex.c ****     HAL_Delay(50U);
 208:Drivers/STM32G4xx_HAL_Driver/Src/stm32g4xx_hal_pcd_ex.c **** 
 209:Drivers/STM32G4xx_HAL_Driver/Src/stm32g4xx_hal_pcd_ex.c ****     /* If CDP ? */
 210:Drivers/STM32G4xx_HAL_Driver/Src/stm32g4xx_hal_pcd_ex.c ****     if ((USBx->BCDR & USB_BCDR_SDET) == USB_BCDR_SDET)
 211:Drivers/STM32G4xx_HAL_Driver/Src/stm32g4xx_hal_pcd_ex.c ****     {
 212:Drivers/STM32G4xx_HAL_Driver/Src/stm32g4xx_hal_pcd_ex.c ****       /* Dedicated Downstream Port DCP */
 213:Drivers/STM32G4xx_HAL_Driver/Src/stm32g4xx_hal_pcd_ex.c **** #if (USE_HAL_PCD_REGISTER_CALLBACKS == 1U)
 214:Drivers/STM32G4xx_HAL_Driver/Src/stm32g4xx_hal_pcd_ex.c ****       hpcd->BCDCallback(hpcd, PCD_BCD_DEDICATED_CHARGING_PORT);
 215:Drivers/STM32G4xx_HAL_Driver/Src/stm32g4xx_hal_pcd_ex.c **** #else
 216:Drivers/STM32G4xx_HAL_Driver/Src/stm32g4xx_hal_pcd_ex.c ****       HAL_PCDEx_BCD_Callback(hpcd, PCD_BCD_DEDICATED_CHARGING_PORT);
 217:Drivers/STM32G4xx_HAL_Driver/Src/stm32g4xx_hal_pcd_ex.c **** #endif /* USE_HAL_PCD_REGISTER_CALLBACKS */
 218:Drivers/STM32G4xx_HAL_Driver/Src/stm32g4xx_hal_pcd_ex.c ****     }
 219:Drivers/STM32G4xx_HAL_Driver/Src/stm32g4xx_hal_pcd_ex.c ****     else
 220:Drivers/STM32G4xx_HAL_Driver/Src/stm32g4xx_hal_pcd_ex.c ****     {
 221:Drivers/STM32G4xx_HAL_Driver/Src/stm32g4xx_hal_pcd_ex.c ****       /* Charging Downstream Port CDP */
 222:Drivers/STM32G4xx_HAL_Driver/Src/stm32g4xx_hal_pcd_ex.c **** #if (USE_HAL_PCD_REGISTER_CALLBACKS == 1U)
 223:Drivers/STM32G4xx_HAL_Driver/Src/stm32g4xx_hal_pcd_ex.c ****       hpcd->BCDCallback(hpcd, PCD_BCD_CHARGING_DOWNSTREAM_PORT);
 224:Drivers/STM32G4xx_HAL_Driver/Src/stm32g4xx_hal_pcd_ex.c **** #else
 225:Drivers/STM32G4xx_HAL_Driver/Src/stm32g4xx_hal_pcd_ex.c ****       HAL_PCDEx_BCD_Callback(hpcd, PCD_BCD_CHARGING_DOWNSTREAM_PORT);
 226:Drivers/STM32G4xx_HAL_Driver/Src/stm32g4xx_hal_pcd_ex.c **** #endif /* USE_HAL_PCD_REGISTER_CALLBACKS */
 227:Drivers/STM32G4xx_HAL_Driver/Src/stm32g4xx_hal_pcd_ex.c ****     }
 228:Drivers/STM32G4xx_HAL_Driver/Src/stm32g4xx_hal_pcd_ex.c ****   }
 229:Drivers/STM32G4xx_HAL_Driver/Src/stm32g4xx_hal_pcd_ex.c ****   else /* NO */
 230:Drivers/STM32G4xx_HAL_Driver/Src/stm32g4xx_hal_pcd_ex.c ****   {
ARM GAS  /var/folders/17/j_dgbcc52q10y0jc3c_zbwd80000gn/T//ccORRi95.s 			page 8


 231:Drivers/STM32G4xx_HAL_Driver/Src/stm32g4xx_hal_pcd_ex.c ****     /* Standard Downstream Port */
 232:Drivers/STM32G4xx_HAL_Driver/Src/stm32g4xx_hal_pcd_ex.c **** #if (USE_HAL_PCD_REGISTER_CALLBACKS == 1U)
 233:Drivers/STM32G4xx_HAL_Driver/Src/stm32g4xx_hal_pcd_ex.c ****     hpcd->BCDCallback(hpcd, PCD_BCD_STD_DOWNSTREAM_PORT);
 234:Drivers/STM32G4xx_HAL_Driver/Src/stm32g4xx_hal_pcd_ex.c **** #else
 235:Drivers/STM32G4xx_HAL_Driver/Src/stm32g4xx_hal_pcd_ex.c ****     HAL_PCDEx_BCD_Callback(hpcd, PCD_BCD_STD_DOWNSTREAM_PORT);
 236:Drivers/STM32G4xx_HAL_Driver/Src/stm32g4xx_hal_pcd_ex.c **** #endif /* USE_HAL_PCD_REGISTER_CALLBACKS */
 237:Drivers/STM32G4xx_HAL_Driver/Src/stm32g4xx_hal_pcd_ex.c ****   }
 238:Drivers/STM32G4xx_HAL_Driver/Src/stm32g4xx_hal_pcd_ex.c **** 
 239:Drivers/STM32G4xx_HAL_Driver/Src/stm32g4xx_hal_pcd_ex.c ****   /* Battery Charging capability discovery finished Start Enumeration */
 240:Drivers/STM32G4xx_HAL_Driver/Src/stm32g4xx_hal_pcd_ex.c ****   (void)HAL_PCDEx_DeActivateBCD(hpcd);
 241:Drivers/STM32G4xx_HAL_Driver/Src/stm32g4xx_hal_pcd_ex.c **** #if (USE_HAL_PCD_REGISTER_CALLBACKS == 1U)
 242:Drivers/STM32G4xx_HAL_Driver/Src/stm32g4xx_hal_pcd_ex.c ****   hpcd->BCDCallback(hpcd, PCD_BCD_DISCOVERY_COMPLETED);
 243:Drivers/STM32G4xx_HAL_Driver/Src/stm32g4xx_hal_pcd_ex.c **** #else
 244:Drivers/STM32G4xx_HAL_Driver/Src/stm32g4xx_hal_pcd_ex.c ****   HAL_PCDEx_BCD_Callback(hpcd, PCD_BCD_DISCOVERY_COMPLETED);
 245:Drivers/STM32G4xx_HAL_Driver/Src/stm32g4xx_hal_pcd_ex.c **** #endif /* USE_HAL_PCD_REGISTER_CALLBACKS */
 246:Drivers/STM32G4xx_HAL_Driver/Src/stm32g4xx_hal_pcd_ex.c **** }
 247:Drivers/STM32G4xx_HAL_Driver/Src/stm32g4xx_hal_pcd_ex.c **** 
 248:Drivers/STM32G4xx_HAL_Driver/Src/stm32g4xx_hal_pcd_ex.c **** 
 249:Drivers/STM32G4xx_HAL_Driver/Src/stm32g4xx_hal_pcd_ex.c **** /**
 250:Drivers/STM32G4xx_HAL_Driver/Src/stm32g4xx_hal_pcd_ex.c ****   * @brief  Activate LPM feature.
 251:Drivers/STM32G4xx_HAL_Driver/Src/stm32g4xx_hal_pcd_ex.c ****   * @param  hpcd PCD handle
 252:Drivers/STM32G4xx_HAL_Driver/Src/stm32g4xx_hal_pcd_ex.c ****   * @retval HAL status
 253:Drivers/STM32G4xx_HAL_Driver/Src/stm32g4xx_hal_pcd_ex.c ****   */
 254:Drivers/STM32G4xx_HAL_Driver/Src/stm32g4xx_hal_pcd_ex.c **** HAL_StatusTypeDef HAL_PCDEx_ActivateLPM(PCD_HandleTypeDef *hpcd)
 255:Drivers/STM32G4xx_HAL_Driver/Src/stm32g4xx_hal_pcd_ex.c **** {
 174              		.loc 1 255 0
 175              		.cfi_startproc
 176              		@ args = 0, pretend = 0, frame = 0
 177              		@ frame_needed = 0, uses_anonymous_args = 0
 178              		@ link register save eliminated.
 179              	.LVL15:
 180 0000 0246     		mov	r2, r0
 256:Drivers/STM32G4xx_HAL_Driver/Src/stm32g4xx_hal_pcd_ex.c **** 
 257:Drivers/STM32G4xx_HAL_Driver/Src/stm32g4xx_hal_pcd_ex.c ****   USB_TypeDef *USBx = hpcd->Instance;
 181              		.loc 1 257 0
 182 0002 0368     		ldr	r3, [r0]
 183              	.LVL16:
 258:Drivers/STM32G4xx_HAL_Driver/Src/stm32g4xx_hal_pcd_ex.c ****   hpcd->lpm_active = 1U;
 184              		.loc 1 258 0
 185 0004 0121     		movs	r1, #1
 186 0006 C0F86812 		str	r1, [r0, #616]
 259:Drivers/STM32G4xx_HAL_Driver/Src/stm32g4xx_hal_pcd_ex.c ****   hpcd->LPM_State = LPM_L0;
 187              		.loc 1 259 0
 188 000a 0020     		movs	r0, #0
 189              	.LVL17:
 190 000c 82F86002 		strb	r0, [r2, #608]
 260:Drivers/STM32G4xx_HAL_Driver/Src/stm32g4xx_hal_pcd_ex.c **** 
 261:Drivers/STM32G4xx_HAL_Driver/Src/stm32g4xx_hal_pcd_ex.c ****   USBx->LPMCSR |= USB_LPMCSR_LMPEN;
 191              		.loc 1 261 0
 192 0010 B3F85420 		ldrh	r2, [r3, #84]
 193              	.LVL18:
 194 0014 0A43     		orrs	r2, r2, r1
 195 0016 A3F85420 		strh	r2, [r3, #84]	@ movhi
 262:Drivers/STM32G4xx_HAL_Driver/Src/stm32g4xx_hal_pcd_ex.c ****   USBx->LPMCSR |= USB_LPMCSR_LPMACK;
 196              		.loc 1 262 0
 197 001a B3F85420 		ldrh	r2, [r3, #84]
 198 001e 42F00202 		orr	r2, r2, #2
ARM GAS  /var/folders/17/j_dgbcc52q10y0jc3c_zbwd80000gn/T//ccORRi95.s 			page 9


 199 0022 A3F85420 		strh	r2, [r3, #84]	@ movhi
 263:Drivers/STM32G4xx_HAL_Driver/Src/stm32g4xx_hal_pcd_ex.c **** 
 264:Drivers/STM32G4xx_HAL_Driver/Src/stm32g4xx_hal_pcd_ex.c ****   return HAL_OK;
 265:Drivers/STM32G4xx_HAL_Driver/Src/stm32g4xx_hal_pcd_ex.c **** }
 200              		.loc 1 265 0
 201 0026 7047     		bx	lr
 202              		.cfi_endproc
 203              	.LFE134:
 205              		.section	.text.HAL_PCDEx_DeActivateLPM,"ax",%progbits
 206              		.align	1
 207              		.global	HAL_PCDEx_DeActivateLPM
 208              		.syntax unified
 209              		.thumb
 210              		.thumb_func
 211              		.fpu fpv5-sp-d16
 213              	HAL_PCDEx_DeActivateLPM:
 214              	.LFB135:
 266:Drivers/STM32G4xx_HAL_Driver/Src/stm32g4xx_hal_pcd_ex.c **** 
 267:Drivers/STM32G4xx_HAL_Driver/Src/stm32g4xx_hal_pcd_ex.c **** /**
 268:Drivers/STM32G4xx_HAL_Driver/Src/stm32g4xx_hal_pcd_ex.c ****   * @brief  Deactivate LPM feature.
 269:Drivers/STM32G4xx_HAL_Driver/Src/stm32g4xx_hal_pcd_ex.c ****   * @param  hpcd PCD handle
 270:Drivers/STM32G4xx_HAL_Driver/Src/stm32g4xx_hal_pcd_ex.c ****   * @retval HAL status
 271:Drivers/STM32G4xx_HAL_Driver/Src/stm32g4xx_hal_pcd_ex.c ****   */
 272:Drivers/STM32G4xx_HAL_Driver/Src/stm32g4xx_hal_pcd_ex.c **** HAL_StatusTypeDef HAL_PCDEx_DeActivateLPM(PCD_HandleTypeDef *hpcd)
 273:Drivers/STM32G4xx_HAL_Driver/Src/stm32g4xx_hal_pcd_ex.c **** {
 215              		.loc 1 273 0
 216              		.cfi_startproc
 217              		@ args = 0, pretend = 0, frame = 0
 218              		@ frame_needed = 0, uses_anonymous_args = 0
 219              		@ link register save eliminated.
 220              	.LVL19:
 274:Drivers/STM32G4xx_HAL_Driver/Src/stm32g4xx_hal_pcd_ex.c ****   USB_TypeDef *USBx = hpcd->Instance;
 221              		.loc 1 274 0
 222 0000 0268     		ldr	r2, [r0]
 223              	.LVL20:
 275:Drivers/STM32G4xx_HAL_Driver/Src/stm32g4xx_hal_pcd_ex.c **** 
 276:Drivers/STM32G4xx_HAL_Driver/Src/stm32g4xx_hal_pcd_ex.c ****   hpcd->lpm_active = 0U;
 224              		.loc 1 276 0
 225 0002 0021     		movs	r1, #0
 226 0004 C0F86812 		str	r1, [r0, #616]
 277:Drivers/STM32G4xx_HAL_Driver/Src/stm32g4xx_hal_pcd_ex.c **** 
 278:Drivers/STM32G4xx_HAL_Driver/Src/stm32g4xx_hal_pcd_ex.c ****   USBx->LPMCSR &= ~(USB_LPMCSR_LMPEN);
 227              		.loc 1 278 0
 228 0008 B2F85430 		ldrh	r3, [r2, #84]
 229 000c 9BB2     		uxth	r3, r3
 230 000e 23F00103 		bic	r3, r3, #1
 231 0012 9BB2     		uxth	r3, r3
 232 0014 A2F85430 		strh	r3, [r2, #84]	@ movhi
 279:Drivers/STM32G4xx_HAL_Driver/Src/stm32g4xx_hal_pcd_ex.c ****   USBx->LPMCSR &= ~(USB_LPMCSR_LPMACK);
 233              		.loc 1 279 0
 234 0018 B2F85430 		ldrh	r3, [r2, #84]
 235 001c 9BB2     		uxth	r3, r3
 236 001e 23F00203 		bic	r3, r3, #2
 237 0022 9BB2     		uxth	r3, r3
 238 0024 A2F85430 		strh	r3, [r2, #84]	@ movhi
 280:Drivers/STM32G4xx_HAL_Driver/Src/stm32g4xx_hal_pcd_ex.c **** 
 281:Drivers/STM32G4xx_HAL_Driver/Src/stm32g4xx_hal_pcd_ex.c ****   return HAL_OK;
ARM GAS  /var/folders/17/j_dgbcc52q10y0jc3c_zbwd80000gn/T//ccORRi95.s 			page 10


 282:Drivers/STM32G4xx_HAL_Driver/Src/stm32g4xx_hal_pcd_ex.c **** }
 239              		.loc 1 282 0
 240 0028 0846     		mov	r0, r1
 241              	.LVL21:
 242 002a 7047     		bx	lr
 243              		.cfi_endproc
 244              	.LFE135:
 246              		.section	.text.HAL_PCDEx_LPM_Callback,"ax",%progbits
 247              		.align	1
 248              		.weak	HAL_PCDEx_LPM_Callback
 249              		.syntax unified
 250              		.thumb
 251              		.thumb_func
 252              		.fpu fpv5-sp-d16
 254              	HAL_PCDEx_LPM_Callback:
 255              	.LFB136:
 283:Drivers/STM32G4xx_HAL_Driver/Src/stm32g4xx_hal_pcd_ex.c **** 
 284:Drivers/STM32G4xx_HAL_Driver/Src/stm32g4xx_hal_pcd_ex.c **** 
 285:Drivers/STM32G4xx_HAL_Driver/Src/stm32g4xx_hal_pcd_ex.c **** 
 286:Drivers/STM32G4xx_HAL_Driver/Src/stm32g4xx_hal_pcd_ex.c **** /**
 287:Drivers/STM32G4xx_HAL_Driver/Src/stm32g4xx_hal_pcd_ex.c ****   * @brief  Send LPM message to user layer callback.
 288:Drivers/STM32G4xx_HAL_Driver/Src/stm32g4xx_hal_pcd_ex.c ****   * @param  hpcd PCD handle
 289:Drivers/STM32G4xx_HAL_Driver/Src/stm32g4xx_hal_pcd_ex.c ****   * @param  msg LPM message
 290:Drivers/STM32G4xx_HAL_Driver/Src/stm32g4xx_hal_pcd_ex.c ****   * @retval HAL status
 291:Drivers/STM32G4xx_HAL_Driver/Src/stm32g4xx_hal_pcd_ex.c ****   */
 292:Drivers/STM32G4xx_HAL_Driver/Src/stm32g4xx_hal_pcd_ex.c **** __weak void HAL_PCDEx_LPM_Callback(PCD_HandleTypeDef *hpcd, PCD_LPM_MsgTypeDef msg)
 293:Drivers/STM32G4xx_HAL_Driver/Src/stm32g4xx_hal_pcd_ex.c **** {
 256              		.loc 1 293 0
 257              		.cfi_startproc
 258              		@ args = 0, pretend = 0, frame = 0
 259              		@ frame_needed = 0, uses_anonymous_args = 0
 260              		@ link register save eliminated.
 261              	.LVL22:
 294:Drivers/STM32G4xx_HAL_Driver/Src/stm32g4xx_hal_pcd_ex.c ****   /* Prevent unused argument(s) compilation warning */
 295:Drivers/STM32G4xx_HAL_Driver/Src/stm32g4xx_hal_pcd_ex.c ****   UNUSED(hpcd);
 296:Drivers/STM32G4xx_HAL_Driver/Src/stm32g4xx_hal_pcd_ex.c ****   UNUSED(msg);
 297:Drivers/STM32G4xx_HAL_Driver/Src/stm32g4xx_hal_pcd_ex.c **** 
 298:Drivers/STM32G4xx_HAL_Driver/Src/stm32g4xx_hal_pcd_ex.c ****   /* NOTE : This function should not be modified, when the callback is needed,
 299:Drivers/STM32G4xx_HAL_Driver/Src/stm32g4xx_hal_pcd_ex.c ****             the HAL_PCDEx_LPM_Callback could be implemented in the user file
 300:Drivers/STM32G4xx_HAL_Driver/Src/stm32g4xx_hal_pcd_ex.c ****    */
 301:Drivers/STM32G4xx_HAL_Driver/Src/stm32g4xx_hal_pcd_ex.c **** }
 262              		.loc 1 301 0
 263 0000 7047     		bx	lr
 264              		.cfi_endproc
 265              	.LFE136:
 267              		.section	.text.HAL_PCDEx_BCD_Callback,"ax",%progbits
 268              		.align	1
 269              		.weak	HAL_PCDEx_BCD_Callback
 270              		.syntax unified
 271              		.thumb
 272              		.thumb_func
 273              		.fpu fpv5-sp-d16
 275              	HAL_PCDEx_BCD_Callback:
 276              	.LFB137:
 302:Drivers/STM32G4xx_HAL_Driver/Src/stm32g4xx_hal_pcd_ex.c **** 
 303:Drivers/STM32G4xx_HAL_Driver/Src/stm32g4xx_hal_pcd_ex.c **** /**
 304:Drivers/STM32G4xx_HAL_Driver/Src/stm32g4xx_hal_pcd_ex.c ****   * @brief  Send BatteryCharging message to user layer callback.
ARM GAS  /var/folders/17/j_dgbcc52q10y0jc3c_zbwd80000gn/T//ccORRi95.s 			page 11


 305:Drivers/STM32G4xx_HAL_Driver/Src/stm32g4xx_hal_pcd_ex.c ****   * @param  hpcd PCD handle
 306:Drivers/STM32G4xx_HAL_Driver/Src/stm32g4xx_hal_pcd_ex.c ****   * @param  msg LPM message
 307:Drivers/STM32G4xx_HAL_Driver/Src/stm32g4xx_hal_pcd_ex.c ****   * @retval HAL status
 308:Drivers/STM32G4xx_HAL_Driver/Src/stm32g4xx_hal_pcd_ex.c ****   */
 309:Drivers/STM32G4xx_HAL_Driver/Src/stm32g4xx_hal_pcd_ex.c **** __weak void HAL_PCDEx_BCD_Callback(PCD_HandleTypeDef *hpcd, PCD_BCD_MsgTypeDef msg)
 310:Drivers/STM32G4xx_HAL_Driver/Src/stm32g4xx_hal_pcd_ex.c **** {
 277              		.loc 1 310 0
 278              		.cfi_startproc
 279              		@ args = 0, pretend = 0, frame = 0
 280              		@ frame_needed = 0, uses_anonymous_args = 0
 281              		@ link register save eliminated.
 282              	.LVL23:
 311:Drivers/STM32G4xx_HAL_Driver/Src/stm32g4xx_hal_pcd_ex.c ****   /* Prevent unused argument(s) compilation warning */
 312:Drivers/STM32G4xx_HAL_Driver/Src/stm32g4xx_hal_pcd_ex.c ****   UNUSED(hpcd);
 313:Drivers/STM32G4xx_HAL_Driver/Src/stm32g4xx_hal_pcd_ex.c ****   UNUSED(msg);
 314:Drivers/STM32G4xx_HAL_Driver/Src/stm32g4xx_hal_pcd_ex.c **** 
 315:Drivers/STM32G4xx_HAL_Driver/Src/stm32g4xx_hal_pcd_ex.c ****   /* NOTE : This function should not be modified, when the callback is needed,
 316:Drivers/STM32G4xx_HAL_Driver/Src/stm32g4xx_hal_pcd_ex.c ****             the HAL_PCDEx_BCD_Callback could be implemented in the user file
 317:Drivers/STM32G4xx_HAL_Driver/Src/stm32g4xx_hal_pcd_ex.c ****    */
 318:Drivers/STM32G4xx_HAL_Driver/Src/stm32g4xx_hal_pcd_ex.c **** }
 283              		.loc 1 318 0
 284 0000 7047     		bx	lr
 285              		.cfi_endproc
 286              	.LFE137:
 288              		.section	.text.HAL_PCDEx_BCD_VBUSDetect,"ax",%progbits
 289              		.align	1
 290              		.global	HAL_PCDEx_BCD_VBUSDetect
 291              		.syntax unified
 292              		.thumb
 293              		.thumb_func
 294              		.fpu fpv5-sp-d16
 296              	HAL_PCDEx_BCD_VBUSDetect:
 297              	.LFB133:
 161:Drivers/STM32G4xx_HAL_Driver/Src/stm32g4xx_hal_pcd_ex.c ****   USB_TypeDef *USBx = hpcd->Instance;
 298              		.loc 1 161 0
 299              		.cfi_startproc
 300              		@ args = 0, pretend = 0, frame = 0
 301              		@ frame_needed = 0, uses_anonymous_args = 0
 302              	.LVL24:
 303 0000 70B5     		push	{r4, r5, r6, lr}
 304              		.cfi_def_cfa_offset 16
 305              		.cfi_offset 4, -16
 306              		.cfi_offset 5, -12
 307              		.cfi_offset 6, -8
 308              		.cfi_offset 14, -4
 309 0002 0646     		mov	r6, r0
 162:Drivers/STM32G4xx_HAL_Driver/Src/stm32g4xx_hal_pcd_ex.c ****   uint32_t tickstart = HAL_GetTick();
 310              		.loc 1 162 0
 311 0004 0468     		ldr	r4, [r0]
 312              	.LVL25:
 163:Drivers/STM32G4xx_HAL_Driver/Src/stm32g4xx_hal_pcd_ex.c **** 
 313              		.loc 1 163 0
 314 0006 FFF7FEFF 		bl	HAL_GetTick
 315              	.LVL26:
 316 000a 0546     		mov	r5, r0
 317              	.LVL27:
 318              	.L14:
ARM GAS  /var/folders/17/j_dgbcc52q10y0jc3c_zbwd80000gn/T//ccORRi95.s 			page 12


 166:Drivers/STM32G4xx_HAL_Driver/Src/stm32g4xx_hal_pcd_ex.c ****   {
 319              		.loc 1 166 0
 320 000c B4F85830 		ldrh	r3, [r4, #88]
 321 0010 13F0100F 		tst	r3, #16
 322 0014 0AD1     		bne	.L22
 169:Drivers/STM32G4xx_HAL_Driver/Src/stm32g4xx_hal_pcd_ex.c ****     {
 323              		.loc 1 169 0
 324 0016 FFF7FEFF 		bl	HAL_GetTick
 325              	.LVL28:
 326 001a 401B     		subs	r0, r0, r5
 327 001c B0F57A7F 		cmp	r0, #1000
 328 0020 F4D9     		bls	.L14
 174:Drivers/STM32G4xx_HAL_Driver/Src/stm32g4xx_hal_pcd_ex.c **** #endif /* USE_HAL_PCD_REGISTER_CALLBACKS */
 329              		.loc 1 174 0
 330 0022 FF21     		movs	r1, #255
 331 0024 3046     		mov	r0, r6
 332 0026 FFF7FEFF 		bl	HAL_PCDEx_BCD_Callback
 333              	.LVL29:
 177:Drivers/STM32G4xx_HAL_Driver/Src/stm32g4xx_hal_pcd_ex.c ****     }
 334              		.loc 1 177 0
 335 002a 53E0     		b	.L13
 336              	.L22:
 181:Drivers/STM32G4xx_HAL_Driver/Src/stm32g4xx_hal_pcd_ex.c **** 
 337              		.loc 1 181 0
 338 002c C820     		movs	r0, #200
 339 002e FFF7FEFF 		bl	HAL_Delay
 340              	.LVL30:
 184:Drivers/STM32G4xx_HAL_Driver/Src/stm32g4xx_hal_pcd_ex.c ****   {
 341              		.loc 1 184 0
 342 0032 B4F85830 		ldrh	r3, [r4, #88]
 343 0036 13F0100F 		tst	r3, #16
 344 003a 36D1     		bne	.L23
 345              	.L17:
 194:Drivers/STM32G4xx_HAL_Driver/Src/stm32g4xx_hal_pcd_ex.c ****   HAL_Delay(50U);
 346              		.loc 1 194 0
 347 003c B4F85830 		ldrh	r3, [r4, #88]
 348 0040 9BB2     		uxth	r3, r3
 349 0042 23F00203 		bic	r3, r3, #2
 350 0046 9BB2     		uxth	r3, r3
 351 0048 A4F85830 		strh	r3, [r4, #88]	@ movhi
 195:Drivers/STM32G4xx_HAL_Driver/Src/stm32g4xx_hal_pcd_ex.c ****   USBx->BCDR |= (USB_BCDR_PDEN);
 352              		.loc 1 195 0
 353 004c 3220     		movs	r0, #50
 354 004e FFF7FEFF 		bl	HAL_Delay
 355              	.LVL31:
 196:Drivers/STM32G4xx_HAL_Driver/Src/stm32g4xx_hal_pcd_ex.c ****   HAL_Delay(50U);
 356              		.loc 1 196 0
 357 0052 B4F85830 		ldrh	r3, [r4, #88]
 358 0056 43F00403 		orr	r3, r3, #4
 359 005a A4F85830 		strh	r3, [r4, #88]	@ movhi
 197:Drivers/STM32G4xx_HAL_Driver/Src/stm32g4xx_hal_pcd_ex.c **** 
 360              		.loc 1 197 0
 361 005e 3220     		movs	r0, #50
 362 0060 FFF7FEFF 		bl	HAL_Delay
 363              	.LVL32:
 200:Drivers/STM32G4xx_HAL_Driver/Src/stm32g4xx_hal_pcd_ex.c ****   {
 364              		.loc 1 200 0
ARM GAS  /var/folders/17/j_dgbcc52q10y0jc3c_zbwd80000gn/T//ccORRi95.s 			page 13


 365 0064 B4F85830 		ldrh	r3, [r4, #88]
 366 0068 13F0200F 		tst	r3, #32
 367 006c 27D0     		beq	.L18
 204:Drivers/STM32G4xx_HAL_Driver/Src/stm32g4xx_hal_pcd_ex.c ****     HAL_Delay(50U);
 368              		.loc 1 204 0
 369 006e B4F85830 		ldrh	r3, [r4, #88]
 370 0072 9BB2     		uxth	r3, r3
 371 0074 23F00403 		bic	r3, r3, #4
 372 0078 9BB2     		uxth	r3, r3
 373 007a A4F85830 		strh	r3, [r4, #88]	@ movhi
 205:Drivers/STM32G4xx_HAL_Driver/Src/stm32g4xx_hal_pcd_ex.c ****     USBx->BCDR |= (USB_BCDR_SDEN);
 374              		.loc 1 205 0
 375 007e 3220     		movs	r0, #50
 376 0080 FFF7FEFF 		bl	HAL_Delay
 377              	.LVL33:
 206:Drivers/STM32G4xx_HAL_Driver/Src/stm32g4xx_hal_pcd_ex.c ****     HAL_Delay(50U);
 378              		.loc 1 206 0
 379 0084 B4F85830 		ldrh	r3, [r4, #88]
 380 0088 43F00803 		orr	r3, r3, #8
 381 008c A4F85830 		strh	r3, [r4, #88]	@ movhi
 207:Drivers/STM32G4xx_HAL_Driver/Src/stm32g4xx_hal_pcd_ex.c **** 
 382              		.loc 1 207 0
 383 0090 3220     		movs	r0, #50
 384 0092 FFF7FEFF 		bl	HAL_Delay
 385              	.LVL34:
 210:Drivers/STM32G4xx_HAL_Driver/Src/stm32g4xx_hal_pcd_ex.c ****     {
 386              		.loc 1 210 0
 387 0096 B4F85830 		ldrh	r3, [r4, #88]
 388 009a 13F0400F 		tst	r3, #64
 389 009e 09D0     		beq	.L19
 216:Drivers/STM32G4xx_HAL_Driver/Src/stm32g4xx_hal_pcd_ex.c **** #endif /* USE_HAL_PCD_REGISTER_CALLBACKS */
 390              		.loc 1 216 0
 391 00a0 FB21     		movs	r1, #251
 392 00a2 3046     		mov	r0, r6
 393 00a4 FFF7FEFF 		bl	HAL_PCDEx_BCD_Callback
 394              	.LVL35:
 395 00a8 0DE0     		b	.L20
 396              	.L23:
 189:Drivers/STM32G4xx_HAL_Driver/Src/stm32g4xx_hal_pcd_ex.c **** #endif /* USE_HAL_PCD_REGISTER_CALLBACKS */
 397              		.loc 1 189 0
 398 00aa FE21     		movs	r1, #254
 399 00ac 3046     		mov	r0, r6
 400 00ae FFF7FEFF 		bl	HAL_PCDEx_BCD_Callback
 401              	.LVL36:
 402 00b2 C3E7     		b	.L17
 403              	.L19:
 225:Drivers/STM32G4xx_HAL_Driver/Src/stm32g4xx_hal_pcd_ex.c **** #endif /* USE_HAL_PCD_REGISTER_CALLBACKS */
 404              		.loc 1 225 0
 405 00b4 FC21     		movs	r1, #252
 406 00b6 3046     		mov	r0, r6
 407 00b8 FFF7FEFF 		bl	HAL_PCDEx_BCD_Callback
 408              	.LVL37:
 409 00bc 03E0     		b	.L20
 410              	.L18:
 235:Drivers/STM32G4xx_HAL_Driver/Src/stm32g4xx_hal_pcd_ex.c **** #endif /* USE_HAL_PCD_REGISTER_CALLBACKS */
 411              		.loc 1 235 0
 412 00be FD21     		movs	r1, #253
ARM GAS  /var/folders/17/j_dgbcc52q10y0jc3c_zbwd80000gn/T//ccORRi95.s 			page 14


 413 00c0 3046     		mov	r0, r6
 414 00c2 FFF7FEFF 		bl	HAL_PCDEx_BCD_Callback
 415              	.LVL38:
 416              	.L20:
 240:Drivers/STM32G4xx_HAL_Driver/Src/stm32g4xx_hal_pcd_ex.c **** #if (USE_HAL_PCD_REGISTER_CALLBACKS == 1U)
 417              		.loc 1 240 0
 418 00c6 3046     		mov	r0, r6
 419 00c8 FFF7FEFF 		bl	HAL_PCDEx_DeActivateBCD
 420              	.LVL39:
 244:Drivers/STM32G4xx_HAL_Driver/Src/stm32g4xx_hal_pcd_ex.c **** #endif /* USE_HAL_PCD_REGISTER_CALLBACKS */
 421              		.loc 1 244 0
 422 00cc 0021     		movs	r1, #0
 423 00ce 3046     		mov	r0, r6
 424 00d0 FFF7FEFF 		bl	HAL_PCDEx_BCD_Callback
 425              	.LVL40:
 426              	.L13:
 246:Drivers/STM32G4xx_HAL_Driver/Src/stm32g4xx_hal_pcd_ex.c **** 
 427              		.loc 1 246 0
 428 00d4 70BD     		pop	{r4, r5, r6, pc}
 429              		.cfi_endproc
 430              	.LFE133:
 432              		.text
 433              	.Letext0:
 434              		.file 2 "/Users/grantham/packages/gcc-arm-none-eabi-7-2018-q2-update/arm-none-eabi/include/machine
 435              		.file 3 "/Users/grantham/packages/gcc-arm-none-eabi-7-2018-q2-update/arm-none-eabi/include/sys/_st
 436              		.file 4 "Drivers/CMSIS/Include/core_cm4.h"
 437              		.file 5 "Drivers/CMSIS/Device/ST/STM32G4xx/Include/system_stm32g4xx.h"
 438              		.file 6 "Drivers/CMSIS/Device/ST/STM32G4xx/Include/stm32g431xx.h"
 439              		.file 7 "Drivers/STM32G4xx_HAL_Driver/Inc/stm32g4xx_hal_def.h"
 440              		.file 8 "Drivers/STM32G4xx_HAL_Driver/Inc/stm32g4xx_hal_flash.h"
 441              		.file 9 "Drivers/STM32G4xx_HAL_Driver/Inc/stm32g4xx_ll_usb.h"
 442              		.file 10 "Drivers/STM32G4xx_HAL_Driver/Inc/stm32g4xx_hal_pcd.h"
 443              		.file 11 "Drivers/STM32G4xx_HAL_Driver/Inc/stm32g4xx_hal.h"
ARM GAS  /var/folders/17/j_dgbcc52q10y0jc3c_zbwd80000gn/T//ccORRi95.s 			page 15


DEFINED SYMBOLS
                            *ABS*:0000000000000000 stm32g4xx_hal_pcd_ex.c
/var/folders/17/j_dgbcc52q10y0jc3c_zbwd80000gn/T//ccORRi95.s:18     .text.HAL_PCDEx_PMAConfig:0000000000000000 $t
/var/folders/17/j_dgbcc52q10y0jc3c_zbwd80000gn/T//ccORRi95.s:25     .text.HAL_PCDEx_PMAConfig:0000000000000000 HAL_PCDEx_PMAConfig
/var/folders/17/j_dgbcc52q10y0jc3c_zbwd80000gn/T//ccORRi95.s:81     .text.HAL_PCDEx_ActivateBCD:0000000000000000 $t
/var/folders/17/j_dgbcc52q10y0jc3c_zbwd80000gn/T//ccORRi95.s:88     .text.HAL_PCDEx_ActivateBCD:0000000000000000 HAL_PCDEx_ActivateBCD
/var/folders/17/j_dgbcc52q10y0jc3c_zbwd80000gn/T//ccORRi95.s:130    .text.HAL_PCDEx_DeActivateBCD:0000000000000000 $t
/var/folders/17/j_dgbcc52q10y0jc3c_zbwd80000gn/T//ccORRi95.s:137    .text.HAL_PCDEx_DeActivateBCD:0000000000000000 HAL_PCDEx_DeActivateBCD
/var/folders/17/j_dgbcc52q10y0jc3c_zbwd80000gn/T//ccORRi95.s:165    .text.HAL_PCDEx_ActivateLPM:0000000000000000 $t
/var/folders/17/j_dgbcc52q10y0jc3c_zbwd80000gn/T//ccORRi95.s:172    .text.HAL_PCDEx_ActivateLPM:0000000000000000 HAL_PCDEx_ActivateLPM
/var/folders/17/j_dgbcc52q10y0jc3c_zbwd80000gn/T//ccORRi95.s:206    .text.HAL_PCDEx_DeActivateLPM:0000000000000000 $t
/var/folders/17/j_dgbcc52q10y0jc3c_zbwd80000gn/T//ccORRi95.s:213    .text.HAL_PCDEx_DeActivateLPM:0000000000000000 HAL_PCDEx_DeActivateLPM
/var/folders/17/j_dgbcc52q10y0jc3c_zbwd80000gn/T//ccORRi95.s:247    .text.HAL_PCDEx_LPM_Callback:0000000000000000 $t
/var/folders/17/j_dgbcc52q10y0jc3c_zbwd80000gn/T//ccORRi95.s:254    .text.HAL_PCDEx_LPM_Callback:0000000000000000 HAL_PCDEx_LPM_Callback
/var/folders/17/j_dgbcc52q10y0jc3c_zbwd80000gn/T//ccORRi95.s:268    .text.HAL_PCDEx_BCD_Callback:0000000000000000 $t
/var/folders/17/j_dgbcc52q10y0jc3c_zbwd80000gn/T//ccORRi95.s:275    .text.HAL_PCDEx_BCD_Callback:0000000000000000 HAL_PCDEx_BCD_Callback
/var/folders/17/j_dgbcc52q10y0jc3c_zbwd80000gn/T//ccORRi95.s:289    .text.HAL_PCDEx_BCD_VBUSDetect:0000000000000000 $t
/var/folders/17/j_dgbcc52q10y0jc3c_zbwd80000gn/T//ccORRi95.s:296    .text.HAL_PCDEx_BCD_VBUSDetect:0000000000000000 HAL_PCDEx_BCD_VBUSDetect

UNDEFINED SYMBOLS
HAL_GetTick
HAL_Delay
