ARM GAS  /var/folders/17/j_dgbcc52q10y0jc3c_zbwd80000gn/T//ccGXFH95.s 			page 1


   1              		.cpu cortex-m7
   2              		.eabi_attribute 27, 1
   3              		.eabi_attribute 28, 1
   4              		.eabi_attribute 20, 1
   5              		.eabi_attribute 21, 1
   6              		.eabi_attribute 23, 3
   7              		.eabi_attribute 24, 1
   8              		.eabi_attribute 25, 1
   9              		.eabi_attribute 26, 1
  10              		.eabi_attribute 30, 1
  11              		.eabi_attribute 34, 1
  12              		.eabi_attribute 18, 4
  13              		.file	"stm32g4xx_hal_exti.c"
  14              		.text
  15              	.Ltext0:
  16              		.cfi_sections	.debug_frame
  17              		.section	.text.HAL_EXTI_SetConfigLine,"ax",%progbits
  18              		.align	1
  19              		.global	HAL_EXTI_SetConfigLine
  20              		.syntax unified
  21              		.thumb
  22              		.thumb_func
  23              		.fpu fpv5-sp-d16
  25              	HAL_EXTI_SetConfigLine:
  26              	.LFB130:
  27              		.file 1 "Drivers/STM32G4xx_HAL_Driver/Src/stm32g4xx_hal_exti.c"
   1:Drivers/STM32G4xx_HAL_Driver/Src/stm32g4xx_hal_exti.c **** /**
   2:Drivers/STM32G4xx_HAL_Driver/Src/stm32g4xx_hal_exti.c ****   ******************************************************************************
   3:Drivers/STM32G4xx_HAL_Driver/Src/stm32g4xx_hal_exti.c ****   * @file    stm32g4xx_hal_exti.c
   4:Drivers/STM32G4xx_HAL_Driver/Src/stm32g4xx_hal_exti.c ****   * @author  MCD Application Team
   5:Drivers/STM32G4xx_HAL_Driver/Src/stm32g4xx_hal_exti.c ****   * @brief   EXTI HAL module driver.
   6:Drivers/STM32G4xx_HAL_Driver/Src/stm32g4xx_hal_exti.c ****   *          This file provides firmware functions to manage the following
   7:Drivers/STM32G4xx_HAL_Driver/Src/stm32g4xx_hal_exti.c ****   *          functionalities of the Extended Interrupts and events controller (EXTI) peripheral:
   8:Drivers/STM32G4xx_HAL_Driver/Src/stm32g4xx_hal_exti.c ****   *          functionalities of the General Purpose Input/Output (EXTI) peripheral:
   9:Drivers/STM32G4xx_HAL_Driver/Src/stm32g4xx_hal_exti.c ****   *           + Initialization and de-initialization functions
  10:Drivers/STM32G4xx_HAL_Driver/Src/stm32g4xx_hal_exti.c ****   *           + IO operation functions
  11:Drivers/STM32G4xx_HAL_Driver/Src/stm32g4xx_hal_exti.c ****   *
  12:Drivers/STM32G4xx_HAL_Driver/Src/stm32g4xx_hal_exti.c ****   @verbatim
  13:Drivers/STM32G4xx_HAL_Driver/Src/stm32g4xx_hal_exti.c ****   ==============================================================================
  14:Drivers/STM32G4xx_HAL_Driver/Src/stm32g4xx_hal_exti.c ****                     ##### EXTI Peripheral features #####
  15:Drivers/STM32G4xx_HAL_Driver/Src/stm32g4xx_hal_exti.c ****   ==============================================================================
  16:Drivers/STM32G4xx_HAL_Driver/Src/stm32g4xx_hal_exti.c ****   [..]
  17:Drivers/STM32G4xx_HAL_Driver/Src/stm32g4xx_hal_exti.c ****     (+) Each Exti line can be configured within this driver.
  18:Drivers/STM32G4xx_HAL_Driver/Src/stm32g4xx_hal_exti.c **** 
  19:Drivers/STM32G4xx_HAL_Driver/Src/stm32g4xx_hal_exti.c ****     (+) Exti line can be configured in 3 different modes
  20:Drivers/STM32G4xx_HAL_Driver/Src/stm32g4xx_hal_exti.c ****         (++) Interrupt
  21:Drivers/STM32G4xx_HAL_Driver/Src/stm32g4xx_hal_exti.c ****         (++) Event
  22:Drivers/STM32G4xx_HAL_Driver/Src/stm32g4xx_hal_exti.c ****         (++) Both of them
  23:Drivers/STM32G4xx_HAL_Driver/Src/stm32g4xx_hal_exti.c **** 
  24:Drivers/STM32G4xx_HAL_Driver/Src/stm32g4xx_hal_exti.c ****     (+) Configurable Exti lines can be configured with 3 different triggers
  25:Drivers/STM32G4xx_HAL_Driver/Src/stm32g4xx_hal_exti.c ****         (++) Rising
  26:Drivers/STM32G4xx_HAL_Driver/Src/stm32g4xx_hal_exti.c ****         (++) Falling
  27:Drivers/STM32G4xx_HAL_Driver/Src/stm32g4xx_hal_exti.c ****         (++) Both of them
  28:Drivers/STM32G4xx_HAL_Driver/Src/stm32g4xx_hal_exti.c **** 
  29:Drivers/STM32G4xx_HAL_Driver/Src/stm32g4xx_hal_exti.c ****     (+) When set in interrupt mode, configurable Exti lines have two different
  30:Drivers/STM32G4xx_HAL_Driver/Src/stm32g4xx_hal_exti.c ****         interrupt pending registers which allow to distinguish which transition
  31:Drivers/STM32G4xx_HAL_Driver/Src/stm32g4xx_hal_exti.c ****         occurs:
ARM GAS  /var/folders/17/j_dgbcc52q10y0jc3c_zbwd80000gn/T//ccGXFH95.s 			page 2


  32:Drivers/STM32G4xx_HAL_Driver/Src/stm32g4xx_hal_exti.c ****         (++) Rising edge pending interrupt
  33:Drivers/STM32G4xx_HAL_Driver/Src/stm32g4xx_hal_exti.c ****         (++) Falling
  34:Drivers/STM32G4xx_HAL_Driver/Src/stm32g4xx_hal_exti.c **** 
  35:Drivers/STM32G4xx_HAL_Driver/Src/stm32g4xx_hal_exti.c ****     (+) Exti lines 0 to 15 are linked to gpio pin number 0 to 15. Gpio port can
  36:Drivers/STM32G4xx_HAL_Driver/Src/stm32g4xx_hal_exti.c ****         be selected through multiplexer.
  37:Drivers/STM32G4xx_HAL_Driver/Src/stm32g4xx_hal_exti.c **** 
  38:Drivers/STM32G4xx_HAL_Driver/Src/stm32g4xx_hal_exti.c ****                      ##### How to use this driver #####
  39:Drivers/STM32G4xx_HAL_Driver/Src/stm32g4xx_hal_exti.c ****   ==============================================================================
  40:Drivers/STM32G4xx_HAL_Driver/Src/stm32g4xx_hal_exti.c ****   [..]
  41:Drivers/STM32G4xx_HAL_Driver/Src/stm32g4xx_hal_exti.c **** 
  42:Drivers/STM32G4xx_HAL_Driver/Src/stm32g4xx_hal_exti.c ****     (#) Configure the EXTI line using HAL_EXTI_SetConfigLine().
  43:Drivers/STM32G4xx_HAL_Driver/Src/stm32g4xx_hal_exti.c ****         (++) Choose the interrupt line number by setting "Line" member from
  44:Drivers/STM32G4xx_HAL_Driver/Src/stm32g4xx_hal_exti.c ****              EXTI_ConfigTypeDef structure.
  45:Drivers/STM32G4xx_HAL_Driver/Src/stm32g4xx_hal_exti.c ****         (++) Configure the interrupt and/or event mode using "Mode" member from
  46:Drivers/STM32G4xx_HAL_Driver/Src/stm32g4xx_hal_exti.c ****              EXTI_ConfigTypeDef structure.
  47:Drivers/STM32G4xx_HAL_Driver/Src/stm32g4xx_hal_exti.c ****         (++) For configurable lines, configure rising and/or falling trigger
  48:Drivers/STM32G4xx_HAL_Driver/Src/stm32g4xx_hal_exti.c ****              "Trigger" member from EXTI_ConfigTypeDef structure.
  49:Drivers/STM32G4xx_HAL_Driver/Src/stm32g4xx_hal_exti.c ****         (++) For Exti lines linked to gpio, choose gpio port using "GPIOSel"
  50:Drivers/STM32G4xx_HAL_Driver/Src/stm32g4xx_hal_exti.c ****              member from GPIO_InitTypeDef structure.
  51:Drivers/STM32G4xx_HAL_Driver/Src/stm32g4xx_hal_exti.c **** 
  52:Drivers/STM32G4xx_HAL_Driver/Src/stm32g4xx_hal_exti.c ****     (#) Get current Exti configuration of a dedicated line using
  53:Drivers/STM32G4xx_HAL_Driver/Src/stm32g4xx_hal_exti.c ****         HAL_EXTI_GetConfigLine().
  54:Drivers/STM32G4xx_HAL_Driver/Src/stm32g4xx_hal_exti.c ****         (++) Provide exiting handle as parameter.
  55:Drivers/STM32G4xx_HAL_Driver/Src/stm32g4xx_hal_exti.c ****         (++) Provide pointer on EXTI_ConfigTypeDef structure as second parameter.
  56:Drivers/STM32G4xx_HAL_Driver/Src/stm32g4xx_hal_exti.c **** 
  57:Drivers/STM32G4xx_HAL_Driver/Src/stm32g4xx_hal_exti.c ****     (#) Clear Exti configuration of a dedicated line using HAL_EXTI_GetConfigLine().
  58:Drivers/STM32G4xx_HAL_Driver/Src/stm32g4xx_hal_exti.c ****         (++) Provide exiting handle as parameter.
  59:Drivers/STM32G4xx_HAL_Driver/Src/stm32g4xx_hal_exti.c **** 
  60:Drivers/STM32G4xx_HAL_Driver/Src/stm32g4xx_hal_exti.c ****     (#) Register callback to treat Exti interrupts using HAL_EXTI_RegisterCallback().
  61:Drivers/STM32G4xx_HAL_Driver/Src/stm32g4xx_hal_exti.c ****         (++) Provide exiting handle as first parameter.
  62:Drivers/STM32G4xx_HAL_Driver/Src/stm32g4xx_hal_exti.c ****         (++) Provide which callback will be registered using one value from
  63:Drivers/STM32G4xx_HAL_Driver/Src/stm32g4xx_hal_exti.c ****              EXTI_CallbackIDTypeDef.
  64:Drivers/STM32G4xx_HAL_Driver/Src/stm32g4xx_hal_exti.c ****         (++) Provide callback function pointer.
  65:Drivers/STM32G4xx_HAL_Driver/Src/stm32g4xx_hal_exti.c **** 
  66:Drivers/STM32G4xx_HAL_Driver/Src/stm32g4xx_hal_exti.c ****     (#) Get interrupt pending bit using HAL_EXTI_GetPending().
  67:Drivers/STM32G4xx_HAL_Driver/Src/stm32g4xx_hal_exti.c **** 
  68:Drivers/STM32G4xx_HAL_Driver/Src/stm32g4xx_hal_exti.c ****     (#) Clear interrupt pending bit using HAL_EXTI_ClearPending().
  69:Drivers/STM32G4xx_HAL_Driver/Src/stm32g4xx_hal_exti.c **** 
  70:Drivers/STM32G4xx_HAL_Driver/Src/stm32g4xx_hal_exti.c ****     (#) Generate software interrupt using HAL_EXTI_GenerateSWI().
  71:Drivers/STM32G4xx_HAL_Driver/Src/stm32g4xx_hal_exti.c **** 
  72:Drivers/STM32G4xx_HAL_Driver/Src/stm32g4xx_hal_exti.c ****   @endverbatim
  73:Drivers/STM32G4xx_HAL_Driver/Src/stm32g4xx_hal_exti.c ****   ******************************************************************************
  74:Drivers/STM32G4xx_HAL_Driver/Src/stm32g4xx_hal_exti.c ****   * @attention
  75:Drivers/STM32G4xx_HAL_Driver/Src/stm32g4xx_hal_exti.c ****   *
  76:Drivers/STM32G4xx_HAL_Driver/Src/stm32g4xx_hal_exti.c ****   * <h2><center>&copy; Copyright (c) 2019 STMicroelectronics.
  77:Drivers/STM32G4xx_HAL_Driver/Src/stm32g4xx_hal_exti.c ****   * All rights reserved.</center></h2>
  78:Drivers/STM32G4xx_HAL_Driver/Src/stm32g4xx_hal_exti.c ****   *
  79:Drivers/STM32G4xx_HAL_Driver/Src/stm32g4xx_hal_exti.c ****   * This software component is licensed by ST under BSD 3-Clause license,
  80:Drivers/STM32G4xx_HAL_Driver/Src/stm32g4xx_hal_exti.c ****   * the "License"; You may not use this file except in compliance with the
  81:Drivers/STM32G4xx_HAL_Driver/Src/stm32g4xx_hal_exti.c ****   * License. You may obtain a copy of the License at:
  82:Drivers/STM32G4xx_HAL_Driver/Src/stm32g4xx_hal_exti.c ****   *                        opensource.org/licenses/BSD-3-Clause
  83:Drivers/STM32G4xx_HAL_Driver/Src/stm32g4xx_hal_exti.c ****   *
  84:Drivers/STM32G4xx_HAL_Driver/Src/stm32g4xx_hal_exti.c ****   ******************************************************************************
  85:Drivers/STM32G4xx_HAL_Driver/Src/stm32g4xx_hal_exti.c ****   */
  86:Drivers/STM32G4xx_HAL_Driver/Src/stm32g4xx_hal_exti.c **** 
  87:Drivers/STM32G4xx_HAL_Driver/Src/stm32g4xx_hal_exti.c **** /* Includes ------------------------------------------------------------------*/
  88:Drivers/STM32G4xx_HAL_Driver/Src/stm32g4xx_hal_exti.c **** #include "stm32g4xx_hal.h"
ARM GAS  /var/folders/17/j_dgbcc52q10y0jc3c_zbwd80000gn/T//ccGXFH95.s 			page 3


  89:Drivers/STM32G4xx_HAL_Driver/Src/stm32g4xx_hal_exti.c **** 
  90:Drivers/STM32G4xx_HAL_Driver/Src/stm32g4xx_hal_exti.c **** /** @addtogroup STM32G4xx_HAL_Driver
  91:Drivers/STM32G4xx_HAL_Driver/Src/stm32g4xx_hal_exti.c ****   * @{
  92:Drivers/STM32G4xx_HAL_Driver/Src/stm32g4xx_hal_exti.c ****   */
  93:Drivers/STM32G4xx_HAL_Driver/Src/stm32g4xx_hal_exti.c **** 
  94:Drivers/STM32G4xx_HAL_Driver/Src/stm32g4xx_hal_exti.c **** /** @addtogroup EXTI
  95:Drivers/STM32G4xx_HAL_Driver/Src/stm32g4xx_hal_exti.c ****   * @{
  96:Drivers/STM32G4xx_HAL_Driver/Src/stm32g4xx_hal_exti.c ****   */
  97:Drivers/STM32G4xx_HAL_Driver/Src/stm32g4xx_hal_exti.c **** /** MISRA C:2012 deviation rule has been granted for following rule:
  98:Drivers/STM32G4xx_HAL_Driver/Src/stm32g4xx_hal_exti.c ****   * Rule-18.1_b - Medium: Array `EXTICR' 1st subscript interval [0,7] may be out
  99:Drivers/STM32G4xx_HAL_Driver/Src/stm32g4xx_hal_exti.c ****   * of bounds [0,3] in following API :
 100:Drivers/STM32G4xx_HAL_Driver/Src/stm32g4xx_hal_exti.c ****   * HAL_EXTI_SetConfigLine
 101:Drivers/STM32G4xx_HAL_Driver/Src/stm32g4xx_hal_exti.c ****   * HAL_EXTI_GetConfigLine
 102:Drivers/STM32G4xx_HAL_Driver/Src/stm32g4xx_hal_exti.c ****   * HAL_EXTI_ClearConfigLine
 103:Drivers/STM32G4xx_HAL_Driver/Src/stm32g4xx_hal_exti.c ****   */
 104:Drivers/STM32G4xx_HAL_Driver/Src/stm32g4xx_hal_exti.c **** 
 105:Drivers/STM32G4xx_HAL_Driver/Src/stm32g4xx_hal_exti.c **** #ifdef HAL_EXTI_MODULE_ENABLED
 106:Drivers/STM32G4xx_HAL_Driver/Src/stm32g4xx_hal_exti.c **** 
 107:Drivers/STM32G4xx_HAL_Driver/Src/stm32g4xx_hal_exti.c **** /* Private typedef -----------------------------------------------------------*/
 108:Drivers/STM32G4xx_HAL_Driver/Src/stm32g4xx_hal_exti.c **** /* Private defines ------------------------------------------------------------*/
 109:Drivers/STM32G4xx_HAL_Driver/Src/stm32g4xx_hal_exti.c **** /** @defgroup EXTI_Private_Constants EXTI Private Constants
 110:Drivers/STM32G4xx_HAL_Driver/Src/stm32g4xx_hal_exti.c ****   * @{
 111:Drivers/STM32G4xx_HAL_Driver/Src/stm32g4xx_hal_exti.c ****   */
 112:Drivers/STM32G4xx_HAL_Driver/Src/stm32g4xx_hal_exti.c **** #define EXTI_MODE_OFFSET                    0x08U   /* 0x20: offset between MCU IMR/EMR registers *
 113:Drivers/STM32G4xx_HAL_Driver/Src/stm32g4xx_hal_exti.c **** #define EXTI_CONFIG_OFFSET                  0x08U   /* 0x20: offset between MCU Rising/Falling conf
 114:Drivers/STM32G4xx_HAL_Driver/Src/stm32g4xx_hal_exti.c **** /**
 115:Drivers/STM32G4xx_HAL_Driver/Src/stm32g4xx_hal_exti.c ****   * @}
 116:Drivers/STM32G4xx_HAL_Driver/Src/stm32g4xx_hal_exti.c ****   */
 117:Drivers/STM32G4xx_HAL_Driver/Src/stm32g4xx_hal_exti.c **** 
 118:Drivers/STM32G4xx_HAL_Driver/Src/stm32g4xx_hal_exti.c **** /* Private macros ------------------------------------------------------------*/
 119:Drivers/STM32G4xx_HAL_Driver/Src/stm32g4xx_hal_exti.c **** /* Private variables ---------------------------------------------------------*/
 120:Drivers/STM32G4xx_HAL_Driver/Src/stm32g4xx_hal_exti.c **** /* Private function prototypes -----------------------------------------------*/
 121:Drivers/STM32G4xx_HAL_Driver/Src/stm32g4xx_hal_exti.c **** /* Exported functions --------------------------------------------------------*/
 122:Drivers/STM32G4xx_HAL_Driver/Src/stm32g4xx_hal_exti.c **** 
 123:Drivers/STM32G4xx_HAL_Driver/Src/stm32g4xx_hal_exti.c **** /** @addtogroup EXTI_Exported_Functions
 124:Drivers/STM32G4xx_HAL_Driver/Src/stm32g4xx_hal_exti.c ****   * @{
 125:Drivers/STM32G4xx_HAL_Driver/Src/stm32g4xx_hal_exti.c ****   */
 126:Drivers/STM32G4xx_HAL_Driver/Src/stm32g4xx_hal_exti.c **** 
 127:Drivers/STM32G4xx_HAL_Driver/Src/stm32g4xx_hal_exti.c **** /** @addtogroup EXTI_Exported_Functions_Group1
 128:Drivers/STM32G4xx_HAL_Driver/Src/stm32g4xx_hal_exti.c ****   *  @brief    Configuration functions
 129:Drivers/STM32G4xx_HAL_Driver/Src/stm32g4xx_hal_exti.c ****   *
 130:Drivers/STM32G4xx_HAL_Driver/Src/stm32g4xx_hal_exti.c **** @verbatim
 131:Drivers/STM32G4xx_HAL_Driver/Src/stm32g4xx_hal_exti.c ****  ===============================================================================
 132:Drivers/STM32G4xx_HAL_Driver/Src/stm32g4xx_hal_exti.c ****               ##### Configuration functions #####
 133:Drivers/STM32G4xx_HAL_Driver/Src/stm32g4xx_hal_exti.c ****  ===============================================================================
 134:Drivers/STM32G4xx_HAL_Driver/Src/stm32g4xx_hal_exti.c **** 
 135:Drivers/STM32G4xx_HAL_Driver/Src/stm32g4xx_hal_exti.c **** @endverbatim
 136:Drivers/STM32G4xx_HAL_Driver/Src/stm32g4xx_hal_exti.c ****   * @{
 137:Drivers/STM32G4xx_HAL_Driver/Src/stm32g4xx_hal_exti.c ****   */
 138:Drivers/STM32G4xx_HAL_Driver/Src/stm32g4xx_hal_exti.c **** 
 139:Drivers/STM32G4xx_HAL_Driver/Src/stm32g4xx_hal_exti.c **** /**
 140:Drivers/STM32G4xx_HAL_Driver/Src/stm32g4xx_hal_exti.c ****   * @brief  Set configuration of a dedicated Exti line.
 141:Drivers/STM32G4xx_HAL_Driver/Src/stm32g4xx_hal_exti.c ****   * @param  hexti Exti handle.
 142:Drivers/STM32G4xx_HAL_Driver/Src/stm32g4xx_hal_exti.c ****   * @param  pExtiConfig Pointer on EXTI configuration to be set.
 143:Drivers/STM32G4xx_HAL_Driver/Src/stm32g4xx_hal_exti.c ****   * @retval HAL Status.
 144:Drivers/STM32G4xx_HAL_Driver/Src/stm32g4xx_hal_exti.c ****   */
 145:Drivers/STM32G4xx_HAL_Driver/Src/stm32g4xx_hal_exti.c **** HAL_StatusTypeDef HAL_EXTI_SetConfigLine(EXTI_HandleTypeDef *hexti, EXTI_ConfigTypeDef *pExtiConfig
ARM GAS  /var/folders/17/j_dgbcc52q10y0jc3c_zbwd80000gn/T//ccGXFH95.s 			page 4


 146:Drivers/STM32G4xx_HAL_Driver/Src/stm32g4xx_hal_exti.c **** {
  28              		.loc 1 146 0
  29              		.cfi_startproc
  30              		@ args = 0, pretend = 0, frame = 0
  31              		@ frame_needed = 0, uses_anonymous_args = 0
  32              		@ link register save eliminated.
  33              	.LVL0:
 147:Drivers/STM32G4xx_HAL_Driver/Src/stm32g4xx_hal_exti.c ****   __IO uint32_t *regaddr;
 148:Drivers/STM32G4xx_HAL_Driver/Src/stm32g4xx_hal_exti.c ****   uint32_t regval;
 149:Drivers/STM32G4xx_HAL_Driver/Src/stm32g4xx_hal_exti.c ****   uint32_t linepos;
 150:Drivers/STM32G4xx_HAL_Driver/Src/stm32g4xx_hal_exti.c ****   uint32_t maskline;
 151:Drivers/STM32G4xx_HAL_Driver/Src/stm32g4xx_hal_exti.c ****   uint32_t offset;
 152:Drivers/STM32G4xx_HAL_Driver/Src/stm32g4xx_hal_exti.c **** 
 153:Drivers/STM32G4xx_HAL_Driver/Src/stm32g4xx_hal_exti.c ****   /* Check null pointer */
 154:Drivers/STM32G4xx_HAL_Driver/Src/stm32g4xx_hal_exti.c ****   if ((hexti == NULL) || (pExtiConfig == NULL))
  34              		.loc 1 154 0
  35 0000 0B46     		mov	r3, r1
  36 0002 B1FA81F1 		clz	r1, r1
  37              	.LVL1:
  38 0006 4909     		lsrs	r1, r1, #5
  39 0008 0028     		cmp	r0, #0
  40 000a 08BF     		it	eq
  41 000c 0121     		moveq	r1, #1
  42 000e 0029     		cmp	r1, #0
  43 0010 5AD1     		bne	.L12
 146:Drivers/STM32G4xx_HAL_Driver/Src/stm32g4xx_hal_exti.c ****   __IO uint32_t *regaddr;
  44              		.loc 1 146 0
  45 0012 F0B4     		push	{r4, r5, r6, r7}
  46              		.cfi_def_cfa_offset 16
  47              		.cfi_offset 4, -16
  48              		.cfi_offset 5, -12
  49              		.cfi_offset 6, -8
  50              		.cfi_offset 7, -4
 155:Drivers/STM32G4xx_HAL_Driver/Src/stm32g4xx_hal_exti.c ****   {
 156:Drivers/STM32G4xx_HAL_Driver/Src/stm32g4xx_hal_exti.c ****     return HAL_ERROR;
 157:Drivers/STM32G4xx_HAL_Driver/Src/stm32g4xx_hal_exti.c ****   }
 158:Drivers/STM32G4xx_HAL_Driver/Src/stm32g4xx_hal_exti.c **** 
 159:Drivers/STM32G4xx_HAL_Driver/Src/stm32g4xx_hal_exti.c ****   /* Check parameters */
 160:Drivers/STM32G4xx_HAL_Driver/Src/stm32g4xx_hal_exti.c ****   assert_param(IS_EXTI_LINE(pExtiConfig->Line));
 161:Drivers/STM32G4xx_HAL_Driver/Src/stm32g4xx_hal_exti.c ****   assert_param(IS_EXTI_MODE(pExtiConfig->Mode));
 162:Drivers/STM32G4xx_HAL_Driver/Src/stm32g4xx_hal_exti.c **** 
 163:Drivers/STM32G4xx_HAL_Driver/Src/stm32g4xx_hal_exti.c ****   /* Assign line number to handle */
 164:Drivers/STM32G4xx_HAL_Driver/Src/stm32g4xx_hal_exti.c ****   hexti->Line = pExtiConfig->Line;
  51              		.loc 1 164 0
  52 0014 1968     		ldr	r1, [r3]
  53 0016 0160     		str	r1, [r0]
 165:Drivers/STM32G4xx_HAL_Driver/Src/stm32g4xx_hal_exti.c **** 
 166:Drivers/STM32G4xx_HAL_Driver/Src/stm32g4xx_hal_exti.c ****   /* Compute line register offset */
 167:Drivers/STM32G4xx_HAL_Driver/Src/stm32g4xx_hal_exti.c ****   offset = ((pExtiConfig->Line & EXTI_REG_MASK) >> EXTI_REG_SHIFT);
  54              		.loc 1 167 0
  55 0018 1868     		ldr	r0, [r3]
  56              	.LVL2:
  57 001a C0F30042 		ubfx	r2, r0, #16, #1
  58              	.LVL3:
 168:Drivers/STM32G4xx_HAL_Driver/Src/stm32g4xx_hal_exti.c ****   /* Compute line position */
 169:Drivers/STM32G4xx_HAL_Driver/Src/stm32g4xx_hal_exti.c ****   linepos = (pExtiConfig->Line & EXTI_PIN_MASK);
  59              		.loc 1 169 0
ARM GAS  /var/folders/17/j_dgbcc52q10y0jc3c_zbwd80000gn/T//ccGXFH95.s 			page 5


  60 001e 00F01F04 		and	r4, r0, #31
  61              	.LVL4:
 170:Drivers/STM32G4xx_HAL_Driver/Src/stm32g4xx_hal_exti.c ****   /* Compute line mask */
 171:Drivers/STM32G4xx_HAL_Driver/Src/stm32g4xx_hal_exti.c ****   maskline = (1uL << linepos);
  62              		.loc 1 171 0
  63 0022 0121     		movs	r1, #1
  64 0024 A140     		lsls	r1, r1, r4
  65              	.LVL5:
 172:Drivers/STM32G4xx_HAL_Driver/Src/stm32g4xx_hal_exti.c **** 
 173:Drivers/STM32G4xx_HAL_Driver/Src/stm32g4xx_hal_exti.c ****   /* Configure triggers for configurable lines */
 174:Drivers/STM32G4xx_HAL_Driver/Src/stm32g4xx_hal_exti.c ****   if ((pExtiConfig->Line & EXTI_CONFIG) != 0x00u)
  66              		.loc 1 174 0
  67 0026 10F0007F 		tst	r0, #33554432
  68 002a 1AD0     		beq	.L3
 175:Drivers/STM32G4xx_HAL_Driver/Src/stm32g4xx_hal_exti.c ****   {
 176:Drivers/STM32G4xx_HAL_Driver/Src/stm32g4xx_hal_exti.c ****     assert_param(IS_EXTI_TRIGGER(pExtiConfig->Trigger));
 177:Drivers/STM32G4xx_HAL_Driver/Src/stm32g4xx_hal_exti.c **** 
 178:Drivers/STM32G4xx_HAL_Driver/Src/stm32g4xx_hal_exti.c ****     /* Configure rising trigger */
 179:Drivers/STM32G4xx_HAL_Driver/Src/stm32g4xx_hal_exti.c ****     regaddr = (&EXTI->RTSR1 + (EXTI_CONFIG_OFFSET * offset));
  69              		.loc 1 179 0
  70 002c 5501     		lsls	r5, r2, #5
  71 002e 274F     		ldr	r7, .L18
  72              	.LVL6:
 180:Drivers/STM32G4xx_HAL_Driver/Src/stm32g4xx_hal_exti.c ****     regval = *regaddr;
  73              		.loc 1 180 0
  74 0030 55F807C0 		ldr	ip, [r5, r7]
  75              	.LVL7:
 181:Drivers/STM32G4xx_HAL_Driver/Src/stm32g4xx_hal_exti.c **** 
 182:Drivers/STM32G4xx_HAL_Driver/Src/stm32g4xx_hal_exti.c ****     /* Mask or set line */
 183:Drivers/STM32G4xx_HAL_Driver/Src/stm32g4xx_hal_exti.c ****     if ((pExtiConfig->Trigger & EXTI_TRIGGER_RISING) != 0x00u)
  76              		.loc 1 183 0
  77 0034 9E68     		ldr	r6, [r3, #8]
  78 0036 16F0010F 		tst	r6, #1
  79 003a 26D0     		beq	.L4
 184:Drivers/STM32G4xx_HAL_Driver/Src/stm32g4xx_hal_exti.c ****     {
 185:Drivers/STM32G4xx_HAL_Driver/Src/stm32g4xx_hal_exti.c ****       regval |= maskline;
  80              		.loc 1 185 0
  81 003c 4CEA0106 		orr	r6, ip, r1
  82              	.LVL8:
  83              	.L5:
 186:Drivers/STM32G4xx_HAL_Driver/Src/stm32g4xx_hal_exti.c ****     }
 187:Drivers/STM32G4xx_HAL_Driver/Src/stm32g4xx_hal_exti.c ****     else
 188:Drivers/STM32G4xx_HAL_Driver/Src/stm32g4xx_hal_exti.c ****     {
 189:Drivers/STM32G4xx_HAL_Driver/Src/stm32g4xx_hal_exti.c ****       regval &= ~maskline;
 190:Drivers/STM32G4xx_HAL_Driver/Src/stm32g4xx_hal_exti.c ****     }
 191:Drivers/STM32G4xx_HAL_Driver/Src/stm32g4xx_hal_exti.c **** 
 192:Drivers/STM32G4xx_HAL_Driver/Src/stm32g4xx_hal_exti.c ****     /* Store rising trigger mode */
 193:Drivers/STM32G4xx_HAL_Driver/Src/stm32g4xx_hal_exti.c ****     *regaddr = regval;
  84              		.loc 1 193 0
  85 0040 EE51     		str	r6, [r5, r7]
 194:Drivers/STM32G4xx_HAL_Driver/Src/stm32g4xx_hal_exti.c **** 
 195:Drivers/STM32G4xx_HAL_Driver/Src/stm32g4xx_hal_exti.c ****     /* Configure falling trigger */
 196:Drivers/STM32G4xx_HAL_Driver/Src/stm32g4xx_hal_exti.c ****     regaddr = (&EXTI->FTSR1 + (EXTI_CONFIG_OFFSET * offset));
  86              		.loc 1 196 0
  87 0042 234F     		ldr	r7, .L18+4
  88              	.LVL9:
 197:Drivers/STM32G4xx_HAL_Driver/Src/stm32g4xx_hal_exti.c ****     regval = *regaddr;
ARM GAS  /var/folders/17/j_dgbcc52q10y0jc3c_zbwd80000gn/T//ccGXFH95.s 			page 6


  89              		.loc 1 197 0
  90 0044 55F807C0 		ldr	ip, [r5, r7]
  91              	.LVL10:
 198:Drivers/STM32G4xx_HAL_Driver/Src/stm32g4xx_hal_exti.c **** 
 199:Drivers/STM32G4xx_HAL_Driver/Src/stm32g4xx_hal_exti.c ****     /* Mask or set line */
 200:Drivers/STM32G4xx_HAL_Driver/Src/stm32g4xx_hal_exti.c ****     if ((pExtiConfig->Trigger & EXTI_TRIGGER_FALLING) != 0x00u)
  92              		.loc 1 200 0
  93 0048 9E68     		ldr	r6, [r3, #8]
  94 004a 16F0020F 		tst	r6, #2
  95 004e 1FD0     		beq	.L6
 201:Drivers/STM32G4xx_HAL_Driver/Src/stm32g4xx_hal_exti.c ****     {
 202:Drivers/STM32G4xx_HAL_Driver/Src/stm32g4xx_hal_exti.c ****       regval |= maskline;
  96              		.loc 1 202 0
  97 0050 4CEA0106 		orr	r6, ip, r1
  98              	.LVL11:
  99              	.L7:
 203:Drivers/STM32G4xx_HAL_Driver/Src/stm32g4xx_hal_exti.c ****     }
 204:Drivers/STM32G4xx_HAL_Driver/Src/stm32g4xx_hal_exti.c ****     else
 205:Drivers/STM32G4xx_HAL_Driver/Src/stm32g4xx_hal_exti.c ****     {
 206:Drivers/STM32G4xx_HAL_Driver/Src/stm32g4xx_hal_exti.c ****       regval &= ~maskline;
 207:Drivers/STM32G4xx_HAL_Driver/Src/stm32g4xx_hal_exti.c ****     }
 208:Drivers/STM32G4xx_HAL_Driver/Src/stm32g4xx_hal_exti.c **** 
 209:Drivers/STM32G4xx_HAL_Driver/Src/stm32g4xx_hal_exti.c ****     /* Store falling trigger mode */
 210:Drivers/STM32G4xx_HAL_Driver/Src/stm32g4xx_hal_exti.c ****     *regaddr = regval;
 100              		.loc 1 210 0
 101 0054 EE51     		str	r6, [r5, r7]
 211:Drivers/STM32G4xx_HAL_Driver/Src/stm32g4xx_hal_exti.c **** 
 212:Drivers/STM32G4xx_HAL_Driver/Src/stm32g4xx_hal_exti.c ****     /* Configure gpio port selection in case of gpio exti line */
 213:Drivers/STM32G4xx_HAL_Driver/Src/stm32g4xx_hal_exti.c ****     if ((pExtiConfig->Line & EXTI_GPIO) == EXTI_GPIO)
 102              		.loc 1 213 0
 103 0056 1D68     		ldr	r5, [r3]
 104              	.LVL12:
 105 0058 05F0C065 		and	r5, r5, #100663296
 106 005c B5F1C06F 		cmp	r5, #100663296
 107 0060 19D0     		beq	.L17
 108              	.LVL13:
 109              	.L3:
 214:Drivers/STM32G4xx_HAL_Driver/Src/stm32g4xx_hal_exti.c ****     {
 215:Drivers/STM32G4xx_HAL_Driver/Src/stm32g4xx_hal_exti.c ****       assert_param(IS_EXTI_GPIO_PORT(pExtiConfig->GPIOSel));
 216:Drivers/STM32G4xx_HAL_Driver/Src/stm32g4xx_hal_exti.c ****       assert_param(IS_EXTI_GPIO_PIN(linepos));
 217:Drivers/STM32G4xx_HAL_Driver/Src/stm32g4xx_hal_exti.c **** 
 218:Drivers/STM32G4xx_HAL_Driver/Src/stm32g4xx_hal_exti.c ****       regval = SYSCFG->EXTICR[linepos >> 2u];
 219:Drivers/STM32G4xx_HAL_Driver/Src/stm32g4xx_hal_exti.c ****       regval &= ~(SYSCFG_EXTICR1_EXTI0 << (SYSCFG_EXTICR1_EXTI1_Pos * (linepos & 0x03u)));
 220:Drivers/STM32G4xx_HAL_Driver/Src/stm32g4xx_hal_exti.c ****       regval |= (pExtiConfig->GPIOSel << (SYSCFG_EXTICR1_EXTI1_Pos * (linepos & 0x03u)));
 221:Drivers/STM32G4xx_HAL_Driver/Src/stm32g4xx_hal_exti.c ****       SYSCFG->EXTICR[linepos >> 2u] = regval;
 222:Drivers/STM32G4xx_HAL_Driver/Src/stm32g4xx_hal_exti.c ****     }
 223:Drivers/STM32G4xx_HAL_Driver/Src/stm32g4xx_hal_exti.c ****   }
 224:Drivers/STM32G4xx_HAL_Driver/Src/stm32g4xx_hal_exti.c **** 
 225:Drivers/STM32G4xx_HAL_Driver/Src/stm32g4xx_hal_exti.c ****   /* Configure interrupt mode : read current mode */
 226:Drivers/STM32G4xx_HAL_Driver/Src/stm32g4xx_hal_exti.c ****   regaddr = (&EXTI->IMR1 + (EXTI_MODE_OFFSET * offset));
 110              		.loc 1 226 0
 111 0062 5201     		lsls	r2, r2, #5
 112              	.LVL14:
 113 0064 1B4C     		ldr	r4, .L18+8
 114              	.LVL15:
 227:Drivers/STM32G4xx_HAL_Driver/Src/stm32g4xx_hal_exti.c ****   regval = *regaddr;
 115              		.loc 1 227 0
ARM GAS  /var/folders/17/j_dgbcc52q10y0jc3c_zbwd80000gn/T//ccGXFH95.s 			page 7


 116 0066 1059     		ldr	r0, [r2, r4]
 117              	.LVL16:
 228:Drivers/STM32G4xx_HAL_Driver/Src/stm32g4xx_hal_exti.c **** 
 229:Drivers/STM32G4xx_HAL_Driver/Src/stm32g4xx_hal_exti.c ****   /* Mask or set line */
 230:Drivers/STM32G4xx_HAL_Driver/Src/stm32g4xx_hal_exti.c ****   if ((pExtiConfig->Mode & EXTI_MODE_INTERRUPT) != 0x00u)
 118              		.loc 1 230 0
 119 0068 5D68     		ldr	r5, [r3, #4]
 120 006a 15F0010F 		tst	r5, #1
 121 006e 25D0     		beq	.L8
 231:Drivers/STM32G4xx_HAL_Driver/Src/stm32g4xx_hal_exti.c ****   {
 232:Drivers/STM32G4xx_HAL_Driver/Src/stm32g4xx_hal_exti.c ****     regval |= maskline;
 122              		.loc 1 232 0
 123 0070 0843     		orrs	r0, r0, r1
 124              	.LVL17:
 125              	.L9:
 233:Drivers/STM32G4xx_HAL_Driver/Src/stm32g4xx_hal_exti.c ****   }
 234:Drivers/STM32G4xx_HAL_Driver/Src/stm32g4xx_hal_exti.c ****   else
 235:Drivers/STM32G4xx_HAL_Driver/Src/stm32g4xx_hal_exti.c ****   {
 236:Drivers/STM32G4xx_HAL_Driver/Src/stm32g4xx_hal_exti.c ****     regval &= ~maskline;
 237:Drivers/STM32G4xx_HAL_Driver/Src/stm32g4xx_hal_exti.c ****   }
 238:Drivers/STM32G4xx_HAL_Driver/Src/stm32g4xx_hal_exti.c **** 
 239:Drivers/STM32G4xx_HAL_Driver/Src/stm32g4xx_hal_exti.c ****   /* Store interrupt mode */
 240:Drivers/STM32G4xx_HAL_Driver/Src/stm32g4xx_hal_exti.c ****   *regaddr = regval;
 126              		.loc 1 240 0
 127 0072 1051     		str	r0, [r2, r4]
 241:Drivers/STM32G4xx_HAL_Driver/Src/stm32g4xx_hal_exti.c **** 
 242:Drivers/STM32G4xx_HAL_Driver/Src/stm32g4xx_hal_exti.c ****   /* Configure event mode : read current mode */
 243:Drivers/STM32G4xx_HAL_Driver/Src/stm32g4xx_hal_exti.c ****   regaddr = (&EXTI->EMR1 + (EXTI_MODE_OFFSET * offset));
 128              		.loc 1 243 0
 129 0074 184C     		ldr	r4, .L18+12
 130              	.LVL18:
 244:Drivers/STM32G4xx_HAL_Driver/Src/stm32g4xx_hal_exti.c ****   regval = *regaddr;
 131              		.loc 1 244 0
 132 0076 1059     		ldr	r0, [r2, r4]
 133              	.LVL19:
 245:Drivers/STM32G4xx_HAL_Driver/Src/stm32g4xx_hal_exti.c **** 
 246:Drivers/STM32G4xx_HAL_Driver/Src/stm32g4xx_hal_exti.c ****   /* Mask or set line */
 247:Drivers/STM32G4xx_HAL_Driver/Src/stm32g4xx_hal_exti.c ****   if ((pExtiConfig->Mode & EXTI_MODE_EVENT) != 0x00u)
 134              		.loc 1 247 0
 135 0078 5B68     		ldr	r3, [r3, #4]
 136              	.LVL20:
 137 007a 13F0020F 		tst	r3, #2
 138 007e 20D0     		beq	.L10
 248:Drivers/STM32G4xx_HAL_Driver/Src/stm32g4xx_hal_exti.c ****   {
 249:Drivers/STM32G4xx_HAL_Driver/Src/stm32g4xx_hal_exti.c ****     regval |= maskline;
 139              		.loc 1 249 0
 140 0080 0143     		orrs	r1, r1, r0
 141              	.LVL21:
 142              	.L11:
 250:Drivers/STM32G4xx_HAL_Driver/Src/stm32g4xx_hal_exti.c ****   }
 251:Drivers/STM32G4xx_HAL_Driver/Src/stm32g4xx_hal_exti.c ****   else
 252:Drivers/STM32G4xx_HAL_Driver/Src/stm32g4xx_hal_exti.c ****   {
 253:Drivers/STM32G4xx_HAL_Driver/Src/stm32g4xx_hal_exti.c ****     regval &= ~maskline;
 254:Drivers/STM32G4xx_HAL_Driver/Src/stm32g4xx_hal_exti.c ****   }
 255:Drivers/STM32G4xx_HAL_Driver/Src/stm32g4xx_hal_exti.c **** 
 256:Drivers/STM32G4xx_HAL_Driver/Src/stm32g4xx_hal_exti.c ****   /* Store event mode */
 257:Drivers/STM32G4xx_HAL_Driver/Src/stm32g4xx_hal_exti.c ****   *regaddr = regval;
ARM GAS  /var/folders/17/j_dgbcc52q10y0jc3c_zbwd80000gn/T//ccGXFH95.s 			page 8


 143              		.loc 1 257 0
 144 0082 1151     		str	r1, [r2, r4]
 258:Drivers/STM32G4xx_HAL_Driver/Src/stm32g4xx_hal_exti.c **** 
 259:Drivers/STM32G4xx_HAL_Driver/Src/stm32g4xx_hal_exti.c ****   return HAL_OK;
 145              		.loc 1 259 0
 146 0084 0020     		movs	r0, #0
 260:Drivers/STM32G4xx_HAL_Driver/Src/stm32g4xx_hal_exti.c **** }
 147              		.loc 1 260 0
 148 0086 F0BC     		pop	{r4, r5, r6, r7}
 149              		.cfi_remember_state
 150              		.cfi_restore 7
 151              		.cfi_restore 6
 152              		.cfi_restore 5
 153              		.cfi_restore 4
 154              		.cfi_def_cfa_offset 0
 155              	.LVL22:
 156 0088 7047     		bx	lr
 157              	.LVL23:
 158              	.L4:
 159              		.cfi_restore_state
 189:Drivers/STM32G4xx_HAL_Driver/Src/stm32g4xx_hal_exti.c ****     }
 160              		.loc 1 189 0
 161 008a 2CEA0106 		bic	r6, ip, r1
 162              	.LVL24:
 163 008e D7E7     		b	.L5
 164              	.LVL25:
 165              	.L6:
 206:Drivers/STM32G4xx_HAL_Driver/Src/stm32g4xx_hal_exti.c ****     }
 166              		.loc 1 206 0
 167 0090 2CEA0106 		bic	r6, ip, r1
 168              	.LVL26:
 169 0094 DEE7     		b	.L7
 170              	.LVL27:
 171              	.L17:
 218:Drivers/STM32G4xx_HAL_Driver/Src/stm32g4xx_hal_exti.c ****       regval &= ~(SYSCFG_EXTICR1_EXTI0 << (SYSCFG_EXTICR1_EXTI1_Pos * (linepos & 0x03u)));
 172              		.loc 1 218 0
 173 0096 A408     		lsrs	r4, r4, #2
 174              	.LVL28:
 175 0098 104F     		ldr	r7, .L18+16
 176              	.LVL29:
 177 009a 0234     		adds	r4, r4, #2
 178 009c 57F82460 		ldr	r6, [r7, r4, lsl #2]
 179              	.LVL30:
 219:Drivers/STM32G4xx_HAL_Driver/Src/stm32g4xx_hal_exti.c ****       regval |= (pExtiConfig->GPIOSel << (SYSCFG_EXTICR1_EXTI1_Pos * (linepos & 0x03u)));
 180              		.loc 1 219 0
 181 00a0 00F00300 		and	r0, r0, #3
 182              	.LVL31:
 183 00a4 8000     		lsls	r0, r0, #2
 184 00a6 0725     		movs	r5, #7
 185 00a8 8540     		lsls	r5, r5, r0
 186 00aa 26EA0506 		bic	r6, r6, r5
 187              	.LVL32:
 220:Drivers/STM32G4xx_HAL_Driver/Src/stm32g4xx_hal_exti.c ****       SYSCFG->EXTICR[linepos >> 2u] = regval;
 188              		.loc 1 220 0
 189 00ae DD68     		ldr	r5, [r3, #12]
 190 00b0 05FA00F0 		lsl	r0, r5, r0
 191 00b4 3043     		orrs	r0, r0, r6
ARM GAS  /var/folders/17/j_dgbcc52q10y0jc3c_zbwd80000gn/T//ccGXFH95.s 			page 9


 192              	.LVL33:
 221:Drivers/STM32G4xx_HAL_Driver/Src/stm32g4xx_hal_exti.c ****     }
 193              		.loc 1 221 0
 194 00b6 47F82400 		str	r0, [r7, r4, lsl #2]
 195 00ba D2E7     		b	.L3
 196              	.LVL34:
 197              	.L8:
 236:Drivers/STM32G4xx_HAL_Driver/Src/stm32g4xx_hal_exti.c ****   }
 198              		.loc 1 236 0
 199 00bc 20EA0100 		bic	r0, r0, r1
 200              	.LVL35:
 201 00c0 D7E7     		b	.L9
 202              	.LVL36:
 203              	.L10:
 253:Drivers/STM32G4xx_HAL_Driver/Src/stm32g4xx_hal_exti.c ****   }
 204              		.loc 1 253 0
 205 00c2 20EA0101 		bic	r1, r0, r1
 206              	.LVL37:
 207 00c6 DCE7     		b	.L11
 208              	.LVL38:
 209              	.L12:
 210              		.cfi_def_cfa_offset 0
 211              		.cfi_restore 4
 212              		.cfi_restore 5
 213              		.cfi_restore 6
 214              		.cfi_restore 7
 156:Drivers/STM32G4xx_HAL_Driver/Src/stm32g4xx_hal_exti.c ****   }
 215              		.loc 1 156 0
 216 00c8 0120     		movs	r0, #1
 217              	.LVL39:
 218              		.loc 1 260 0
 219 00ca 7047     		bx	lr
 220              	.L19:
 221              		.align	2
 222              	.L18:
 223 00cc 08040140 		.word	1073808392
 224 00d0 0C040140 		.word	1073808396
 225 00d4 00040140 		.word	1073808384
 226 00d8 04040140 		.word	1073808388
 227 00dc 00000140 		.word	1073807360
 228              		.cfi_endproc
 229              	.LFE130:
 231              		.section	.text.HAL_EXTI_GetConfigLine,"ax",%progbits
 232              		.align	1
 233              		.global	HAL_EXTI_GetConfigLine
 234              		.syntax unified
 235              		.thumb
 236              		.thumb_func
 237              		.fpu fpv5-sp-d16
 239              	HAL_EXTI_GetConfigLine:
 240              	.LFB131:
 261:Drivers/STM32G4xx_HAL_Driver/Src/stm32g4xx_hal_exti.c **** 
 262:Drivers/STM32G4xx_HAL_Driver/Src/stm32g4xx_hal_exti.c **** 
 263:Drivers/STM32G4xx_HAL_Driver/Src/stm32g4xx_hal_exti.c **** /**
 264:Drivers/STM32G4xx_HAL_Driver/Src/stm32g4xx_hal_exti.c ****   * @brief  Get configuration of a dedicated Exti line.
 265:Drivers/STM32G4xx_HAL_Driver/Src/stm32g4xx_hal_exti.c ****   * @param  hexti Exti handle.
 266:Drivers/STM32G4xx_HAL_Driver/Src/stm32g4xx_hal_exti.c ****   * @param  pExtiConfig Pointer on structure to store Exti configuration.
ARM GAS  /var/folders/17/j_dgbcc52q10y0jc3c_zbwd80000gn/T//ccGXFH95.s 			page 10


 267:Drivers/STM32G4xx_HAL_Driver/Src/stm32g4xx_hal_exti.c ****   * @retval HAL Status.
 268:Drivers/STM32G4xx_HAL_Driver/Src/stm32g4xx_hal_exti.c ****   */
 269:Drivers/STM32G4xx_HAL_Driver/Src/stm32g4xx_hal_exti.c **** HAL_StatusTypeDef HAL_EXTI_GetConfigLine(EXTI_HandleTypeDef *hexti, EXTI_ConfigTypeDef *pExtiConfig
 270:Drivers/STM32G4xx_HAL_Driver/Src/stm32g4xx_hal_exti.c **** {
 241              		.loc 1 270 0
 242              		.cfi_startproc
 243              		@ args = 0, pretend = 0, frame = 0
 244              		@ frame_needed = 0, uses_anonymous_args = 0
 245              		@ link register save eliminated.
 246              	.LVL40:
 271:Drivers/STM32G4xx_HAL_Driver/Src/stm32g4xx_hal_exti.c ****   __IO uint32_t *regaddr;
 272:Drivers/STM32G4xx_HAL_Driver/Src/stm32g4xx_hal_exti.c ****   uint32_t regval;
 273:Drivers/STM32G4xx_HAL_Driver/Src/stm32g4xx_hal_exti.c ****   uint32_t linepos;
 274:Drivers/STM32G4xx_HAL_Driver/Src/stm32g4xx_hal_exti.c ****   uint32_t maskline;
 275:Drivers/STM32G4xx_HAL_Driver/Src/stm32g4xx_hal_exti.c ****   uint32_t offset;
 276:Drivers/STM32G4xx_HAL_Driver/Src/stm32g4xx_hal_exti.c **** 
 277:Drivers/STM32G4xx_HAL_Driver/Src/stm32g4xx_hal_exti.c ****   /* Check null pointer */
 278:Drivers/STM32G4xx_HAL_Driver/Src/stm32g4xx_hal_exti.c ****   if ((hexti == NULL) || (pExtiConfig == NULL))
 247              		.loc 1 278 0
 248 0000 0B46     		mov	r3, r1
 249 0002 B1FA81F1 		clz	r1, r1
 250              	.LVL41:
 251 0006 4909     		lsrs	r1, r1, #5
 252 0008 0028     		cmp	r0, #0
 253 000a 08BF     		it	eq
 254 000c 0121     		moveq	r1, #1
 255 000e 0029     		cmp	r1, #0
 256 0010 48D1     		bne	.L30
 270:Drivers/STM32G4xx_HAL_Driver/Src/stm32g4xx_hal_exti.c ****   __IO uint32_t *regaddr;
 257              		.loc 1 270 0
 258 0012 30B4     		push	{r4, r5}
 259              		.cfi_def_cfa_offset 8
 260              		.cfi_offset 4, -8
 261              		.cfi_offset 5, -4
 279:Drivers/STM32G4xx_HAL_Driver/Src/stm32g4xx_hal_exti.c ****   {
 280:Drivers/STM32G4xx_HAL_Driver/Src/stm32g4xx_hal_exti.c ****     return HAL_ERROR;
 281:Drivers/STM32G4xx_HAL_Driver/Src/stm32g4xx_hal_exti.c ****   }
 282:Drivers/STM32G4xx_HAL_Driver/Src/stm32g4xx_hal_exti.c **** 
 283:Drivers/STM32G4xx_HAL_Driver/Src/stm32g4xx_hal_exti.c ****   /* Check the parameter */
 284:Drivers/STM32G4xx_HAL_Driver/Src/stm32g4xx_hal_exti.c ****   assert_param(IS_EXTI_LINE(hexti->Line));
 285:Drivers/STM32G4xx_HAL_Driver/Src/stm32g4xx_hal_exti.c **** 
 286:Drivers/STM32G4xx_HAL_Driver/Src/stm32g4xx_hal_exti.c ****   /* Store handle line number to configuration structure */
 287:Drivers/STM32G4xx_HAL_Driver/Src/stm32g4xx_hal_exti.c ****   pExtiConfig->Line = hexti->Line;
 262              		.loc 1 287 0
 263 0014 0268     		ldr	r2, [r0]
 264 0016 1A60     		str	r2, [r3]
 288:Drivers/STM32G4xx_HAL_Driver/Src/stm32g4xx_hal_exti.c **** 
 289:Drivers/STM32G4xx_HAL_Driver/Src/stm32g4xx_hal_exti.c ****   /* Compute line register offset and line mask */
 290:Drivers/STM32G4xx_HAL_Driver/Src/stm32g4xx_hal_exti.c ****   offset = ((pExtiConfig->Line & EXTI_REG_MASK) >> EXTI_REG_SHIFT);
 265              		.loc 1 290 0
 266 0018 C2F30040 		ubfx	r0, r2, #16, #1
 267              	.LVL42:
 291:Drivers/STM32G4xx_HAL_Driver/Src/stm32g4xx_hal_exti.c ****   /* Compute line position */
 292:Drivers/STM32G4xx_HAL_Driver/Src/stm32g4xx_hal_exti.c ****   linepos = (pExtiConfig->Line & EXTI_PIN_MASK);
 268              		.loc 1 292 0
 269 001c 02F01F05 		and	r5, r2, #31
 270              	.LVL43:
ARM GAS  /var/folders/17/j_dgbcc52q10y0jc3c_zbwd80000gn/T//ccGXFH95.s 			page 11


 293:Drivers/STM32G4xx_HAL_Driver/Src/stm32g4xx_hal_exti.c ****   /* Compute mask */
 294:Drivers/STM32G4xx_HAL_Driver/Src/stm32g4xx_hal_exti.c ****   maskline = (1uL << linepos);
 271              		.loc 1 294 0
 272 0020 0121     		movs	r1, #1
 273 0022 A940     		lsls	r1, r1, r5
 274              	.LVL44:
 295:Drivers/STM32G4xx_HAL_Driver/Src/stm32g4xx_hal_exti.c **** 
 296:Drivers/STM32G4xx_HAL_Driver/Src/stm32g4xx_hal_exti.c ****   /* 1] Get core mode : interrupt */
 297:Drivers/STM32G4xx_HAL_Driver/Src/stm32g4xx_hal_exti.c ****   regaddr = (&EXTI->IMR1 + (EXTI_MODE_OFFSET * offset));
 275              		.loc 1 297 0
 276 0024 4001     		lsls	r0, r0, #5
 277              	.LVL45:
 278 0026 204C     		ldr	r4, .L36
 279              	.LVL46:
 298:Drivers/STM32G4xx_HAL_Driver/Src/stm32g4xx_hal_exti.c ****   regval = *regaddr;
 280              		.loc 1 298 0
 281 0028 0459     		ldr	r4, [r0, r4]
 282              	.LVL47:
 299:Drivers/STM32G4xx_HAL_Driver/Src/stm32g4xx_hal_exti.c **** 
 300:Drivers/STM32G4xx_HAL_Driver/Src/stm32g4xx_hal_exti.c ****   /* Check if selected line is enable */
 301:Drivers/STM32G4xx_HAL_Driver/Src/stm32g4xx_hal_exti.c ****   if ((regval & maskline) != 0x00u)
 283              		.loc 1 301 0
 284 002a 2142     		tst	r1, r4
 285 002c 22D0     		beq	.L22
 302:Drivers/STM32G4xx_HAL_Driver/Src/stm32g4xx_hal_exti.c ****   {
 303:Drivers/STM32G4xx_HAL_Driver/Src/stm32g4xx_hal_exti.c ****     pExtiConfig->Mode = EXTI_MODE_INTERRUPT;
 286              		.loc 1 303 0
 287 002e 0124     		movs	r4, #1
 288              	.LVL48:
 289 0030 5C60     		str	r4, [r3, #4]
 290              	.L23:
 304:Drivers/STM32G4xx_HAL_Driver/Src/stm32g4xx_hal_exti.c ****   }
 305:Drivers/STM32G4xx_HAL_Driver/Src/stm32g4xx_hal_exti.c ****   else
 306:Drivers/STM32G4xx_HAL_Driver/Src/stm32g4xx_hal_exti.c ****   {
 307:Drivers/STM32G4xx_HAL_Driver/Src/stm32g4xx_hal_exti.c ****     pExtiConfig->Mode = EXTI_MODE_NONE;
 308:Drivers/STM32G4xx_HAL_Driver/Src/stm32g4xx_hal_exti.c ****   }
 309:Drivers/STM32G4xx_HAL_Driver/Src/stm32g4xx_hal_exti.c **** 
 310:Drivers/STM32G4xx_HAL_Driver/Src/stm32g4xx_hal_exti.c ****   /* Get event mode */
 311:Drivers/STM32G4xx_HAL_Driver/Src/stm32g4xx_hal_exti.c ****   regaddr = (&EXTI->EMR1 + (EXTI_MODE_OFFSET * offset));
 291              		.loc 1 311 0
 292 0032 1E4C     		ldr	r4, .L36+4
 293              	.LVL49:
 312:Drivers/STM32G4xx_HAL_Driver/Src/stm32g4xx_hal_exti.c ****   regval = *regaddr;
 294              		.loc 1 312 0
 295 0034 0459     		ldr	r4, [r0, r4]
 296              	.LVL50:
 313:Drivers/STM32G4xx_HAL_Driver/Src/stm32g4xx_hal_exti.c **** 
 314:Drivers/STM32G4xx_HAL_Driver/Src/stm32g4xx_hal_exti.c ****   /* Check if selected line is enable */
 315:Drivers/STM32G4xx_HAL_Driver/Src/stm32g4xx_hal_exti.c ****   if ((regval & maskline) != 0x00u)
 297              		.loc 1 315 0
 298 0036 2142     		tst	r1, r4
 299 0038 03D0     		beq	.L24
 316:Drivers/STM32G4xx_HAL_Driver/Src/stm32g4xx_hal_exti.c ****   {
 317:Drivers/STM32G4xx_HAL_Driver/Src/stm32g4xx_hal_exti.c ****     pExtiConfig->Mode |= EXTI_MODE_EVENT;
 300              		.loc 1 317 0
 301 003a 5C68     		ldr	r4, [r3, #4]
 302              	.LVL51:
ARM GAS  /var/folders/17/j_dgbcc52q10y0jc3c_zbwd80000gn/T//ccGXFH95.s 			page 12


 303 003c 44F00204 		orr	r4, r4, #2
 304 0040 5C60     		str	r4, [r3, #4]
 305              	.L24:
 318:Drivers/STM32G4xx_HAL_Driver/Src/stm32g4xx_hal_exti.c ****   }
 319:Drivers/STM32G4xx_HAL_Driver/Src/stm32g4xx_hal_exti.c **** 
 320:Drivers/STM32G4xx_HAL_Driver/Src/stm32g4xx_hal_exti.c ****   /* 2] Get trigger for configurable lines : rising */
 321:Drivers/STM32G4xx_HAL_Driver/Src/stm32g4xx_hal_exti.c ****   if ((pExtiConfig->Line & EXTI_CONFIG) != 0x00u)
 306              		.loc 1 321 0
 307 0042 12F0007F 		tst	r2, #33554432
 308 0046 28D0     		beq	.L25
 322:Drivers/STM32G4xx_HAL_Driver/Src/stm32g4xx_hal_exti.c ****   {
 323:Drivers/STM32G4xx_HAL_Driver/Src/stm32g4xx_hal_exti.c ****     regaddr = (&EXTI->RTSR1 + (EXTI_CONFIG_OFFSET * offset));
 309              		.loc 1 323 0
 310 0048 194C     		ldr	r4, .L36+8
 311              	.LVL52:
 324:Drivers/STM32G4xx_HAL_Driver/Src/stm32g4xx_hal_exti.c ****     regval = *regaddr;
 312              		.loc 1 324 0
 313 004a 0459     		ldr	r4, [r0, r4]
 314              	.LVL53:
 325:Drivers/STM32G4xx_HAL_Driver/Src/stm32g4xx_hal_exti.c **** 
 326:Drivers/STM32G4xx_HAL_Driver/Src/stm32g4xx_hal_exti.c ****     /* Check if configuration of selected line is enable */
 327:Drivers/STM32G4xx_HAL_Driver/Src/stm32g4xx_hal_exti.c ****     if ((regval & maskline) != 0x00u)
 315              		.loc 1 327 0
 316 004c 2142     		tst	r1, r4
 317 004e 14D0     		beq	.L26
 328:Drivers/STM32G4xx_HAL_Driver/Src/stm32g4xx_hal_exti.c ****     {
 329:Drivers/STM32G4xx_HAL_Driver/Src/stm32g4xx_hal_exti.c ****       pExtiConfig->Trigger = EXTI_TRIGGER_RISING;
 318              		.loc 1 329 0
 319 0050 0124     		movs	r4, #1
 320              	.LVL54:
 321 0052 9C60     		str	r4, [r3, #8]
 322              	.L27:
 330:Drivers/STM32G4xx_HAL_Driver/Src/stm32g4xx_hal_exti.c ****     }
 331:Drivers/STM32G4xx_HAL_Driver/Src/stm32g4xx_hal_exti.c ****     else
 332:Drivers/STM32G4xx_HAL_Driver/Src/stm32g4xx_hal_exti.c ****     {
 333:Drivers/STM32G4xx_HAL_Driver/Src/stm32g4xx_hal_exti.c ****       pExtiConfig->Trigger = EXTI_TRIGGER_NONE;
 334:Drivers/STM32G4xx_HAL_Driver/Src/stm32g4xx_hal_exti.c ****     }
 335:Drivers/STM32G4xx_HAL_Driver/Src/stm32g4xx_hal_exti.c **** 
 336:Drivers/STM32G4xx_HAL_Driver/Src/stm32g4xx_hal_exti.c ****     /* Get falling configuration */
 337:Drivers/STM32G4xx_HAL_Driver/Src/stm32g4xx_hal_exti.c ****     regaddr = (&EXTI->FTSR1 + (EXTI_CONFIG_OFFSET * offset));
 323              		.loc 1 337 0
 324 0054 174C     		ldr	r4, .L36+12
 325              	.LVL55:
 338:Drivers/STM32G4xx_HAL_Driver/Src/stm32g4xx_hal_exti.c ****     regval = *regaddr;
 326              		.loc 1 338 0
 327 0056 0059     		ldr	r0, [r0, r4]
 328              	.LVL56:
 339:Drivers/STM32G4xx_HAL_Driver/Src/stm32g4xx_hal_exti.c **** 
 340:Drivers/STM32G4xx_HAL_Driver/Src/stm32g4xx_hal_exti.c ****     /* Check if configuration of selected line is enable */
 341:Drivers/STM32G4xx_HAL_Driver/Src/stm32g4xx_hal_exti.c ****     if ((regval & maskline) != 0x00u)
 329              		.loc 1 341 0
 330 0058 0142     		tst	r1, r0
 331 005a 03D0     		beq	.L28
 342:Drivers/STM32G4xx_HAL_Driver/Src/stm32g4xx_hal_exti.c ****     {
 343:Drivers/STM32G4xx_HAL_Driver/Src/stm32g4xx_hal_exti.c ****       pExtiConfig->Trigger |= EXTI_TRIGGER_FALLING;
 332              		.loc 1 343 0
 333 005c 9968     		ldr	r1, [r3, #8]
ARM GAS  /var/folders/17/j_dgbcc52q10y0jc3c_zbwd80000gn/T//ccGXFH95.s 			page 13


 334              	.LVL57:
 335 005e 41F00201 		orr	r1, r1, #2
 336 0062 9960     		str	r1, [r3, #8]
 337              	.L28:
 344:Drivers/STM32G4xx_HAL_Driver/Src/stm32g4xx_hal_exti.c ****     }
 345:Drivers/STM32G4xx_HAL_Driver/Src/stm32g4xx_hal_exti.c **** 
 346:Drivers/STM32G4xx_HAL_Driver/Src/stm32g4xx_hal_exti.c ****     /* Get Gpio port selection for gpio lines */
 347:Drivers/STM32G4xx_HAL_Driver/Src/stm32g4xx_hal_exti.c ****     if ((pExtiConfig->Line & EXTI_GPIO) == EXTI_GPIO)
 338              		.loc 1 347 0
 339 0064 02F0C061 		and	r1, r2, #100663296
 340 0068 B1F1C06F 		cmp	r1, #100663296
 341 006c 08D0     		beq	.L35
 348:Drivers/STM32G4xx_HAL_Driver/Src/stm32g4xx_hal_exti.c ****     {
 349:Drivers/STM32G4xx_HAL_Driver/Src/stm32g4xx_hal_exti.c ****       assert_param(IS_EXTI_GPIO_PIN(linepos));
 350:Drivers/STM32G4xx_HAL_Driver/Src/stm32g4xx_hal_exti.c **** 
 351:Drivers/STM32G4xx_HAL_Driver/Src/stm32g4xx_hal_exti.c ****       regval = SYSCFG->EXTICR[linepos >> 2u];
 352:Drivers/STM32G4xx_HAL_Driver/Src/stm32g4xx_hal_exti.c ****       pExtiConfig->GPIOSel = ((regval >> (SYSCFG_EXTICR1_EXTI1_Pos * ((linepos & 0x03u)))));
 353:Drivers/STM32G4xx_HAL_Driver/Src/stm32g4xx_hal_exti.c ****     }
 354:Drivers/STM32G4xx_HAL_Driver/Src/stm32g4xx_hal_exti.c ****     else
 355:Drivers/STM32G4xx_HAL_Driver/Src/stm32g4xx_hal_exti.c ****     {
 356:Drivers/STM32G4xx_HAL_Driver/Src/stm32g4xx_hal_exti.c ****       pExtiConfig->GPIOSel = 0x00u;
 342              		.loc 1 356 0
 343 006e 0020     		movs	r0, #0
 344              	.LVL58:
 345 0070 D860     		str	r0, [r3, #12]
 346 0072 15E0     		b	.L21
 347              	.LVL59:
 348              	.L22:
 307:Drivers/STM32G4xx_HAL_Driver/Src/stm32g4xx_hal_exti.c ****   }
 349              		.loc 1 307 0
 350 0074 0024     		movs	r4, #0
 351              	.LVL60:
 352 0076 5C60     		str	r4, [r3, #4]
 353 0078 DBE7     		b	.L23
 354              	.LVL61:
 355              	.L26:
 333:Drivers/STM32G4xx_HAL_Driver/Src/stm32g4xx_hal_exti.c ****     }
 356              		.loc 1 333 0
 357 007a 0024     		movs	r4, #0
 358              	.LVL62:
 359 007c 9C60     		str	r4, [r3, #8]
 360 007e E9E7     		b	.L27
 361              	.LVL63:
 362              	.L35:
 351:Drivers/STM32G4xx_HAL_Driver/Src/stm32g4xx_hal_exti.c ****       pExtiConfig->GPIOSel = ((regval >> (SYSCFG_EXTICR1_EXTI1_Pos * ((linepos & 0x03u)))));
 363              		.loc 1 351 0
 364 0080 A908     		lsrs	r1, r5, #2
 365 0082 0231     		adds	r1, r1, #2
 366 0084 0C48     		ldr	r0, .L36+16
 367              	.LVL64:
 368 0086 50F82110 		ldr	r1, [r0, r1, lsl #2]
 369              	.LVL65:
 352:Drivers/STM32G4xx_HAL_Driver/Src/stm32g4xx_hal_exti.c ****     }
 370              		.loc 1 352 0
 371 008a 02F00302 		and	r2, r2, #3
 372              	.LVL66:
 373 008e 9200     		lsls	r2, r2, #2
ARM GAS  /var/folders/17/j_dgbcc52q10y0jc3c_zbwd80000gn/T//ccGXFH95.s 			page 14


 374 0090 21FA02F2 		lsr	r2, r1, r2
 375 0094 DA60     		str	r2, [r3, #12]
 357:Drivers/STM32G4xx_HAL_Driver/Src/stm32g4xx_hal_exti.c ****     }
 358:Drivers/STM32G4xx_HAL_Driver/Src/stm32g4xx_hal_exti.c ****   }
 359:Drivers/STM32G4xx_HAL_Driver/Src/stm32g4xx_hal_exti.c ****   else
 360:Drivers/STM32G4xx_HAL_Driver/Src/stm32g4xx_hal_exti.c ****   {
 361:Drivers/STM32G4xx_HAL_Driver/Src/stm32g4xx_hal_exti.c ****     pExtiConfig->Trigger = EXTI_TRIGGER_NONE;
 362:Drivers/STM32G4xx_HAL_Driver/Src/stm32g4xx_hal_exti.c ****     pExtiConfig->GPIOSel = 0x00u;
 363:Drivers/STM32G4xx_HAL_Driver/Src/stm32g4xx_hal_exti.c ****   }
 364:Drivers/STM32G4xx_HAL_Driver/Src/stm32g4xx_hal_exti.c **** 
 365:Drivers/STM32G4xx_HAL_Driver/Src/stm32g4xx_hal_exti.c ****   return HAL_OK;
 376              		.loc 1 365 0
 377 0096 0020     		movs	r0, #0
 378 0098 02E0     		b	.L21
 379              	.LVL67:
 380              	.L25:
 361:Drivers/STM32G4xx_HAL_Driver/Src/stm32g4xx_hal_exti.c ****     pExtiConfig->GPIOSel = 0x00u;
 381              		.loc 1 361 0
 382 009a 0020     		movs	r0, #0
 383              	.LVL68:
 384 009c 9860     		str	r0, [r3, #8]
 362:Drivers/STM32G4xx_HAL_Driver/Src/stm32g4xx_hal_exti.c ****   }
 385              		.loc 1 362 0
 386 009e D860     		str	r0, [r3, #12]
 387              	.LVL69:
 388              	.L21:
 366:Drivers/STM32G4xx_HAL_Driver/Src/stm32g4xx_hal_exti.c **** }
 389              		.loc 1 366 0
 390 00a0 30BC     		pop	{r4, r5}
 391              		.cfi_restore 5
 392              		.cfi_restore 4
 393              		.cfi_def_cfa_offset 0
 394              	.LVL70:
 395 00a2 7047     		bx	lr
 396              	.LVL71:
 397              	.L30:
 280:Drivers/STM32G4xx_HAL_Driver/Src/stm32g4xx_hal_exti.c ****   }
 398              		.loc 1 280 0
 399 00a4 0120     		movs	r0, #1
 400              	.LVL72:
 401              		.loc 1 366 0
 402 00a6 7047     		bx	lr
 403              	.L37:
 404              		.align	2
 405              	.L36:
 406 00a8 00040140 		.word	1073808384
 407 00ac 04040140 		.word	1073808388
 408 00b0 08040140 		.word	1073808392
 409 00b4 0C040140 		.word	1073808396
 410 00b8 00000140 		.word	1073807360
 411              		.cfi_endproc
 412              	.LFE131:
 414              		.section	.text.HAL_EXTI_ClearConfigLine,"ax",%progbits
 415              		.align	1
 416              		.global	HAL_EXTI_ClearConfigLine
 417              		.syntax unified
 418              		.thumb
ARM GAS  /var/folders/17/j_dgbcc52q10y0jc3c_zbwd80000gn/T//ccGXFH95.s 			page 15


 419              		.thumb_func
 420              		.fpu fpv5-sp-d16
 422              	HAL_EXTI_ClearConfigLine:
 423              	.LFB132:
 367:Drivers/STM32G4xx_HAL_Driver/Src/stm32g4xx_hal_exti.c **** 
 368:Drivers/STM32G4xx_HAL_Driver/Src/stm32g4xx_hal_exti.c **** 
 369:Drivers/STM32G4xx_HAL_Driver/Src/stm32g4xx_hal_exti.c **** /**
 370:Drivers/STM32G4xx_HAL_Driver/Src/stm32g4xx_hal_exti.c ****   * @brief  Clear whole configuration of a dedicated Exti line.
 371:Drivers/STM32G4xx_HAL_Driver/Src/stm32g4xx_hal_exti.c ****   * @param  hexti Exti handle.
 372:Drivers/STM32G4xx_HAL_Driver/Src/stm32g4xx_hal_exti.c ****   * @retval HAL Status.
 373:Drivers/STM32G4xx_HAL_Driver/Src/stm32g4xx_hal_exti.c ****   */
 374:Drivers/STM32G4xx_HAL_Driver/Src/stm32g4xx_hal_exti.c **** HAL_StatusTypeDef HAL_EXTI_ClearConfigLine(EXTI_HandleTypeDef *hexti)
 375:Drivers/STM32G4xx_HAL_Driver/Src/stm32g4xx_hal_exti.c **** {
 424              		.loc 1 375 0
 425              		.cfi_startproc
 426              		@ args = 0, pretend = 0, frame = 0
 427              		@ frame_needed = 0, uses_anonymous_args = 0
 428              		@ link register save eliminated.
 429              	.LVL73:
 376:Drivers/STM32G4xx_HAL_Driver/Src/stm32g4xx_hal_exti.c ****   __IO uint32_t *regaddr;
 377:Drivers/STM32G4xx_HAL_Driver/Src/stm32g4xx_hal_exti.c ****   uint32_t regval;
 378:Drivers/STM32G4xx_HAL_Driver/Src/stm32g4xx_hal_exti.c ****   uint32_t linepos;
 379:Drivers/STM32G4xx_HAL_Driver/Src/stm32g4xx_hal_exti.c ****   uint32_t maskline;
 380:Drivers/STM32G4xx_HAL_Driver/Src/stm32g4xx_hal_exti.c ****   uint32_t offset;
 381:Drivers/STM32G4xx_HAL_Driver/Src/stm32g4xx_hal_exti.c **** 
 382:Drivers/STM32G4xx_HAL_Driver/Src/stm32g4xx_hal_exti.c ****   /* Check null pointer */
 383:Drivers/STM32G4xx_HAL_Driver/Src/stm32g4xx_hal_exti.c ****   if (hexti == NULL)
 430              		.loc 1 383 0
 431 0000 0028     		cmp	r0, #0
 432 0002 37D0     		beq	.L40
 375:Drivers/STM32G4xx_HAL_Driver/Src/stm32g4xx_hal_exti.c ****   __IO uint32_t *regaddr;
 433              		.loc 1 375 0
 434 0004 70B4     		push	{r4, r5, r6}
 435              		.cfi_def_cfa_offset 12
 436              		.cfi_offset 4, -12
 437              		.cfi_offset 5, -8
 438              		.cfi_offset 6, -4
 439 0006 0446     		mov	r4, r0
 384:Drivers/STM32G4xx_HAL_Driver/Src/stm32g4xx_hal_exti.c ****   {
 385:Drivers/STM32G4xx_HAL_Driver/Src/stm32g4xx_hal_exti.c ****     return HAL_ERROR;
 386:Drivers/STM32G4xx_HAL_Driver/Src/stm32g4xx_hal_exti.c ****   }
 387:Drivers/STM32G4xx_HAL_Driver/Src/stm32g4xx_hal_exti.c **** 
 388:Drivers/STM32G4xx_HAL_Driver/Src/stm32g4xx_hal_exti.c ****   /* Check the parameter */
 389:Drivers/STM32G4xx_HAL_Driver/Src/stm32g4xx_hal_exti.c ****   assert_param(IS_EXTI_LINE(hexti->Line));
 390:Drivers/STM32G4xx_HAL_Driver/Src/stm32g4xx_hal_exti.c **** 
 391:Drivers/STM32G4xx_HAL_Driver/Src/stm32g4xx_hal_exti.c ****   /* compute line register offset and line mask */
 392:Drivers/STM32G4xx_HAL_Driver/Src/stm32g4xx_hal_exti.c ****   offset = ((hexti->Line & EXTI_REG_MASK) >> EXTI_REG_SHIFT);
 440              		.loc 1 392 0
 441 0008 0068     		ldr	r0, [r0]
 442              	.LVL74:
 443 000a C0F30043 		ubfx	r3, r0, #16, #1
 444              	.LVL75:
 393:Drivers/STM32G4xx_HAL_Driver/Src/stm32g4xx_hal_exti.c ****   /* compute line position */
 394:Drivers/STM32G4xx_HAL_Driver/Src/stm32g4xx_hal_exti.c ****   linepos = (hexti->Line & EXTI_PIN_MASK);
 445              		.loc 1 394 0
 446 000e 00F01F05 		and	r5, r0, #31
 447              	.LVL76:
ARM GAS  /var/folders/17/j_dgbcc52q10y0jc3c_zbwd80000gn/T//ccGXFH95.s 			page 16


 395:Drivers/STM32G4xx_HAL_Driver/Src/stm32g4xx_hal_exti.c ****   /* compute line mask */
 396:Drivers/STM32G4xx_HAL_Driver/Src/stm32g4xx_hal_exti.c ****   maskline = (1uL << linepos);
 448              		.loc 1 396 0
 449 0012 0122     		movs	r2, #1
 450 0014 AA40     		lsls	r2, r2, r5
 451              	.LVL77:
 397:Drivers/STM32G4xx_HAL_Driver/Src/stm32g4xx_hal_exti.c **** 
 398:Drivers/STM32G4xx_HAL_Driver/Src/stm32g4xx_hal_exti.c ****   /* 1] Clear interrupt mode */
 399:Drivers/STM32G4xx_HAL_Driver/Src/stm32g4xx_hal_exti.c ****   regaddr = (&EXTI->IMR1 + (EXTI_MODE_OFFSET * offset));
 452              		.loc 1 399 0
 453 0016 5B01     		lsls	r3, r3, #5
 454              	.LVL78:
 455 0018 194E     		ldr	r6, .L48
 456              	.LVL79:
 400:Drivers/STM32G4xx_HAL_Driver/Src/stm32g4xx_hal_exti.c ****   regval = (*regaddr & ~maskline);
 457              		.loc 1 400 0
 458 001a 9959     		ldr	r1, [r3, r6]
 459 001c D243     		mvns	r2, r2
 460              	.LVL80:
 461 001e 1140     		ands	r1, r1, r2
 462              	.LVL81:
 401:Drivers/STM32G4xx_HAL_Driver/Src/stm32g4xx_hal_exti.c ****   *regaddr = regval;
 463              		.loc 1 401 0
 464 0020 9951     		str	r1, [r3, r6]
 402:Drivers/STM32G4xx_HAL_Driver/Src/stm32g4xx_hal_exti.c **** 
 403:Drivers/STM32G4xx_HAL_Driver/Src/stm32g4xx_hal_exti.c ****   /* 2] Clear event mode */
 404:Drivers/STM32G4xx_HAL_Driver/Src/stm32g4xx_hal_exti.c ****   regaddr = (&EXTI->EMR1 + (EXTI_MODE_OFFSET * offset));
 465              		.loc 1 404 0
 466 0022 0436     		adds	r6, r6, #4
 467              	.LVL82:
 405:Drivers/STM32G4xx_HAL_Driver/Src/stm32g4xx_hal_exti.c ****   regval = (*regaddr & ~maskline);
 468              		.loc 1 405 0
 469 0024 9959     		ldr	r1, [r3, r6]
 470              	.LVL83:
 471 0026 1140     		ands	r1, r1, r2
 472              	.LVL84:
 406:Drivers/STM32G4xx_HAL_Driver/Src/stm32g4xx_hal_exti.c ****   *regaddr = regval;
 473              		.loc 1 406 0
 474 0028 9951     		str	r1, [r3, r6]
 407:Drivers/STM32G4xx_HAL_Driver/Src/stm32g4xx_hal_exti.c **** 
 408:Drivers/STM32G4xx_HAL_Driver/Src/stm32g4xx_hal_exti.c ****   /* 3] Clear triggers in case of configurable lines */
 409:Drivers/STM32G4xx_HAL_Driver/Src/stm32g4xx_hal_exti.c ****   if ((hexti->Line & EXTI_CONFIG) != 0x00u)
 475              		.loc 1 409 0
 476 002a 2168     		ldr	r1, [r4]
 477              	.LVL85:
 478 002c 11F0007F 		tst	r1, #33554432
 479 0030 22D0     		beq	.L41
 410:Drivers/STM32G4xx_HAL_Driver/Src/stm32g4xx_hal_exti.c ****   {
 411:Drivers/STM32G4xx_HAL_Driver/Src/stm32g4xx_hal_exti.c ****     regaddr = (&EXTI->RTSR1 + (EXTI_CONFIG_OFFSET * offset));
 480              		.loc 1 411 0
 481 0032 0436     		adds	r6, r6, #4
 482              	.LVL86:
 412:Drivers/STM32G4xx_HAL_Driver/Src/stm32g4xx_hal_exti.c ****     regval = (*regaddr & ~maskline);
 483              		.loc 1 412 0
 484 0034 9959     		ldr	r1, [r3, r6]
 485 0036 1140     		ands	r1, r1, r2
 486              	.LVL87:
ARM GAS  /var/folders/17/j_dgbcc52q10y0jc3c_zbwd80000gn/T//ccGXFH95.s 			page 17


 413:Drivers/STM32G4xx_HAL_Driver/Src/stm32g4xx_hal_exti.c ****     *regaddr = regval;
 487              		.loc 1 413 0
 488 0038 9951     		str	r1, [r3, r6]
 414:Drivers/STM32G4xx_HAL_Driver/Src/stm32g4xx_hal_exti.c **** 
 415:Drivers/STM32G4xx_HAL_Driver/Src/stm32g4xx_hal_exti.c ****     regaddr = (&EXTI->FTSR1 + (EXTI_CONFIG_OFFSET * offset));
 489              		.loc 1 415 0
 490 003a 1249     		ldr	r1, .L48+4
 491              	.LVL88:
 416:Drivers/STM32G4xx_HAL_Driver/Src/stm32g4xx_hal_exti.c ****     regval = (*regaddr & ~maskline);
 492              		.loc 1 416 0
 493 003c 5E58     		ldr	r6, [r3, r1]
 494              	.LVL89:
 495 003e 3240     		ands	r2, r2, r6
 496              	.LVL90:
 417:Drivers/STM32G4xx_HAL_Driver/Src/stm32g4xx_hal_exti.c ****     *regaddr = regval;
 497              		.loc 1 417 0
 498 0040 5A50     		str	r2, [r3, r1]
 418:Drivers/STM32G4xx_HAL_Driver/Src/stm32g4xx_hal_exti.c **** 
 419:Drivers/STM32G4xx_HAL_Driver/Src/stm32g4xx_hal_exti.c ****     /* Get Gpio port selection for gpio lines */
 420:Drivers/STM32G4xx_HAL_Driver/Src/stm32g4xx_hal_exti.c ****     if ((hexti->Line & EXTI_GPIO) == EXTI_GPIO)
 499              		.loc 1 420 0
 500 0042 2368     		ldr	r3, [r4]
 501              	.LVL91:
 502 0044 03F0C063 		and	r3, r3, #100663296
 503 0048 B3F1C06F 		cmp	r3, #100663296
 504 004c 01D0     		beq	.L47
 421:Drivers/STM32G4xx_HAL_Driver/Src/stm32g4xx_hal_exti.c ****     {
 422:Drivers/STM32G4xx_HAL_Driver/Src/stm32g4xx_hal_exti.c ****       assert_param(IS_EXTI_GPIO_PIN(linepos));
 423:Drivers/STM32G4xx_HAL_Driver/Src/stm32g4xx_hal_exti.c **** 
 424:Drivers/STM32G4xx_HAL_Driver/Src/stm32g4xx_hal_exti.c ****       regval = SYSCFG->EXTICR[linepos >> 2u];
 425:Drivers/STM32G4xx_HAL_Driver/Src/stm32g4xx_hal_exti.c ****       regval &= ~(SYSCFG_EXTICR1_EXTI0 << (SYSCFG_EXTICR1_EXTI1_Pos * (linepos & 0x03u)));
 426:Drivers/STM32G4xx_HAL_Driver/Src/stm32g4xx_hal_exti.c ****       SYSCFG->EXTICR[linepos >> 2u] = regval;
 427:Drivers/STM32G4xx_HAL_Driver/Src/stm32g4xx_hal_exti.c ****     }
 428:Drivers/STM32G4xx_HAL_Driver/Src/stm32g4xx_hal_exti.c ****   }
 429:Drivers/STM32G4xx_HAL_Driver/Src/stm32g4xx_hal_exti.c **** 
 430:Drivers/STM32G4xx_HAL_Driver/Src/stm32g4xx_hal_exti.c ****   return HAL_OK;
 505              		.loc 1 430 0
 506 004e 0020     		movs	r0, #0
 507              	.LVL92:
 508 0050 13E0     		b	.L39
 509              	.LVL93:
 510              	.L47:
 424:Drivers/STM32G4xx_HAL_Driver/Src/stm32g4xx_hal_exti.c ****       regval &= ~(SYSCFG_EXTICR1_EXTI0 << (SYSCFG_EXTICR1_EXTI1_Pos * (linepos & 0x03u)));
 511              		.loc 1 424 0
 512 0052 AD08     		lsrs	r5, r5, #2
 513              	.LVL94:
 514 0054 0C4C     		ldr	r4, .L48+8
 515              	.LVL95:
 516 0056 0235     		adds	r5, r5, #2
 517 0058 54F82520 		ldr	r2, [r4, r5, lsl #2]
 518              	.LVL96:
 425:Drivers/STM32G4xx_HAL_Driver/Src/stm32g4xx_hal_exti.c ****       SYSCFG->EXTICR[linepos >> 2u] = regval;
 519              		.loc 1 425 0
 520 005c 00F00303 		and	r3, r0, #3
 521 0060 9B00     		lsls	r3, r3, #2
 522 0062 0721     		movs	r1, #7
 523              	.LVL97:
ARM GAS  /var/folders/17/j_dgbcc52q10y0jc3c_zbwd80000gn/T//ccGXFH95.s 			page 18


 524 0064 01FA03F3 		lsl	r3, r1, r3
 525 0068 22EA0303 		bic	r3, r2, r3
 526              	.LVL98:
 426:Drivers/STM32G4xx_HAL_Driver/Src/stm32g4xx_hal_exti.c ****     }
 527              		.loc 1 426 0
 528 006c 44F82530 		str	r3, [r4, r5, lsl #2]
 529              		.loc 1 430 0
 530 0070 0020     		movs	r0, #0
 531              	.LVL99:
 532 0072 02E0     		b	.L39
 533              	.LVL100:
 534              	.L40:
 535              		.cfi_def_cfa_offset 0
 536              		.cfi_restore 4
 537              		.cfi_restore 5
 538              		.cfi_restore 6
 385:Drivers/STM32G4xx_HAL_Driver/Src/stm32g4xx_hal_exti.c ****   }
 539              		.loc 1 385 0
 540 0074 0120     		movs	r0, #1
 541              	.LVL101:
 431:Drivers/STM32G4xx_HAL_Driver/Src/stm32g4xx_hal_exti.c **** }
 542              		.loc 1 431 0
 543 0076 7047     		bx	lr
 544              	.LVL102:
 545              	.L41:
 546              		.cfi_def_cfa_offset 12
 547              		.cfi_offset 4, -12
 548              		.cfi_offset 5, -8
 549              		.cfi_offset 6, -4
 430:Drivers/STM32G4xx_HAL_Driver/Src/stm32g4xx_hal_exti.c **** }
 550              		.loc 1 430 0
 551 0078 0020     		movs	r0, #0
 552              	.LVL103:
 553              	.L39:
 554              		.loc 1 431 0
 555 007a 70BC     		pop	{r4, r5, r6}
 556              		.cfi_restore 6
 557              		.cfi_restore 5
 558              		.cfi_restore 4
 559              		.cfi_def_cfa_offset 0
 560 007c 7047     		bx	lr
 561              	.L49:
 562 007e 00BF     		.align	2
 563              	.L48:
 564 0080 00040140 		.word	1073808384
 565 0084 0C040140 		.word	1073808396
 566 0088 00000140 		.word	1073807360
 567              		.cfi_endproc
 568              	.LFE132:
 570              		.section	.text.HAL_EXTI_RegisterCallback,"ax",%progbits
 571              		.align	1
 572              		.global	HAL_EXTI_RegisterCallback
 573              		.syntax unified
 574              		.thumb
 575              		.thumb_func
 576              		.fpu fpv5-sp-d16
 578              	HAL_EXTI_RegisterCallback:
ARM GAS  /var/folders/17/j_dgbcc52q10y0jc3c_zbwd80000gn/T//ccGXFH95.s 			page 19


 579              	.LFB133:
 432:Drivers/STM32G4xx_HAL_Driver/Src/stm32g4xx_hal_exti.c **** 
 433:Drivers/STM32G4xx_HAL_Driver/Src/stm32g4xx_hal_exti.c **** 
 434:Drivers/STM32G4xx_HAL_Driver/Src/stm32g4xx_hal_exti.c **** /**
 435:Drivers/STM32G4xx_HAL_Driver/Src/stm32g4xx_hal_exti.c ****   * @brief  Register callback for a dedicated Exti line.
 436:Drivers/STM32G4xx_HAL_Driver/Src/stm32g4xx_hal_exti.c ****   * @param  hexti Exti handle.
 437:Drivers/STM32G4xx_HAL_Driver/Src/stm32g4xx_hal_exti.c ****   * @param  CallbackID User callback identifier.
 438:Drivers/STM32G4xx_HAL_Driver/Src/stm32g4xx_hal_exti.c ****   *         This parameter can be one of @arg @ref EXTI_CallbackIDTypeDef values.
 439:Drivers/STM32G4xx_HAL_Driver/Src/stm32g4xx_hal_exti.c ****   * @param  pPendingCbfn function pointer to be stored as callback.
 440:Drivers/STM32G4xx_HAL_Driver/Src/stm32g4xx_hal_exti.c ****   * @retval HAL Status.
 441:Drivers/STM32G4xx_HAL_Driver/Src/stm32g4xx_hal_exti.c ****   */
 442:Drivers/STM32G4xx_HAL_Driver/Src/stm32g4xx_hal_exti.c **** HAL_StatusTypeDef HAL_EXTI_RegisterCallback(EXTI_HandleTypeDef *hexti, EXTI_CallbackIDTypeDef Callb
 443:Drivers/STM32G4xx_HAL_Driver/Src/stm32g4xx_hal_exti.c **** {
 580              		.loc 1 443 0
 581              		.cfi_startproc
 582              		@ args = 0, pretend = 0, frame = 0
 583              		@ frame_needed = 0, uses_anonymous_args = 0
 584              		@ link register save eliminated.
 585              	.LVL104:
 444:Drivers/STM32G4xx_HAL_Driver/Src/stm32g4xx_hal_exti.c ****   HAL_StatusTypeDef status = HAL_OK;
 445:Drivers/STM32G4xx_HAL_Driver/Src/stm32g4xx_hal_exti.c **** 
 446:Drivers/STM32G4xx_HAL_Driver/Src/stm32g4xx_hal_exti.c ****   /* Check the parameters */
 447:Drivers/STM32G4xx_HAL_Driver/Src/stm32g4xx_hal_exti.c ****   assert_param(IS_EXTI_CB(CallbackID));
 448:Drivers/STM32G4xx_HAL_Driver/Src/stm32g4xx_hal_exti.c **** 
 449:Drivers/STM32G4xx_HAL_Driver/Src/stm32g4xx_hal_exti.c ****   switch (CallbackID)
 586              		.loc 1 449 0
 587 0000 19B1     		cbz	r1, .L55
 450:Drivers/STM32G4xx_HAL_Driver/Src/stm32g4xx_hal_exti.c ****   {
 451:Drivers/STM32G4xx_HAL_Driver/Src/stm32g4xx_hal_exti.c ****     /* set common callback */
 452:Drivers/STM32G4xx_HAL_Driver/Src/stm32g4xx_hal_exti.c ****     case  HAL_EXTI_COMMON_CB_ID:
 453:Drivers/STM32G4xx_HAL_Driver/Src/stm32g4xx_hal_exti.c ****       hexti->PendingCallback = pPendingCbfn;
 454:Drivers/STM32G4xx_HAL_Driver/Src/stm32g4xx_hal_exti.c ****       break;
 455:Drivers/STM32G4xx_HAL_Driver/Src/stm32g4xx_hal_exti.c **** 
 456:Drivers/STM32G4xx_HAL_Driver/Src/stm32g4xx_hal_exti.c ****     default:
 457:Drivers/STM32G4xx_HAL_Driver/Src/stm32g4xx_hal_exti.c ****       hexti->PendingCallback = NULL;
 588              		.loc 1 457 0
 589 0002 0023     		movs	r3, #0
 590 0004 4360     		str	r3, [r0, #4]
 591              	.LVL105:
 458:Drivers/STM32G4xx_HAL_Driver/Src/stm32g4xx_hal_exti.c ****       status = HAL_ERROR;
 592              		.loc 1 458 0
 593 0006 0120     		movs	r0, #1
 594              	.LVL106:
 459:Drivers/STM32G4xx_HAL_Driver/Src/stm32g4xx_hal_exti.c ****       break;
 460:Drivers/STM32G4xx_HAL_Driver/Src/stm32g4xx_hal_exti.c ****   }
 461:Drivers/STM32G4xx_HAL_Driver/Src/stm32g4xx_hal_exti.c **** 
 462:Drivers/STM32G4xx_HAL_Driver/Src/stm32g4xx_hal_exti.c ****   return status;
 463:Drivers/STM32G4xx_HAL_Driver/Src/stm32g4xx_hal_exti.c **** }
 595              		.loc 1 463 0
 596 0008 7047     		bx	lr
 597              	.LVL107:
 598              	.L55:
 453:Drivers/STM32G4xx_HAL_Driver/Src/stm32g4xx_hal_exti.c ****       break;
 599              		.loc 1 453 0
 600 000a 4260     		str	r2, [r0, #4]
 444:Drivers/STM32G4xx_HAL_Driver/Src/stm32g4xx_hal_exti.c **** 
 601              		.loc 1 444 0
ARM GAS  /var/folders/17/j_dgbcc52q10y0jc3c_zbwd80000gn/T//ccGXFH95.s 			page 20


 602 000c 0020     		movs	r0, #0
 603              	.LVL108:
 454:Drivers/STM32G4xx_HAL_Driver/Src/stm32g4xx_hal_exti.c **** 
 604              		.loc 1 454 0
 605 000e 7047     		bx	lr
 606              		.cfi_endproc
 607              	.LFE133:
 609              		.section	.text.HAL_EXTI_GetHandle,"ax",%progbits
 610              		.align	1
 611              		.global	HAL_EXTI_GetHandle
 612              		.syntax unified
 613              		.thumb
 614              		.thumb_func
 615              		.fpu fpv5-sp-d16
 617              	HAL_EXTI_GetHandle:
 618              	.LFB134:
 464:Drivers/STM32G4xx_HAL_Driver/Src/stm32g4xx_hal_exti.c **** 
 465:Drivers/STM32G4xx_HAL_Driver/Src/stm32g4xx_hal_exti.c **** 
 466:Drivers/STM32G4xx_HAL_Driver/Src/stm32g4xx_hal_exti.c **** /**
 467:Drivers/STM32G4xx_HAL_Driver/Src/stm32g4xx_hal_exti.c ****   * @brief  Store line number as handle private field.
 468:Drivers/STM32G4xx_HAL_Driver/Src/stm32g4xx_hal_exti.c ****   * @param  hexti Exti handle.
 469:Drivers/STM32G4xx_HAL_Driver/Src/stm32g4xx_hal_exti.c ****   * @param  ExtiLine Exti line number.
 470:Drivers/STM32G4xx_HAL_Driver/Src/stm32g4xx_hal_exti.c ****   *         This parameter can be from 0 to @ref EXTI_LINE_NB.
 471:Drivers/STM32G4xx_HAL_Driver/Src/stm32g4xx_hal_exti.c ****   * @retval HAL Status.
 472:Drivers/STM32G4xx_HAL_Driver/Src/stm32g4xx_hal_exti.c ****   */
 473:Drivers/STM32G4xx_HAL_Driver/Src/stm32g4xx_hal_exti.c **** HAL_StatusTypeDef HAL_EXTI_GetHandle(EXTI_HandleTypeDef *hexti, uint32_t ExtiLine)
 474:Drivers/STM32G4xx_HAL_Driver/Src/stm32g4xx_hal_exti.c **** {
 619              		.loc 1 474 0
 620              		.cfi_startproc
 621              		@ args = 0, pretend = 0, frame = 0
 622              		@ frame_needed = 0, uses_anonymous_args = 0
 623              		@ link register save eliminated.
 624              	.LVL109:
 475:Drivers/STM32G4xx_HAL_Driver/Src/stm32g4xx_hal_exti.c ****   /* Check the parameters */
 476:Drivers/STM32G4xx_HAL_Driver/Src/stm32g4xx_hal_exti.c ****   assert_param(IS_EXTI_LINE(ExtiLine));
 477:Drivers/STM32G4xx_HAL_Driver/Src/stm32g4xx_hal_exti.c **** 
 478:Drivers/STM32G4xx_HAL_Driver/Src/stm32g4xx_hal_exti.c ****   /* Check null pointer */
 479:Drivers/STM32G4xx_HAL_Driver/Src/stm32g4xx_hal_exti.c ****   if (hexti == NULL)
 625              		.loc 1 479 0
 626 0000 10B1     		cbz	r0, .L58
 480:Drivers/STM32G4xx_HAL_Driver/Src/stm32g4xx_hal_exti.c ****   {
 481:Drivers/STM32G4xx_HAL_Driver/Src/stm32g4xx_hal_exti.c ****     return HAL_ERROR;
 482:Drivers/STM32G4xx_HAL_Driver/Src/stm32g4xx_hal_exti.c ****   }
 483:Drivers/STM32G4xx_HAL_Driver/Src/stm32g4xx_hal_exti.c ****   else
 484:Drivers/STM32G4xx_HAL_Driver/Src/stm32g4xx_hal_exti.c ****   {
 485:Drivers/STM32G4xx_HAL_Driver/Src/stm32g4xx_hal_exti.c ****     /* Store line number as handle private field */
 486:Drivers/STM32G4xx_HAL_Driver/Src/stm32g4xx_hal_exti.c ****     hexti->Line = ExtiLine;
 627              		.loc 1 486 0
 628 0002 0160     		str	r1, [r0]
 487:Drivers/STM32G4xx_HAL_Driver/Src/stm32g4xx_hal_exti.c **** 
 488:Drivers/STM32G4xx_HAL_Driver/Src/stm32g4xx_hal_exti.c ****     return HAL_OK;
 629              		.loc 1 488 0
 630 0004 0020     		movs	r0, #0
 631              	.LVL110:
 632 0006 7047     		bx	lr
 633              	.LVL111:
 634              	.L58:
ARM GAS  /var/folders/17/j_dgbcc52q10y0jc3c_zbwd80000gn/T//ccGXFH95.s 			page 21


 481:Drivers/STM32G4xx_HAL_Driver/Src/stm32g4xx_hal_exti.c ****   }
 635              		.loc 1 481 0
 636 0008 0120     		movs	r0, #1
 637              	.LVL112:
 489:Drivers/STM32G4xx_HAL_Driver/Src/stm32g4xx_hal_exti.c ****   }
 490:Drivers/STM32G4xx_HAL_Driver/Src/stm32g4xx_hal_exti.c **** }
 638              		.loc 1 490 0
 639 000a 7047     		bx	lr
 640              		.cfi_endproc
 641              	.LFE134:
 643              		.section	.text.HAL_EXTI_IRQHandler,"ax",%progbits
 644              		.align	1
 645              		.global	HAL_EXTI_IRQHandler
 646              		.syntax unified
 647              		.thumb
 648              		.thumb_func
 649              		.fpu fpv5-sp-d16
 651              	HAL_EXTI_IRQHandler:
 652              	.LFB135:
 491:Drivers/STM32G4xx_HAL_Driver/Src/stm32g4xx_hal_exti.c **** 
 492:Drivers/STM32G4xx_HAL_Driver/Src/stm32g4xx_hal_exti.c **** 
 493:Drivers/STM32G4xx_HAL_Driver/Src/stm32g4xx_hal_exti.c **** /**
 494:Drivers/STM32G4xx_HAL_Driver/Src/stm32g4xx_hal_exti.c ****   * @}
 495:Drivers/STM32G4xx_HAL_Driver/Src/stm32g4xx_hal_exti.c ****   */
 496:Drivers/STM32G4xx_HAL_Driver/Src/stm32g4xx_hal_exti.c **** 
 497:Drivers/STM32G4xx_HAL_Driver/Src/stm32g4xx_hal_exti.c **** /** @addtogroup EXTI_Exported_Functions_Group2
 498:Drivers/STM32G4xx_HAL_Driver/Src/stm32g4xx_hal_exti.c ****   *  @brief EXTI IO functions.
 499:Drivers/STM32G4xx_HAL_Driver/Src/stm32g4xx_hal_exti.c ****   *
 500:Drivers/STM32G4xx_HAL_Driver/Src/stm32g4xx_hal_exti.c **** @verbatim
 501:Drivers/STM32G4xx_HAL_Driver/Src/stm32g4xx_hal_exti.c ****  ===============================================================================
 502:Drivers/STM32G4xx_HAL_Driver/Src/stm32g4xx_hal_exti.c ****                        ##### IO operation functions #####
 503:Drivers/STM32G4xx_HAL_Driver/Src/stm32g4xx_hal_exti.c ****  ===============================================================================
 504:Drivers/STM32G4xx_HAL_Driver/Src/stm32g4xx_hal_exti.c **** 
 505:Drivers/STM32G4xx_HAL_Driver/Src/stm32g4xx_hal_exti.c **** @endverbatim
 506:Drivers/STM32G4xx_HAL_Driver/Src/stm32g4xx_hal_exti.c ****   * @{
 507:Drivers/STM32G4xx_HAL_Driver/Src/stm32g4xx_hal_exti.c ****   */
 508:Drivers/STM32G4xx_HAL_Driver/Src/stm32g4xx_hal_exti.c **** 
 509:Drivers/STM32G4xx_HAL_Driver/Src/stm32g4xx_hal_exti.c **** /**
 510:Drivers/STM32G4xx_HAL_Driver/Src/stm32g4xx_hal_exti.c ****   * @brief  Handle EXTI interrupt request.
 511:Drivers/STM32G4xx_HAL_Driver/Src/stm32g4xx_hal_exti.c ****   * @param  hexti Exti handle.
 512:Drivers/STM32G4xx_HAL_Driver/Src/stm32g4xx_hal_exti.c ****   * @retval none.
 513:Drivers/STM32G4xx_HAL_Driver/Src/stm32g4xx_hal_exti.c ****   */
 514:Drivers/STM32G4xx_HAL_Driver/Src/stm32g4xx_hal_exti.c **** void HAL_EXTI_IRQHandler(EXTI_HandleTypeDef *hexti)
 515:Drivers/STM32G4xx_HAL_Driver/Src/stm32g4xx_hal_exti.c **** {
 653              		.loc 1 515 0
 654              		.cfi_startproc
 655              		@ args = 0, pretend = 0, frame = 0
 656              		@ frame_needed = 0, uses_anonymous_args = 0
 657              	.LVL113:
 658 0000 10B5     		push	{r4, lr}
 659              		.cfi_def_cfa_offset 8
 660              		.cfi_offset 4, -8
 661              		.cfi_offset 14, -4
 516:Drivers/STM32G4xx_HAL_Driver/Src/stm32g4xx_hal_exti.c ****   __IO uint32_t *regaddr;
 517:Drivers/STM32G4xx_HAL_Driver/Src/stm32g4xx_hal_exti.c ****   uint32_t regval;
 518:Drivers/STM32G4xx_HAL_Driver/Src/stm32g4xx_hal_exti.c ****   uint32_t maskline;
 519:Drivers/STM32G4xx_HAL_Driver/Src/stm32g4xx_hal_exti.c ****   uint32_t offset;
ARM GAS  /var/folders/17/j_dgbcc52q10y0jc3c_zbwd80000gn/T//ccGXFH95.s 			page 22


 520:Drivers/STM32G4xx_HAL_Driver/Src/stm32g4xx_hal_exti.c **** 
 521:Drivers/STM32G4xx_HAL_Driver/Src/stm32g4xx_hal_exti.c ****   /* Compute line register offset */
 522:Drivers/STM32G4xx_HAL_Driver/Src/stm32g4xx_hal_exti.c ****   offset = ((hexti->Line & EXTI_REG_MASK) >> EXTI_REG_SHIFT);
 662              		.loc 1 522 0
 663 0002 0368     		ldr	r3, [r0]
 664 0004 C3F30042 		ubfx	r2, r3, #16, #1
 665              	.LVL114:
 523:Drivers/STM32G4xx_HAL_Driver/Src/stm32g4xx_hal_exti.c ****   /* compute line mask */
 524:Drivers/STM32G4xx_HAL_Driver/Src/stm32g4xx_hal_exti.c ****   maskline = (1uL << (hexti->Line & EXTI_PIN_MASK));
 666              		.loc 1 524 0
 667 0008 03F01F03 		and	r3, r3, #31
 668 000c 0121     		movs	r1, #1
 669 000e 01FA03F3 		lsl	r3, r1, r3
 670              	.LVL115:
 525:Drivers/STM32G4xx_HAL_Driver/Src/stm32g4xx_hal_exti.c **** 
 526:Drivers/STM32G4xx_HAL_Driver/Src/stm32g4xx_hal_exti.c ****   /* Get pending bit  */
 527:Drivers/STM32G4xx_HAL_Driver/Src/stm32g4xx_hal_exti.c ****   regaddr = (&EXTI->PR1 + (EXTI_CONFIG_OFFSET * offset));
 671              		.loc 1 527 0
 672 0012 5201     		lsls	r2, r2, #5
 673              	.LVL116:
 674 0014 0449     		ldr	r1, .L62
 675              	.LVL117:
 528:Drivers/STM32G4xx_HAL_Driver/Src/stm32g4xx_hal_exti.c ****   regval = (*regaddr & maskline);
 676              		.loc 1 528 0
 677 0016 5458     		ldr	r4, [r2, r1]
 678              	.LVL118:
 529:Drivers/STM32G4xx_HAL_Driver/Src/stm32g4xx_hal_exti.c **** 
 530:Drivers/STM32G4xx_HAL_Driver/Src/stm32g4xx_hal_exti.c ****   if (regval != 0x00u)
 679              		.loc 1 530 0
 680 0018 1C42     		tst	r4, r3
 681 001a 03D0     		beq	.L59
 531:Drivers/STM32G4xx_HAL_Driver/Src/stm32g4xx_hal_exti.c ****   {
 532:Drivers/STM32G4xx_HAL_Driver/Src/stm32g4xx_hal_exti.c ****     /* Clear pending bit */
 533:Drivers/STM32G4xx_HAL_Driver/Src/stm32g4xx_hal_exti.c ****     *regaddr = maskline;
 682              		.loc 1 533 0
 683 001c 5350     		str	r3, [r2, r1]
 684              	.LVL119:
 534:Drivers/STM32G4xx_HAL_Driver/Src/stm32g4xx_hal_exti.c **** 
 535:Drivers/STM32G4xx_HAL_Driver/Src/stm32g4xx_hal_exti.c ****     /* Call pending callback */
 536:Drivers/STM32G4xx_HAL_Driver/Src/stm32g4xx_hal_exti.c ****     if (hexti->PendingCallback != NULL)
 685              		.loc 1 536 0
 686 001e 4368     		ldr	r3, [r0, #4]
 687              	.LVL120:
 688 0020 03B1     		cbz	r3, .L59
 537:Drivers/STM32G4xx_HAL_Driver/Src/stm32g4xx_hal_exti.c ****     {
 538:Drivers/STM32G4xx_HAL_Driver/Src/stm32g4xx_hal_exti.c ****       hexti->PendingCallback();
 689              		.loc 1 538 0
 690 0022 9847     		blx	r3
 691              	.LVL121:
 692              	.L59:
 539:Drivers/STM32G4xx_HAL_Driver/Src/stm32g4xx_hal_exti.c ****     }
 540:Drivers/STM32G4xx_HAL_Driver/Src/stm32g4xx_hal_exti.c ****   }
 541:Drivers/STM32G4xx_HAL_Driver/Src/stm32g4xx_hal_exti.c **** }
 693              		.loc 1 541 0
 694 0024 10BD     		pop	{r4, pc}
 695              	.L63:
 696 0026 00BF     		.align	2
ARM GAS  /var/folders/17/j_dgbcc52q10y0jc3c_zbwd80000gn/T//ccGXFH95.s 			page 23


 697              	.L62:
 698 0028 14040140 		.word	1073808404
 699              		.cfi_endproc
 700              	.LFE135:
 702              		.section	.text.HAL_EXTI_GetPending,"ax",%progbits
 703              		.align	1
 704              		.global	HAL_EXTI_GetPending
 705              		.syntax unified
 706              		.thumb
 707              		.thumb_func
 708              		.fpu fpv5-sp-d16
 710              	HAL_EXTI_GetPending:
 711              	.LFB136:
 542:Drivers/STM32G4xx_HAL_Driver/Src/stm32g4xx_hal_exti.c **** 
 543:Drivers/STM32G4xx_HAL_Driver/Src/stm32g4xx_hal_exti.c **** /**
 544:Drivers/STM32G4xx_HAL_Driver/Src/stm32g4xx_hal_exti.c ****   * @brief  Get interrupt pending bit of a dedicated line.
 545:Drivers/STM32G4xx_HAL_Driver/Src/stm32g4xx_hal_exti.c ****   * @param  hexti Exti handle.
 546:Drivers/STM32G4xx_HAL_Driver/Src/stm32g4xx_hal_exti.c ****   * @param  Edge unused
 547:Drivers/STM32G4xx_HAL_Driver/Src/stm32g4xx_hal_exti.c ****   * @retval 1 if interrupt is pending else 0.
 548:Drivers/STM32G4xx_HAL_Driver/Src/stm32g4xx_hal_exti.c ****   */
 549:Drivers/STM32G4xx_HAL_Driver/Src/stm32g4xx_hal_exti.c **** uint32_t HAL_EXTI_GetPending(EXTI_HandleTypeDef *hexti, uint32_t Edge)
 550:Drivers/STM32G4xx_HAL_Driver/Src/stm32g4xx_hal_exti.c **** {
 712              		.loc 1 550 0
 713              		.cfi_startproc
 714              		@ args = 0, pretend = 0, frame = 0
 715              		@ frame_needed = 0, uses_anonymous_args = 0
 716              		@ link register save eliminated.
 717              	.LVL122:
 551:Drivers/STM32G4xx_HAL_Driver/Src/stm32g4xx_hal_exti.c ****   __IO uint32_t *regaddr;
 552:Drivers/STM32G4xx_HAL_Driver/Src/stm32g4xx_hal_exti.c ****   uint32_t regval;
 553:Drivers/STM32G4xx_HAL_Driver/Src/stm32g4xx_hal_exti.c ****   uint32_t linepos;
 554:Drivers/STM32G4xx_HAL_Driver/Src/stm32g4xx_hal_exti.c ****   uint32_t maskline;
 555:Drivers/STM32G4xx_HAL_Driver/Src/stm32g4xx_hal_exti.c ****   uint32_t offset;
 556:Drivers/STM32G4xx_HAL_Driver/Src/stm32g4xx_hal_exti.c **** 
 557:Drivers/STM32G4xx_HAL_Driver/Src/stm32g4xx_hal_exti.c ****   /* Check parameters */
 558:Drivers/STM32G4xx_HAL_Driver/Src/stm32g4xx_hal_exti.c ****   assert_param(IS_EXTI_LINE(hexti->Line));
 559:Drivers/STM32G4xx_HAL_Driver/Src/stm32g4xx_hal_exti.c ****   assert_param(IS_EXTI_CONFIG_LINE(hexti->Line));
 560:Drivers/STM32G4xx_HAL_Driver/Src/stm32g4xx_hal_exti.c ****   UNUSED(Edge);
 561:Drivers/STM32G4xx_HAL_Driver/Src/stm32g4xx_hal_exti.c **** 
 562:Drivers/STM32G4xx_HAL_Driver/Src/stm32g4xx_hal_exti.c ****   /* Compute line register offset */
 563:Drivers/STM32G4xx_HAL_Driver/Src/stm32g4xx_hal_exti.c ****   offset = ((hexti->Line & EXTI_REG_MASK) >> EXTI_REG_SHIFT);
 718              		.loc 1 563 0
 719 0000 0368     		ldr	r3, [r0]
 720 0002 C3F30041 		ubfx	r1, r3, #16, #1
 721              	.LVL123:
 564:Drivers/STM32G4xx_HAL_Driver/Src/stm32g4xx_hal_exti.c ****   /* Compute line position */
 565:Drivers/STM32G4xx_HAL_Driver/Src/stm32g4xx_hal_exti.c ****   linepos = (hexti->Line & EXTI_PIN_MASK);
 722              		.loc 1 565 0
 723 0006 03F01F03 		and	r3, r3, #31
 724              	.LVL124:
 566:Drivers/STM32G4xx_HAL_Driver/Src/stm32g4xx_hal_exti.c ****   /* Compute line mask */
 567:Drivers/STM32G4xx_HAL_Driver/Src/stm32g4xx_hal_exti.c ****   maskline = (1uL << linepos);
 725              		.loc 1 567 0
 726 000a 0120     		movs	r0, #1
 727              	.LVL125:
 728 000c 00FA03F2 		lsl	r2, r0, r3
 729              	.LVL126:
ARM GAS  /var/folders/17/j_dgbcc52q10y0jc3c_zbwd80000gn/T//ccGXFH95.s 			page 24


 568:Drivers/STM32G4xx_HAL_Driver/Src/stm32g4xx_hal_exti.c **** 
 569:Drivers/STM32G4xx_HAL_Driver/Src/stm32g4xx_hal_exti.c ****   /* Get pending bit */
 570:Drivers/STM32G4xx_HAL_Driver/Src/stm32g4xx_hal_exti.c ****   regaddr = (&EXTI->PR1 + (EXTI_CONFIG_OFFSET * offset));
 730              		.loc 1 570 0
 731 0010 4901     		lsls	r1, r1, #5
 732              	.LVL127:
 733 0012 0248     		ldr	r0, .L65
 734              	.LVL128:
 571:Drivers/STM32G4xx_HAL_Driver/Src/stm32g4xx_hal_exti.c **** 
 572:Drivers/STM32G4xx_HAL_Driver/Src/stm32g4xx_hal_exti.c ****   /* return 1 if bit is set else 0 */
 573:Drivers/STM32G4xx_HAL_Driver/Src/stm32g4xx_hal_exti.c ****   regval = ((*regaddr & maskline) >> linepos);
 735              		.loc 1 573 0
 736 0014 0858     		ldr	r0, [r1, r0]
 737              	.LVL129:
 738 0016 1040     		ands	r0, r0, r2
 739              	.LVL130:
 574:Drivers/STM32G4xx_HAL_Driver/Src/stm32g4xx_hal_exti.c ****   return regval;
 575:Drivers/STM32G4xx_HAL_Driver/Src/stm32g4xx_hal_exti.c **** }
 740              		.loc 1 575 0
 741 0018 D840     		lsrs	r0, r0, r3
 742              	.LVL131:
 743 001a 7047     		bx	lr
 744              	.L66:
 745              		.align	2
 746              	.L65:
 747 001c 14040140 		.word	1073808404
 748              		.cfi_endproc
 749              	.LFE136:
 751              		.section	.text.HAL_EXTI_ClearPending,"ax",%progbits
 752              		.align	1
 753              		.global	HAL_EXTI_ClearPending
 754              		.syntax unified
 755              		.thumb
 756              		.thumb_func
 757              		.fpu fpv5-sp-d16
 759              	HAL_EXTI_ClearPending:
 760              	.LFB137:
 576:Drivers/STM32G4xx_HAL_Driver/Src/stm32g4xx_hal_exti.c **** 
 577:Drivers/STM32G4xx_HAL_Driver/Src/stm32g4xx_hal_exti.c **** 
 578:Drivers/STM32G4xx_HAL_Driver/Src/stm32g4xx_hal_exti.c **** /**
 579:Drivers/STM32G4xx_HAL_Driver/Src/stm32g4xx_hal_exti.c ****   * @brief  Clear interrupt pending bit of a dedicated line.
 580:Drivers/STM32G4xx_HAL_Driver/Src/stm32g4xx_hal_exti.c ****   * @param  hexti Exti handle.
 581:Drivers/STM32G4xx_HAL_Driver/Src/stm32g4xx_hal_exti.c ****   * @param  Edge unused
 582:Drivers/STM32G4xx_HAL_Driver/Src/stm32g4xx_hal_exti.c ****   * @retval None.
 583:Drivers/STM32G4xx_HAL_Driver/Src/stm32g4xx_hal_exti.c ****   */
 584:Drivers/STM32G4xx_HAL_Driver/Src/stm32g4xx_hal_exti.c **** void HAL_EXTI_ClearPending(EXTI_HandleTypeDef *hexti, uint32_t Edge)
 585:Drivers/STM32G4xx_HAL_Driver/Src/stm32g4xx_hal_exti.c **** {
 761              		.loc 1 585 0
 762              		.cfi_startproc
 763              		@ args = 0, pretend = 0, frame = 0
 764              		@ frame_needed = 0, uses_anonymous_args = 0
 765              		@ link register save eliminated.
 766              	.LVL132:
 586:Drivers/STM32G4xx_HAL_Driver/Src/stm32g4xx_hal_exti.c ****   __IO uint32_t *regaddr;
 587:Drivers/STM32G4xx_HAL_Driver/Src/stm32g4xx_hal_exti.c ****   uint32_t maskline;
 588:Drivers/STM32G4xx_HAL_Driver/Src/stm32g4xx_hal_exti.c ****   uint32_t offset;
 589:Drivers/STM32G4xx_HAL_Driver/Src/stm32g4xx_hal_exti.c **** 
ARM GAS  /var/folders/17/j_dgbcc52q10y0jc3c_zbwd80000gn/T//ccGXFH95.s 			page 25


 590:Drivers/STM32G4xx_HAL_Driver/Src/stm32g4xx_hal_exti.c ****   /* Check parameters */
 591:Drivers/STM32G4xx_HAL_Driver/Src/stm32g4xx_hal_exti.c ****   assert_param(IS_EXTI_LINE(hexti->Line));
 592:Drivers/STM32G4xx_HAL_Driver/Src/stm32g4xx_hal_exti.c ****   assert_param(IS_EXTI_CONFIG_LINE(hexti->Line));
 593:Drivers/STM32G4xx_HAL_Driver/Src/stm32g4xx_hal_exti.c ****   UNUSED(Edge);
 594:Drivers/STM32G4xx_HAL_Driver/Src/stm32g4xx_hal_exti.c **** 
 595:Drivers/STM32G4xx_HAL_Driver/Src/stm32g4xx_hal_exti.c ****   /* Compute line register offset */
 596:Drivers/STM32G4xx_HAL_Driver/Src/stm32g4xx_hal_exti.c ****   offset = ((hexti->Line & EXTI_REG_MASK) >> EXTI_REG_SHIFT);
 767              		.loc 1 596 0
 768 0000 0368     		ldr	r3, [r0]
 769 0002 C3F30042 		ubfx	r2, r3, #16, #1
 770              	.LVL133:
 597:Drivers/STM32G4xx_HAL_Driver/Src/stm32g4xx_hal_exti.c ****   /* Compute line mask */
 598:Drivers/STM32G4xx_HAL_Driver/Src/stm32g4xx_hal_exti.c ****   maskline = (1uL << (hexti->Line & EXTI_PIN_MASK));
 771              		.loc 1 598 0
 772 0006 03F01F03 		and	r3, r3, #31
 773 000a 0121     		movs	r1, #1
 774              	.LVL134:
 775 000c 01FA03F3 		lsl	r3, r1, r3
 776              	.LVL135:
 599:Drivers/STM32G4xx_HAL_Driver/Src/stm32g4xx_hal_exti.c **** 
 600:Drivers/STM32G4xx_HAL_Driver/Src/stm32g4xx_hal_exti.c ****   /* Get pending register address */
 601:Drivers/STM32G4xx_HAL_Driver/Src/stm32g4xx_hal_exti.c ****   regaddr = (&EXTI->PR1 + (EXTI_CONFIG_OFFSET * offset));
 777              		.loc 1 601 0
 778 0010 5201     		lsls	r2, r2, #5
 779              	.LVL136:
 780 0012 0149     		ldr	r1, .L68
 781              	.LVL137:
 602:Drivers/STM32G4xx_HAL_Driver/Src/stm32g4xx_hal_exti.c **** 
 603:Drivers/STM32G4xx_HAL_Driver/Src/stm32g4xx_hal_exti.c ****   /* Clear Pending bit */
 604:Drivers/STM32G4xx_HAL_Driver/Src/stm32g4xx_hal_exti.c ****   *regaddr =  maskline;
 782              		.loc 1 604 0
 783 0014 5350     		str	r3, [r2, r1]
 784              	.LVL138:
 605:Drivers/STM32G4xx_HAL_Driver/Src/stm32g4xx_hal_exti.c **** }
 785              		.loc 1 605 0
 786 0016 7047     		bx	lr
 787              	.L69:
 788              		.align	2
 789              	.L68:
 790 0018 14040140 		.word	1073808404
 791              		.cfi_endproc
 792              	.LFE137:
 794              		.section	.text.HAL_EXTI_GenerateSWI,"ax",%progbits
 795              		.align	1
 796              		.global	HAL_EXTI_GenerateSWI
 797              		.syntax unified
 798              		.thumb
 799              		.thumb_func
 800              		.fpu fpv5-sp-d16
 802              	HAL_EXTI_GenerateSWI:
 803              	.LFB138:
 606:Drivers/STM32G4xx_HAL_Driver/Src/stm32g4xx_hal_exti.c **** 
 607:Drivers/STM32G4xx_HAL_Driver/Src/stm32g4xx_hal_exti.c **** 
 608:Drivers/STM32G4xx_HAL_Driver/Src/stm32g4xx_hal_exti.c **** /**
 609:Drivers/STM32G4xx_HAL_Driver/Src/stm32g4xx_hal_exti.c ****   * @brief  Generate a software interrupt for a dedicated line.
 610:Drivers/STM32G4xx_HAL_Driver/Src/stm32g4xx_hal_exti.c ****   * @param  hexti Exti handle.
 611:Drivers/STM32G4xx_HAL_Driver/Src/stm32g4xx_hal_exti.c ****   * @retval None.
ARM GAS  /var/folders/17/j_dgbcc52q10y0jc3c_zbwd80000gn/T//ccGXFH95.s 			page 26


 612:Drivers/STM32G4xx_HAL_Driver/Src/stm32g4xx_hal_exti.c ****   */
 613:Drivers/STM32G4xx_HAL_Driver/Src/stm32g4xx_hal_exti.c **** void HAL_EXTI_GenerateSWI(EXTI_HandleTypeDef *hexti)
 614:Drivers/STM32G4xx_HAL_Driver/Src/stm32g4xx_hal_exti.c **** {
 804              		.loc 1 614 0
 805              		.cfi_startproc
 806              		@ args = 0, pretend = 0, frame = 0
 807              		@ frame_needed = 0, uses_anonymous_args = 0
 808              		@ link register save eliminated.
 809              	.LVL139:
 615:Drivers/STM32G4xx_HAL_Driver/Src/stm32g4xx_hal_exti.c ****   __IO uint32_t *regaddr;
 616:Drivers/STM32G4xx_HAL_Driver/Src/stm32g4xx_hal_exti.c ****   uint32_t maskline;
 617:Drivers/STM32G4xx_HAL_Driver/Src/stm32g4xx_hal_exti.c ****   uint32_t offset;
 618:Drivers/STM32G4xx_HAL_Driver/Src/stm32g4xx_hal_exti.c **** 
 619:Drivers/STM32G4xx_HAL_Driver/Src/stm32g4xx_hal_exti.c ****   /* Check parameter */
 620:Drivers/STM32G4xx_HAL_Driver/Src/stm32g4xx_hal_exti.c ****   assert_param(IS_EXTI_LINE(hexti->Line));
 621:Drivers/STM32G4xx_HAL_Driver/Src/stm32g4xx_hal_exti.c ****   assert_param(IS_EXTI_CONFIG_LINE(hexti->Line));
 622:Drivers/STM32G4xx_HAL_Driver/Src/stm32g4xx_hal_exti.c **** 
 623:Drivers/STM32G4xx_HAL_Driver/Src/stm32g4xx_hal_exti.c ****   /* compute line register offset */
 624:Drivers/STM32G4xx_HAL_Driver/Src/stm32g4xx_hal_exti.c ****   offset = ((hexti->Line & EXTI_REG_MASK) >> EXTI_REG_SHIFT);
 810              		.loc 1 624 0
 811 0000 0368     		ldr	r3, [r0]
 812 0002 C3F30042 		ubfx	r2, r3, #16, #1
 813              	.LVL140:
 625:Drivers/STM32G4xx_HAL_Driver/Src/stm32g4xx_hal_exti.c ****   /* compute line mask */
 626:Drivers/STM32G4xx_HAL_Driver/Src/stm32g4xx_hal_exti.c ****   maskline = (1uL << (hexti->Line & EXTI_PIN_MASK));
 814              		.loc 1 626 0
 815 0006 03F01F03 		and	r3, r3, #31
 816 000a 0121     		movs	r1, #1
 817 000c 01FA03F3 		lsl	r3, r1, r3
 818              	.LVL141:
 627:Drivers/STM32G4xx_HAL_Driver/Src/stm32g4xx_hal_exti.c **** 
 628:Drivers/STM32G4xx_HAL_Driver/Src/stm32g4xx_hal_exti.c ****   regaddr = (&EXTI->SWIER1 + (EXTI_CONFIG_OFFSET * offset));
 819              		.loc 1 628 0
 820 0010 5201     		lsls	r2, r2, #5
 821              	.LVL142:
 822 0012 0149     		ldr	r1, .L71
 823              	.LVL143:
 629:Drivers/STM32G4xx_HAL_Driver/Src/stm32g4xx_hal_exti.c ****   *regaddr = maskline;
 824              		.loc 1 629 0
 825 0014 5350     		str	r3, [r2, r1]
 826              	.LVL144:
 630:Drivers/STM32G4xx_HAL_Driver/Src/stm32g4xx_hal_exti.c **** }
 827              		.loc 1 630 0
 828 0016 7047     		bx	lr
 829              	.L72:
 830              		.align	2
 831              	.L71:
 832 0018 10040140 		.word	1073808400
 833              		.cfi_endproc
 834              	.LFE138:
 836              		.text
 837              	.Letext0:
 838              		.file 2 "/Users/grantham/packages/gcc-arm-none-eabi-7-2018-q2-update/arm-none-eabi/include/machine
 839              		.file 3 "/Users/grantham/packages/gcc-arm-none-eabi-7-2018-q2-update/arm-none-eabi/include/sys/_st
 840              		.file 4 "Drivers/CMSIS/Include/core_cm4.h"
 841              		.file 5 "Drivers/CMSIS/Device/ST/STM32G4xx/Include/system_stm32g4xx.h"
 842              		.file 6 "Drivers/CMSIS/Device/ST/STM32G4xx/Include/stm32g431xx.h"
ARM GAS  /var/folders/17/j_dgbcc52q10y0jc3c_zbwd80000gn/T//ccGXFH95.s 			page 27


 843              		.file 7 "Drivers/STM32G4xx_HAL_Driver/Inc/stm32g4xx_hal_def.h"
 844              		.file 8 "Drivers/STM32G4xx_HAL_Driver/Inc/stm32g4xx_hal_exti.h"
 845              		.file 9 "Drivers/STM32G4xx_HAL_Driver/Inc/stm32g4xx_hal_flash.h"
 846              		.file 10 "Drivers/STM32G4xx_HAL_Driver/Inc/stm32g4xx_hal.h"
ARM GAS  /var/folders/17/j_dgbcc52q10y0jc3c_zbwd80000gn/T//ccGXFH95.s 			page 28


DEFINED SYMBOLS
                            *ABS*:0000000000000000 stm32g4xx_hal_exti.c
/var/folders/17/j_dgbcc52q10y0jc3c_zbwd80000gn/T//ccGXFH95.s:18     .text.HAL_EXTI_SetConfigLine:0000000000000000 $t
/var/folders/17/j_dgbcc52q10y0jc3c_zbwd80000gn/T//ccGXFH95.s:25     .text.HAL_EXTI_SetConfigLine:0000000000000000 HAL_EXTI_SetConfigLine
/var/folders/17/j_dgbcc52q10y0jc3c_zbwd80000gn/T//ccGXFH95.s:223    .text.HAL_EXTI_SetConfigLine:00000000000000cc $d
/var/folders/17/j_dgbcc52q10y0jc3c_zbwd80000gn/T//ccGXFH95.s:232    .text.HAL_EXTI_GetConfigLine:0000000000000000 $t
/var/folders/17/j_dgbcc52q10y0jc3c_zbwd80000gn/T//ccGXFH95.s:239    .text.HAL_EXTI_GetConfigLine:0000000000000000 HAL_EXTI_GetConfigLine
/var/folders/17/j_dgbcc52q10y0jc3c_zbwd80000gn/T//ccGXFH95.s:406    .text.HAL_EXTI_GetConfigLine:00000000000000a8 $d
/var/folders/17/j_dgbcc52q10y0jc3c_zbwd80000gn/T//ccGXFH95.s:415    .text.HAL_EXTI_ClearConfigLine:0000000000000000 $t
/var/folders/17/j_dgbcc52q10y0jc3c_zbwd80000gn/T//ccGXFH95.s:422    .text.HAL_EXTI_ClearConfigLine:0000000000000000 HAL_EXTI_ClearConfigLine
/var/folders/17/j_dgbcc52q10y0jc3c_zbwd80000gn/T//ccGXFH95.s:564    .text.HAL_EXTI_ClearConfigLine:0000000000000080 $d
/var/folders/17/j_dgbcc52q10y0jc3c_zbwd80000gn/T//ccGXFH95.s:571    .text.HAL_EXTI_RegisterCallback:0000000000000000 $t
/var/folders/17/j_dgbcc52q10y0jc3c_zbwd80000gn/T//ccGXFH95.s:578    .text.HAL_EXTI_RegisterCallback:0000000000000000 HAL_EXTI_RegisterCallback
/var/folders/17/j_dgbcc52q10y0jc3c_zbwd80000gn/T//ccGXFH95.s:610    .text.HAL_EXTI_GetHandle:0000000000000000 $t
/var/folders/17/j_dgbcc52q10y0jc3c_zbwd80000gn/T//ccGXFH95.s:617    .text.HAL_EXTI_GetHandle:0000000000000000 HAL_EXTI_GetHandle
/var/folders/17/j_dgbcc52q10y0jc3c_zbwd80000gn/T//ccGXFH95.s:644    .text.HAL_EXTI_IRQHandler:0000000000000000 $t
/var/folders/17/j_dgbcc52q10y0jc3c_zbwd80000gn/T//ccGXFH95.s:651    .text.HAL_EXTI_IRQHandler:0000000000000000 HAL_EXTI_IRQHandler
/var/folders/17/j_dgbcc52q10y0jc3c_zbwd80000gn/T//ccGXFH95.s:698    .text.HAL_EXTI_IRQHandler:0000000000000028 $d
/var/folders/17/j_dgbcc52q10y0jc3c_zbwd80000gn/T//ccGXFH95.s:703    .text.HAL_EXTI_GetPending:0000000000000000 $t
/var/folders/17/j_dgbcc52q10y0jc3c_zbwd80000gn/T//ccGXFH95.s:710    .text.HAL_EXTI_GetPending:0000000000000000 HAL_EXTI_GetPending
/var/folders/17/j_dgbcc52q10y0jc3c_zbwd80000gn/T//ccGXFH95.s:747    .text.HAL_EXTI_GetPending:000000000000001c $d
/var/folders/17/j_dgbcc52q10y0jc3c_zbwd80000gn/T//ccGXFH95.s:752    .text.HAL_EXTI_ClearPending:0000000000000000 $t
/var/folders/17/j_dgbcc52q10y0jc3c_zbwd80000gn/T//ccGXFH95.s:759    .text.HAL_EXTI_ClearPending:0000000000000000 HAL_EXTI_ClearPending
/var/folders/17/j_dgbcc52q10y0jc3c_zbwd80000gn/T//ccGXFH95.s:790    .text.HAL_EXTI_ClearPending:0000000000000018 $d
/var/folders/17/j_dgbcc52q10y0jc3c_zbwd80000gn/T//ccGXFH95.s:795    .text.HAL_EXTI_GenerateSWI:0000000000000000 $t
/var/folders/17/j_dgbcc52q10y0jc3c_zbwd80000gn/T//ccGXFH95.s:802    .text.HAL_EXTI_GenerateSWI:0000000000000000 HAL_EXTI_GenerateSWI
/var/folders/17/j_dgbcc52q10y0jc3c_zbwd80000gn/T//ccGXFH95.s:832    .text.HAL_EXTI_GenerateSWI:0000000000000018 $d

NO UNDEFINED SYMBOLS
