ARM GAS  /var/folders/17/j_dgbcc52q10y0jc3c_zbwd80000gn/T//ccx2rlqS.s 			page 1


   1              		.cpu cortex-m7
   2              		.eabi_attribute 27, 1
   3              		.eabi_attribute 28, 1
   4              		.eabi_attribute 20, 1
   5              		.eabi_attribute 21, 1
   6              		.eabi_attribute 23, 3
   7              		.eabi_attribute 24, 1
   8              		.eabi_attribute 25, 1
   9              		.eabi_attribute 26, 1
  10              		.eabi_attribute 30, 1
  11              		.eabi_attribute 34, 1
  12              		.eabi_attribute 18, 4
  13              		.file	"usbd_ioreq.c"
  14              		.text
  15              	.Ltext0:
  16              		.cfi_sections	.debug_frame
  17              		.section	.text.USBD_CtlSendData,"ax",%progbits
  18              		.align	1
  19              		.global	USBD_CtlSendData
  20              		.syntax unified
  21              		.thumb
  22              		.thumb_func
  23              		.fpu fpv5-sp-d16
  25              	USBD_CtlSendData:
  26              	.LFB133:
  27              		.file 1 "Middlewares/ST/STM32_USB_Device_Library/Core/Src/usbd_ioreq.c"
   1:Middlewares/ST/STM32_USB_Device_Library/Core/Src/usbd_ioreq.c **** /**
   2:Middlewares/ST/STM32_USB_Device_Library/Core/Src/usbd_ioreq.c ****   ******************************************************************************
   3:Middlewares/ST/STM32_USB_Device_Library/Core/Src/usbd_ioreq.c ****   * @file    usbd_ioreq.c
   4:Middlewares/ST/STM32_USB_Device_Library/Core/Src/usbd_ioreq.c ****   * @author  MCD Application Team
   5:Middlewares/ST/STM32_USB_Device_Library/Core/Src/usbd_ioreq.c ****   * @brief   This file provides the IO requests APIs for control endpoints.
   6:Middlewares/ST/STM32_USB_Device_Library/Core/Src/usbd_ioreq.c ****   ******************************************************************************
   7:Middlewares/ST/STM32_USB_Device_Library/Core/Src/usbd_ioreq.c ****   * @attention
   8:Middlewares/ST/STM32_USB_Device_Library/Core/Src/usbd_ioreq.c ****   *
   9:Middlewares/ST/STM32_USB_Device_Library/Core/Src/usbd_ioreq.c ****   * <h2><center>&copy; Copyright (c) 2015 STMicroelectronics.
  10:Middlewares/ST/STM32_USB_Device_Library/Core/Src/usbd_ioreq.c ****   * All rights reserved.</center></h2>
  11:Middlewares/ST/STM32_USB_Device_Library/Core/Src/usbd_ioreq.c ****   *
  12:Middlewares/ST/STM32_USB_Device_Library/Core/Src/usbd_ioreq.c ****   * This software component is licensed by ST under Ultimate Liberty license
  13:Middlewares/ST/STM32_USB_Device_Library/Core/Src/usbd_ioreq.c ****   * SLA0044, the "License"; You may not use this file except in compliance with
  14:Middlewares/ST/STM32_USB_Device_Library/Core/Src/usbd_ioreq.c ****   * the License. You may obtain a copy of the License at:
  15:Middlewares/ST/STM32_USB_Device_Library/Core/Src/usbd_ioreq.c ****   *                      www.st.com/SLA0044
  16:Middlewares/ST/STM32_USB_Device_Library/Core/Src/usbd_ioreq.c ****   *
  17:Middlewares/ST/STM32_USB_Device_Library/Core/Src/usbd_ioreq.c ****   ******************************************************************************
  18:Middlewares/ST/STM32_USB_Device_Library/Core/Src/usbd_ioreq.c ****   */
  19:Middlewares/ST/STM32_USB_Device_Library/Core/Src/usbd_ioreq.c **** 
  20:Middlewares/ST/STM32_USB_Device_Library/Core/Src/usbd_ioreq.c **** /* Includes ------------------------------------------------------------------*/
  21:Middlewares/ST/STM32_USB_Device_Library/Core/Src/usbd_ioreq.c **** #include "usbd_ioreq.h"
  22:Middlewares/ST/STM32_USB_Device_Library/Core/Src/usbd_ioreq.c **** 
  23:Middlewares/ST/STM32_USB_Device_Library/Core/Src/usbd_ioreq.c **** /** @addtogroup STM32_USB_DEVICE_LIBRARY
  24:Middlewares/ST/STM32_USB_Device_Library/Core/Src/usbd_ioreq.c ****   * @{
  25:Middlewares/ST/STM32_USB_Device_Library/Core/Src/usbd_ioreq.c ****   */
  26:Middlewares/ST/STM32_USB_Device_Library/Core/Src/usbd_ioreq.c **** 
  27:Middlewares/ST/STM32_USB_Device_Library/Core/Src/usbd_ioreq.c **** 
  28:Middlewares/ST/STM32_USB_Device_Library/Core/Src/usbd_ioreq.c **** /** @defgroup USBD_IOREQ
  29:Middlewares/ST/STM32_USB_Device_Library/Core/Src/usbd_ioreq.c ****   * @brief control I/O requests module
  30:Middlewares/ST/STM32_USB_Device_Library/Core/Src/usbd_ioreq.c ****   * @{
  31:Middlewares/ST/STM32_USB_Device_Library/Core/Src/usbd_ioreq.c ****   */
ARM GAS  /var/folders/17/j_dgbcc52q10y0jc3c_zbwd80000gn/T//ccx2rlqS.s 			page 2


  32:Middlewares/ST/STM32_USB_Device_Library/Core/Src/usbd_ioreq.c **** 
  33:Middlewares/ST/STM32_USB_Device_Library/Core/Src/usbd_ioreq.c **** /** @defgroup USBD_IOREQ_Private_TypesDefinitions
  34:Middlewares/ST/STM32_USB_Device_Library/Core/Src/usbd_ioreq.c ****   * @{
  35:Middlewares/ST/STM32_USB_Device_Library/Core/Src/usbd_ioreq.c ****   */
  36:Middlewares/ST/STM32_USB_Device_Library/Core/Src/usbd_ioreq.c **** /**
  37:Middlewares/ST/STM32_USB_Device_Library/Core/Src/usbd_ioreq.c ****   * @}
  38:Middlewares/ST/STM32_USB_Device_Library/Core/Src/usbd_ioreq.c ****   */
  39:Middlewares/ST/STM32_USB_Device_Library/Core/Src/usbd_ioreq.c **** 
  40:Middlewares/ST/STM32_USB_Device_Library/Core/Src/usbd_ioreq.c **** 
  41:Middlewares/ST/STM32_USB_Device_Library/Core/Src/usbd_ioreq.c **** /** @defgroup USBD_IOREQ_Private_Defines
  42:Middlewares/ST/STM32_USB_Device_Library/Core/Src/usbd_ioreq.c ****   * @{
  43:Middlewares/ST/STM32_USB_Device_Library/Core/Src/usbd_ioreq.c ****   */
  44:Middlewares/ST/STM32_USB_Device_Library/Core/Src/usbd_ioreq.c **** 
  45:Middlewares/ST/STM32_USB_Device_Library/Core/Src/usbd_ioreq.c **** /**
  46:Middlewares/ST/STM32_USB_Device_Library/Core/Src/usbd_ioreq.c ****   * @}
  47:Middlewares/ST/STM32_USB_Device_Library/Core/Src/usbd_ioreq.c ****   */
  48:Middlewares/ST/STM32_USB_Device_Library/Core/Src/usbd_ioreq.c **** 
  49:Middlewares/ST/STM32_USB_Device_Library/Core/Src/usbd_ioreq.c **** 
  50:Middlewares/ST/STM32_USB_Device_Library/Core/Src/usbd_ioreq.c **** /** @defgroup USBD_IOREQ_Private_Macros
  51:Middlewares/ST/STM32_USB_Device_Library/Core/Src/usbd_ioreq.c ****   * @{
  52:Middlewares/ST/STM32_USB_Device_Library/Core/Src/usbd_ioreq.c ****   */
  53:Middlewares/ST/STM32_USB_Device_Library/Core/Src/usbd_ioreq.c **** /**
  54:Middlewares/ST/STM32_USB_Device_Library/Core/Src/usbd_ioreq.c ****   * @}
  55:Middlewares/ST/STM32_USB_Device_Library/Core/Src/usbd_ioreq.c ****   */
  56:Middlewares/ST/STM32_USB_Device_Library/Core/Src/usbd_ioreq.c **** 
  57:Middlewares/ST/STM32_USB_Device_Library/Core/Src/usbd_ioreq.c **** 
  58:Middlewares/ST/STM32_USB_Device_Library/Core/Src/usbd_ioreq.c **** /** @defgroup USBD_IOREQ_Private_Variables
  59:Middlewares/ST/STM32_USB_Device_Library/Core/Src/usbd_ioreq.c ****   * @{
  60:Middlewares/ST/STM32_USB_Device_Library/Core/Src/usbd_ioreq.c ****   */
  61:Middlewares/ST/STM32_USB_Device_Library/Core/Src/usbd_ioreq.c **** 
  62:Middlewares/ST/STM32_USB_Device_Library/Core/Src/usbd_ioreq.c **** /**
  63:Middlewares/ST/STM32_USB_Device_Library/Core/Src/usbd_ioreq.c ****   * @}
  64:Middlewares/ST/STM32_USB_Device_Library/Core/Src/usbd_ioreq.c ****   */
  65:Middlewares/ST/STM32_USB_Device_Library/Core/Src/usbd_ioreq.c **** 
  66:Middlewares/ST/STM32_USB_Device_Library/Core/Src/usbd_ioreq.c **** 
  67:Middlewares/ST/STM32_USB_Device_Library/Core/Src/usbd_ioreq.c **** /** @defgroup USBD_IOREQ_Private_FunctionPrototypes
  68:Middlewares/ST/STM32_USB_Device_Library/Core/Src/usbd_ioreq.c ****   * @{
  69:Middlewares/ST/STM32_USB_Device_Library/Core/Src/usbd_ioreq.c ****   */
  70:Middlewares/ST/STM32_USB_Device_Library/Core/Src/usbd_ioreq.c **** /**
  71:Middlewares/ST/STM32_USB_Device_Library/Core/Src/usbd_ioreq.c ****   * @}
  72:Middlewares/ST/STM32_USB_Device_Library/Core/Src/usbd_ioreq.c ****   */
  73:Middlewares/ST/STM32_USB_Device_Library/Core/Src/usbd_ioreq.c **** 
  74:Middlewares/ST/STM32_USB_Device_Library/Core/Src/usbd_ioreq.c **** 
  75:Middlewares/ST/STM32_USB_Device_Library/Core/Src/usbd_ioreq.c **** /** @defgroup USBD_IOREQ_Private_Functions
  76:Middlewares/ST/STM32_USB_Device_Library/Core/Src/usbd_ioreq.c ****   * @{
  77:Middlewares/ST/STM32_USB_Device_Library/Core/Src/usbd_ioreq.c ****   */
  78:Middlewares/ST/STM32_USB_Device_Library/Core/Src/usbd_ioreq.c **** 
  79:Middlewares/ST/STM32_USB_Device_Library/Core/Src/usbd_ioreq.c **** /**
  80:Middlewares/ST/STM32_USB_Device_Library/Core/Src/usbd_ioreq.c **** * @brief  USBD_CtlSendData
  81:Middlewares/ST/STM32_USB_Device_Library/Core/Src/usbd_ioreq.c **** *         send data on the ctl pipe
  82:Middlewares/ST/STM32_USB_Device_Library/Core/Src/usbd_ioreq.c **** * @param  pdev: device instance
  83:Middlewares/ST/STM32_USB_Device_Library/Core/Src/usbd_ioreq.c **** * @param  buff: pointer to data buffer
  84:Middlewares/ST/STM32_USB_Device_Library/Core/Src/usbd_ioreq.c **** * @param  len: length of data to be sent
  85:Middlewares/ST/STM32_USB_Device_Library/Core/Src/usbd_ioreq.c **** * @retval status
  86:Middlewares/ST/STM32_USB_Device_Library/Core/Src/usbd_ioreq.c **** */
  87:Middlewares/ST/STM32_USB_Device_Library/Core/Src/usbd_ioreq.c **** USBD_StatusTypeDef USBD_CtlSendData(USBD_HandleTypeDef *pdev,
  88:Middlewares/ST/STM32_USB_Device_Library/Core/Src/usbd_ioreq.c ****                                     uint8_t *pbuf, uint16_t len)
ARM GAS  /var/folders/17/j_dgbcc52q10y0jc3c_zbwd80000gn/T//ccx2rlqS.s 			page 3


  89:Middlewares/ST/STM32_USB_Device_Library/Core/Src/usbd_ioreq.c **** {
  28              		.loc 1 89 0
  29              		.cfi_startproc
  30              		@ args = 0, pretend = 0, frame = 0
  31              		@ frame_needed = 0, uses_anonymous_args = 0
  32              	.LVL0:
  33 0000 10B5     		push	{r4, lr}
  34              		.cfi_def_cfa_offset 8
  35              		.cfi_offset 4, -8
  36              		.cfi_offset 14, -4
  37 0002 1346     		mov	r3, r2
  90:Middlewares/ST/STM32_USB_Device_Library/Core/Src/usbd_ioreq.c ****   /* Set EP0 State */
  91:Middlewares/ST/STM32_USB_Device_Library/Core/Src/usbd_ioreq.c ****   pdev->ep0_state = USBD_EP0_DATA_IN;
  38              		.loc 1 91 0
  39 0004 0222     		movs	r2, #2
  40              	.LVL1:
  41 0006 C0F89422 		str	r2, [r0, #660]
  92:Middlewares/ST/STM32_USB_Device_Library/Core/Src/usbd_ioreq.c ****   pdev->ep_in[0].total_length = len;
  42              		.loc 1 92 0
  43 000a C361     		str	r3, [r0, #28]
  93:Middlewares/ST/STM32_USB_Device_Library/Core/Src/usbd_ioreq.c ****   pdev->ep_in[0].rem_length   = len;
  44              		.loc 1 93 0
  45 000c 0362     		str	r3, [r0, #32]
  94:Middlewares/ST/STM32_USB_Device_Library/Core/Src/usbd_ioreq.c **** 
  95:Middlewares/ST/STM32_USB_Device_Library/Core/Src/usbd_ioreq.c ****   /* Start the transfer */
  96:Middlewares/ST/STM32_USB_Device_Library/Core/Src/usbd_ioreq.c ****   USBD_LL_Transmit(pdev, 0x00U, pbuf, len);
  46              		.loc 1 96 0
  47 000e 0A46     		mov	r2, r1
  48 0010 0021     		movs	r1, #0
  49              	.LVL2:
  50 0012 FFF7FEFF 		bl	USBD_LL_Transmit
  51              	.LVL3:
  97:Middlewares/ST/STM32_USB_Device_Library/Core/Src/usbd_ioreq.c **** 
  98:Middlewares/ST/STM32_USB_Device_Library/Core/Src/usbd_ioreq.c ****   return USBD_OK;
  99:Middlewares/ST/STM32_USB_Device_Library/Core/Src/usbd_ioreq.c **** }
  52              		.loc 1 99 0
  53 0016 0020     		movs	r0, #0
  54 0018 10BD     		pop	{r4, pc}
  55              		.cfi_endproc
  56              	.LFE133:
  58              		.section	.text.USBD_CtlContinueSendData,"ax",%progbits
  59              		.align	1
  60              		.global	USBD_CtlContinueSendData
  61              		.syntax unified
  62              		.thumb
  63              		.thumb_func
  64              		.fpu fpv5-sp-d16
  66              	USBD_CtlContinueSendData:
  67              	.LFB134:
 100:Middlewares/ST/STM32_USB_Device_Library/Core/Src/usbd_ioreq.c **** 
 101:Middlewares/ST/STM32_USB_Device_Library/Core/Src/usbd_ioreq.c **** /**
 102:Middlewares/ST/STM32_USB_Device_Library/Core/Src/usbd_ioreq.c **** * @brief  USBD_CtlContinueSendData
 103:Middlewares/ST/STM32_USB_Device_Library/Core/Src/usbd_ioreq.c **** *         continue sending data on the ctl pipe
 104:Middlewares/ST/STM32_USB_Device_Library/Core/Src/usbd_ioreq.c **** * @param  pdev: device instance
 105:Middlewares/ST/STM32_USB_Device_Library/Core/Src/usbd_ioreq.c **** * @param  buff: pointer to data buffer
 106:Middlewares/ST/STM32_USB_Device_Library/Core/Src/usbd_ioreq.c **** * @param  len: length of data to be sent
 107:Middlewares/ST/STM32_USB_Device_Library/Core/Src/usbd_ioreq.c **** * @retval status
ARM GAS  /var/folders/17/j_dgbcc52q10y0jc3c_zbwd80000gn/T//ccx2rlqS.s 			page 4


 108:Middlewares/ST/STM32_USB_Device_Library/Core/Src/usbd_ioreq.c **** */
 109:Middlewares/ST/STM32_USB_Device_Library/Core/Src/usbd_ioreq.c **** USBD_StatusTypeDef USBD_CtlContinueSendData(USBD_HandleTypeDef *pdev,
 110:Middlewares/ST/STM32_USB_Device_Library/Core/Src/usbd_ioreq.c ****                                             uint8_t *pbuf, uint16_t len)
 111:Middlewares/ST/STM32_USB_Device_Library/Core/Src/usbd_ioreq.c **** {
  68              		.loc 1 111 0
  69              		.cfi_startproc
  70              		@ args = 0, pretend = 0, frame = 0
  71              		@ frame_needed = 0, uses_anonymous_args = 0
  72              	.LVL4:
  73 0000 08B5     		push	{r3, lr}
  74              		.cfi_def_cfa_offset 8
  75              		.cfi_offset 3, -8
  76              		.cfi_offset 14, -4
 112:Middlewares/ST/STM32_USB_Device_Library/Core/Src/usbd_ioreq.c ****   /* Start the next transfer */
 113:Middlewares/ST/STM32_USB_Device_Library/Core/Src/usbd_ioreq.c ****   USBD_LL_Transmit(pdev, 0x00U, pbuf, len);
  77              		.loc 1 113 0
  78 0002 1346     		mov	r3, r2
  79 0004 0A46     		mov	r2, r1
  80              	.LVL5:
  81 0006 0021     		movs	r1, #0
  82              	.LVL6:
  83 0008 FFF7FEFF 		bl	USBD_LL_Transmit
  84              	.LVL7:
 114:Middlewares/ST/STM32_USB_Device_Library/Core/Src/usbd_ioreq.c **** 
 115:Middlewares/ST/STM32_USB_Device_Library/Core/Src/usbd_ioreq.c ****   return USBD_OK;
 116:Middlewares/ST/STM32_USB_Device_Library/Core/Src/usbd_ioreq.c **** }
  85              		.loc 1 116 0
  86 000c 0020     		movs	r0, #0
  87 000e 08BD     		pop	{r3, pc}
  88              		.cfi_endproc
  89              	.LFE134:
  91              		.section	.text.USBD_CtlPrepareRx,"ax",%progbits
  92              		.align	1
  93              		.global	USBD_CtlPrepareRx
  94              		.syntax unified
  95              		.thumb
  96              		.thumb_func
  97              		.fpu fpv5-sp-d16
  99              	USBD_CtlPrepareRx:
 100              	.LFB135:
 117:Middlewares/ST/STM32_USB_Device_Library/Core/Src/usbd_ioreq.c **** 
 118:Middlewares/ST/STM32_USB_Device_Library/Core/Src/usbd_ioreq.c **** /**
 119:Middlewares/ST/STM32_USB_Device_Library/Core/Src/usbd_ioreq.c **** * @brief  USBD_CtlPrepareRx
 120:Middlewares/ST/STM32_USB_Device_Library/Core/Src/usbd_ioreq.c **** *         receive data on the ctl pipe
 121:Middlewares/ST/STM32_USB_Device_Library/Core/Src/usbd_ioreq.c **** * @param  pdev: device instance
 122:Middlewares/ST/STM32_USB_Device_Library/Core/Src/usbd_ioreq.c **** * @param  buff: pointer to data buffer
 123:Middlewares/ST/STM32_USB_Device_Library/Core/Src/usbd_ioreq.c **** * @param  len: length of data to be received
 124:Middlewares/ST/STM32_USB_Device_Library/Core/Src/usbd_ioreq.c **** * @retval status
 125:Middlewares/ST/STM32_USB_Device_Library/Core/Src/usbd_ioreq.c **** */
 126:Middlewares/ST/STM32_USB_Device_Library/Core/Src/usbd_ioreq.c **** USBD_StatusTypeDef USBD_CtlPrepareRx(USBD_HandleTypeDef *pdev,
 127:Middlewares/ST/STM32_USB_Device_Library/Core/Src/usbd_ioreq.c ****                                      uint8_t *pbuf, uint16_t len)
 128:Middlewares/ST/STM32_USB_Device_Library/Core/Src/usbd_ioreq.c **** {
 101              		.loc 1 128 0
 102              		.cfi_startproc
 103              		@ args = 0, pretend = 0, frame = 0
 104              		@ frame_needed = 0, uses_anonymous_args = 0
 105              	.LVL8:
ARM GAS  /var/folders/17/j_dgbcc52q10y0jc3c_zbwd80000gn/T//ccx2rlqS.s 			page 5


 106 0000 10B5     		push	{r4, lr}
 107              		.cfi_def_cfa_offset 8
 108              		.cfi_offset 4, -8
 109              		.cfi_offset 14, -4
 110 0002 1346     		mov	r3, r2
 129:Middlewares/ST/STM32_USB_Device_Library/Core/Src/usbd_ioreq.c ****   /* Set EP0 State */
 130:Middlewares/ST/STM32_USB_Device_Library/Core/Src/usbd_ioreq.c ****   pdev->ep0_state = USBD_EP0_DATA_OUT;
 111              		.loc 1 130 0
 112 0004 0322     		movs	r2, #3
 113              	.LVL9:
 114 0006 C0F89422 		str	r2, [r0, #660]
 131:Middlewares/ST/STM32_USB_Device_Library/Core/Src/usbd_ioreq.c ****   pdev->ep_out[0].total_length = len;
 115              		.loc 1 131 0
 116 000a C0F85C31 		str	r3, [r0, #348]
 132:Middlewares/ST/STM32_USB_Device_Library/Core/Src/usbd_ioreq.c ****   pdev->ep_out[0].rem_length   = len;
 117              		.loc 1 132 0
 118 000e C0F86031 		str	r3, [r0, #352]
 133:Middlewares/ST/STM32_USB_Device_Library/Core/Src/usbd_ioreq.c **** 
 134:Middlewares/ST/STM32_USB_Device_Library/Core/Src/usbd_ioreq.c ****   /* Start the transfer */
 135:Middlewares/ST/STM32_USB_Device_Library/Core/Src/usbd_ioreq.c ****   USBD_LL_PrepareReceive(pdev, 0U, pbuf, len);
 119              		.loc 1 135 0
 120 0012 0A46     		mov	r2, r1
 121 0014 0021     		movs	r1, #0
 122              	.LVL10:
 123 0016 FFF7FEFF 		bl	USBD_LL_PrepareReceive
 124              	.LVL11:
 136:Middlewares/ST/STM32_USB_Device_Library/Core/Src/usbd_ioreq.c **** 
 137:Middlewares/ST/STM32_USB_Device_Library/Core/Src/usbd_ioreq.c ****   return USBD_OK;
 138:Middlewares/ST/STM32_USB_Device_Library/Core/Src/usbd_ioreq.c **** }
 125              		.loc 1 138 0
 126 001a 0020     		movs	r0, #0
 127 001c 10BD     		pop	{r4, pc}
 128              		.cfi_endproc
 129              	.LFE135:
 131              		.section	.text.USBD_CtlContinueRx,"ax",%progbits
 132              		.align	1
 133              		.global	USBD_CtlContinueRx
 134              		.syntax unified
 135              		.thumb
 136              		.thumb_func
 137              		.fpu fpv5-sp-d16
 139              	USBD_CtlContinueRx:
 140              	.LFB136:
 139:Middlewares/ST/STM32_USB_Device_Library/Core/Src/usbd_ioreq.c **** 
 140:Middlewares/ST/STM32_USB_Device_Library/Core/Src/usbd_ioreq.c **** /**
 141:Middlewares/ST/STM32_USB_Device_Library/Core/Src/usbd_ioreq.c **** * @brief  USBD_CtlContinueRx
 142:Middlewares/ST/STM32_USB_Device_Library/Core/Src/usbd_ioreq.c **** *         continue receive data on the ctl pipe
 143:Middlewares/ST/STM32_USB_Device_Library/Core/Src/usbd_ioreq.c **** * @param  pdev: device instance
 144:Middlewares/ST/STM32_USB_Device_Library/Core/Src/usbd_ioreq.c **** * @param  buff: pointer to data buffer
 145:Middlewares/ST/STM32_USB_Device_Library/Core/Src/usbd_ioreq.c **** * @param  len: length of data to be received
 146:Middlewares/ST/STM32_USB_Device_Library/Core/Src/usbd_ioreq.c **** * @retval status
 147:Middlewares/ST/STM32_USB_Device_Library/Core/Src/usbd_ioreq.c **** */
 148:Middlewares/ST/STM32_USB_Device_Library/Core/Src/usbd_ioreq.c **** USBD_StatusTypeDef USBD_CtlContinueRx(USBD_HandleTypeDef *pdev,
 149:Middlewares/ST/STM32_USB_Device_Library/Core/Src/usbd_ioreq.c ****                                       uint8_t *pbuf, uint16_t len)
 150:Middlewares/ST/STM32_USB_Device_Library/Core/Src/usbd_ioreq.c **** {
 141              		.loc 1 150 0
 142              		.cfi_startproc
ARM GAS  /var/folders/17/j_dgbcc52q10y0jc3c_zbwd80000gn/T//ccx2rlqS.s 			page 6


 143              		@ args = 0, pretend = 0, frame = 0
 144              		@ frame_needed = 0, uses_anonymous_args = 0
 145              	.LVL12:
 146 0000 08B5     		push	{r3, lr}
 147              		.cfi_def_cfa_offset 8
 148              		.cfi_offset 3, -8
 149              		.cfi_offset 14, -4
 151:Middlewares/ST/STM32_USB_Device_Library/Core/Src/usbd_ioreq.c ****   USBD_LL_PrepareReceive(pdev, 0U, pbuf, len);
 150              		.loc 1 151 0
 151 0002 1346     		mov	r3, r2
 152 0004 0A46     		mov	r2, r1
 153              	.LVL13:
 154 0006 0021     		movs	r1, #0
 155              	.LVL14:
 156 0008 FFF7FEFF 		bl	USBD_LL_PrepareReceive
 157              	.LVL15:
 152:Middlewares/ST/STM32_USB_Device_Library/Core/Src/usbd_ioreq.c **** 
 153:Middlewares/ST/STM32_USB_Device_Library/Core/Src/usbd_ioreq.c ****   return USBD_OK;
 154:Middlewares/ST/STM32_USB_Device_Library/Core/Src/usbd_ioreq.c **** }
 158              		.loc 1 154 0
 159 000c 0020     		movs	r0, #0
 160 000e 08BD     		pop	{r3, pc}
 161              		.cfi_endproc
 162              	.LFE136:
 164              		.section	.text.USBD_CtlSendStatus,"ax",%progbits
 165              		.align	1
 166              		.global	USBD_CtlSendStatus
 167              		.syntax unified
 168              		.thumb
 169              		.thumb_func
 170              		.fpu fpv5-sp-d16
 172              	USBD_CtlSendStatus:
 173              	.LFB137:
 155:Middlewares/ST/STM32_USB_Device_Library/Core/Src/usbd_ioreq.c **** 
 156:Middlewares/ST/STM32_USB_Device_Library/Core/Src/usbd_ioreq.c **** /**
 157:Middlewares/ST/STM32_USB_Device_Library/Core/Src/usbd_ioreq.c **** * @brief  USBD_CtlSendStatus
 158:Middlewares/ST/STM32_USB_Device_Library/Core/Src/usbd_ioreq.c **** *         send zero lzngth packet on the ctl pipe
 159:Middlewares/ST/STM32_USB_Device_Library/Core/Src/usbd_ioreq.c **** * @param  pdev: device instance
 160:Middlewares/ST/STM32_USB_Device_Library/Core/Src/usbd_ioreq.c **** * @retval status
 161:Middlewares/ST/STM32_USB_Device_Library/Core/Src/usbd_ioreq.c **** */
 162:Middlewares/ST/STM32_USB_Device_Library/Core/Src/usbd_ioreq.c **** USBD_StatusTypeDef USBD_CtlSendStatus(USBD_HandleTypeDef *pdev)
 163:Middlewares/ST/STM32_USB_Device_Library/Core/Src/usbd_ioreq.c **** {
 174              		.loc 1 163 0
 175              		.cfi_startproc
 176              		@ args = 0, pretend = 0, frame = 0
 177              		@ frame_needed = 0, uses_anonymous_args = 0
 178              	.LVL16:
 179 0000 08B5     		push	{r3, lr}
 180              		.cfi_def_cfa_offset 8
 181              		.cfi_offset 3, -8
 182              		.cfi_offset 14, -4
 164:Middlewares/ST/STM32_USB_Device_Library/Core/Src/usbd_ioreq.c ****   /* Set EP0 State */
 165:Middlewares/ST/STM32_USB_Device_Library/Core/Src/usbd_ioreq.c ****   pdev->ep0_state = USBD_EP0_STATUS_IN;
 183              		.loc 1 165 0
 184 0002 0423     		movs	r3, #4
 185 0004 C0F89432 		str	r3, [r0, #660]
 166:Middlewares/ST/STM32_USB_Device_Library/Core/Src/usbd_ioreq.c **** 
ARM GAS  /var/folders/17/j_dgbcc52q10y0jc3c_zbwd80000gn/T//ccx2rlqS.s 			page 7


 167:Middlewares/ST/STM32_USB_Device_Library/Core/Src/usbd_ioreq.c ****   /* Start the transfer */
 168:Middlewares/ST/STM32_USB_Device_Library/Core/Src/usbd_ioreq.c ****   USBD_LL_Transmit(pdev, 0x00U, NULL, 0U);
 186              		.loc 1 168 0
 187 0008 0023     		movs	r3, #0
 188 000a 1A46     		mov	r2, r3
 189 000c 1946     		mov	r1, r3
 190 000e FFF7FEFF 		bl	USBD_LL_Transmit
 191              	.LVL17:
 169:Middlewares/ST/STM32_USB_Device_Library/Core/Src/usbd_ioreq.c **** 
 170:Middlewares/ST/STM32_USB_Device_Library/Core/Src/usbd_ioreq.c ****   return USBD_OK;
 171:Middlewares/ST/STM32_USB_Device_Library/Core/Src/usbd_ioreq.c **** }
 192              		.loc 1 171 0
 193 0012 0020     		movs	r0, #0
 194 0014 08BD     		pop	{r3, pc}
 195              		.cfi_endproc
 196              	.LFE137:
 198              		.section	.text.USBD_CtlReceiveStatus,"ax",%progbits
 199              		.align	1
 200              		.global	USBD_CtlReceiveStatus
 201              		.syntax unified
 202              		.thumb
 203              		.thumb_func
 204              		.fpu fpv5-sp-d16
 206              	USBD_CtlReceiveStatus:
 207              	.LFB138:
 172:Middlewares/ST/STM32_USB_Device_Library/Core/Src/usbd_ioreq.c **** 
 173:Middlewares/ST/STM32_USB_Device_Library/Core/Src/usbd_ioreq.c **** /**
 174:Middlewares/ST/STM32_USB_Device_Library/Core/Src/usbd_ioreq.c **** * @brief  USBD_CtlReceiveStatus
 175:Middlewares/ST/STM32_USB_Device_Library/Core/Src/usbd_ioreq.c **** *         receive zero lzngth packet on the ctl pipe
 176:Middlewares/ST/STM32_USB_Device_Library/Core/Src/usbd_ioreq.c **** * @param  pdev: device instance
 177:Middlewares/ST/STM32_USB_Device_Library/Core/Src/usbd_ioreq.c **** * @retval status
 178:Middlewares/ST/STM32_USB_Device_Library/Core/Src/usbd_ioreq.c **** */
 179:Middlewares/ST/STM32_USB_Device_Library/Core/Src/usbd_ioreq.c **** USBD_StatusTypeDef USBD_CtlReceiveStatus(USBD_HandleTypeDef *pdev)
 180:Middlewares/ST/STM32_USB_Device_Library/Core/Src/usbd_ioreq.c **** {
 208              		.loc 1 180 0
 209              		.cfi_startproc
 210              		@ args = 0, pretend = 0, frame = 0
 211              		@ frame_needed = 0, uses_anonymous_args = 0
 212              	.LVL18:
 213 0000 08B5     		push	{r3, lr}
 214              		.cfi_def_cfa_offset 8
 215              		.cfi_offset 3, -8
 216              		.cfi_offset 14, -4
 181:Middlewares/ST/STM32_USB_Device_Library/Core/Src/usbd_ioreq.c ****   /* Set EP0 State */
 182:Middlewares/ST/STM32_USB_Device_Library/Core/Src/usbd_ioreq.c ****   pdev->ep0_state = USBD_EP0_STATUS_OUT;
 217              		.loc 1 182 0
 218 0002 0523     		movs	r3, #5
 219 0004 C0F89432 		str	r3, [r0, #660]
 183:Middlewares/ST/STM32_USB_Device_Library/Core/Src/usbd_ioreq.c **** 
 184:Middlewares/ST/STM32_USB_Device_Library/Core/Src/usbd_ioreq.c ****   /* Start the transfer */
 185:Middlewares/ST/STM32_USB_Device_Library/Core/Src/usbd_ioreq.c ****   USBD_LL_PrepareReceive(pdev, 0U, NULL, 0U);
 220              		.loc 1 185 0
 221 0008 0023     		movs	r3, #0
 222 000a 1A46     		mov	r2, r3
 223 000c 1946     		mov	r1, r3
 224 000e FFF7FEFF 		bl	USBD_LL_PrepareReceive
 225              	.LVL19:
ARM GAS  /var/folders/17/j_dgbcc52q10y0jc3c_zbwd80000gn/T//ccx2rlqS.s 			page 8


 186:Middlewares/ST/STM32_USB_Device_Library/Core/Src/usbd_ioreq.c **** 
 187:Middlewares/ST/STM32_USB_Device_Library/Core/Src/usbd_ioreq.c ****   return USBD_OK;
 188:Middlewares/ST/STM32_USB_Device_Library/Core/Src/usbd_ioreq.c **** }
 226              		.loc 1 188 0
 227 0012 0020     		movs	r0, #0
 228 0014 08BD     		pop	{r3, pc}
 229              		.cfi_endproc
 230              	.LFE138:
 232              		.section	.text.USBD_GetRxCount,"ax",%progbits
 233              		.align	1
 234              		.global	USBD_GetRxCount
 235              		.syntax unified
 236              		.thumb
 237              		.thumb_func
 238              		.fpu fpv5-sp-d16
 240              	USBD_GetRxCount:
 241              	.LFB139:
 189:Middlewares/ST/STM32_USB_Device_Library/Core/Src/usbd_ioreq.c **** 
 190:Middlewares/ST/STM32_USB_Device_Library/Core/Src/usbd_ioreq.c **** /**
 191:Middlewares/ST/STM32_USB_Device_Library/Core/Src/usbd_ioreq.c **** * @brief  USBD_GetRxCount
 192:Middlewares/ST/STM32_USB_Device_Library/Core/Src/usbd_ioreq.c **** *         returns the received data length
 193:Middlewares/ST/STM32_USB_Device_Library/Core/Src/usbd_ioreq.c **** * @param  pdev: device instance
 194:Middlewares/ST/STM32_USB_Device_Library/Core/Src/usbd_ioreq.c **** * @param  ep_addr: endpoint address
 195:Middlewares/ST/STM32_USB_Device_Library/Core/Src/usbd_ioreq.c **** * @retval Rx Data blength
 196:Middlewares/ST/STM32_USB_Device_Library/Core/Src/usbd_ioreq.c **** */
 197:Middlewares/ST/STM32_USB_Device_Library/Core/Src/usbd_ioreq.c **** uint32_t USBD_GetRxCount(USBD_HandleTypeDef *pdev, uint8_t ep_addr)
 198:Middlewares/ST/STM32_USB_Device_Library/Core/Src/usbd_ioreq.c **** {
 242              		.loc 1 198 0
 243              		.cfi_startproc
 244              		@ args = 0, pretend = 0, frame = 0
 245              		@ frame_needed = 0, uses_anonymous_args = 0
 246              	.LVL20:
 247 0000 08B5     		push	{r3, lr}
 248              		.cfi_def_cfa_offset 8
 249              		.cfi_offset 3, -8
 250              		.cfi_offset 14, -4
 199:Middlewares/ST/STM32_USB_Device_Library/Core/Src/usbd_ioreq.c ****   return USBD_LL_GetRxDataSize(pdev, ep_addr);
 251              		.loc 1 199 0
 252 0002 FFF7FEFF 		bl	USBD_LL_GetRxDataSize
 253              	.LVL21:
 200:Middlewares/ST/STM32_USB_Device_Library/Core/Src/usbd_ioreq.c **** }
 254              		.loc 1 200 0
 255 0006 08BD     		pop	{r3, pc}
 256              		.cfi_endproc
 257              	.LFE139:
 259              		.text
 260              	.Letext0:
 261              		.file 2 "/Users/grantham/packages/gcc-arm-none-eabi-7-2018-q2-update/arm-none-eabi/include/machine
 262              		.file 3 "/Users/grantham/packages/gcc-arm-none-eabi-7-2018-q2-update/arm-none-eabi/include/sys/loc
 263              		.file 4 "/Users/grantham/packages/gcc-arm-none-eabi-7-2018-q2-update/arm-none-eabi/include/sys/_ty
 264              		.file 5 "/Users/grantham/packages/gcc-arm-none-eabi-7-2018-q2-update/lib/gcc/arm-none-eabi/7.3.1/i
 265              		.file 6 "/Users/grantham/packages/gcc-arm-none-eabi-7-2018-q2-update/arm-none-eabi/include/sys/ree
 266              		.file 7 "/Users/grantham/packages/gcc-arm-none-eabi-7-2018-q2-update/arm-none-eabi/include/sys/_st
 267              		.file 8 "/Users/grantham/packages/gcc-arm-none-eabi-7-2018-q2-update/arm-none-eabi/include/stdlib.
 268              		.file 9 "Drivers/CMSIS/Include/core_cm4.h"
 269              		.file 10 "Drivers/CMSIS/Device/ST/STM32G4xx/Include/system_stm32g4xx.h"
 270              		.file 11 "Drivers/STM32G4xx_HAL_Driver/Inc/stm32g4xx_hal_def.h"
ARM GAS  /var/folders/17/j_dgbcc52q10y0jc3c_zbwd80000gn/T//ccx2rlqS.s 			page 9


 271              		.file 12 "Drivers/STM32G4xx_HAL_Driver/Inc/stm32g4xx_hal_flash.h"
 272              		.file 13 "Drivers/STM32G4xx_HAL_Driver/Inc/stm32g4xx_hal.h"
 273              		.file 14 "Middlewares/ST/STM32_USB_Device_Library/Core/Inc/usbd_def.h"
 274              		.file 15 "Middlewares/ST/STM32_USB_Device_Library/Core/Inc/usbd_core.h"
ARM GAS  /var/folders/17/j_dgbcc52q10y0jc3c_zbwd80000gn/T//ccx2rlqS.s 			page 10


DEFINED SYMBOLS
                            *ABS*:0000000000000000 usbd_ioreq.c
/var/folders/17/j_dgbcc52q10y0jc3c_zbwd80000gn/T//ccx2rlqS.s:18     .text.USBD_CtlSendData:0000000000000000 $t
/var/folders/17/j_dgbcc52q10y0jc3c_zbwd80000gn/T//ccx2rlqS.s:25     .text.USBD_CtlSendData:0000000000000000 USBD_CtlSendData
/var/folders/17/j_dgbcc52q10y0jc3c_zbwd80000gn/T//ccx2rlqS.s:59     .text.USBD_CtlContinueSendData:0000000000000000 $t
/var/folders/17/j_dgbcc52q10y0jc3c_zbwd80000gn/T//ccx2rlqS.s:66     .text.USBD_CtlContinueSendData:0000000000000000 USBD_CtlContinueSendData
/var/folders/17/j_dgbcc52q10y0jc3c_zbwd80000gn/T//ccx2rlqS.s:92     .text.USBD_CtlPrepareRx:0000000000000000 $t
/var/folders/17/j_dgbcc52q10y0jc3c_zbwd80000gn/T//ccx2rlqS.s:99     .text.USBD_CtlPrepareRx:0000000000000000 USBD_CtlPrepareRx
/var/folders/17/j_dgbcc52q10y0jc3c_zbwd80000gn/T//ccx2rlqS.s:132    .text.USBD_CtlContinueRx:0000000000000000 $t
/var/folders/17/j_dgbcc52q10y0jc3c_zbwd80000gn/T//ccx2rlqS.s:139    .text.USBD_CtlContinueRx:0000000000000000 USBD_CtlContinueRx
/var/folders/17/j_dgbcc52q10y0jc3c_zbwd80000gn/T//ccx2rlqS.s:165    .text.USBD_CtlSendStatus:0000000000000000 $t
/var/folders/17/j_dgbcc52q10y0jc3c_zbwd80000gn/T//ccx2rlqS.s:172    .text.USBD_CtlSendStatus:0000000000000000 USBD_CtlSendStatus
/var/folders/17/j_dgbcc52q10y0jc3c_zbwd80000gn/T//ccx2rlqS.s:199    .text.USBD_CtlReceiveStatus:0000000000000000 $t
/var/folders/17/j_dgbcc52q10y0jc3c_zbwd80000gn/T//ccx2rlqS.s:206    .text.USBD_CtlReceiveStatus:0000000000000000 USBD_CtlReceiveStatus
/var/folders/17/j_dgbcc52q10y0jc3c_zbwd80000gn/T//ccx2rlqS.s:233    .text.USBD_GetRxCount:0000000000000000 $t
/var/folders/17/j_dgbcc52q10y0jc3c_zbwd80000gn/T//ccx2rlqS.s:240    .text.USBD_GetRxCount:0000000000000000 USBD_GetRxCount

UNDEFINED SYMBOLS
USBD_LL_Transmit
USBD_LL_PrepareReceive
USBD_LL_GetRxDataSize
