ARM GAS  /var/folders/17/j_dgbcc52q10y0jc3c_zbwd80000gn/T//cc9mXAGy.s 			page 1


   1              		.cpu cortex-m7
   2              		.eabi_attribute 27, 1
   3              		.eabi_attribute 28, 1
   4              		.eabi_attribute 20, 1
   5              		.eabi_attribute 21, 1
   6              		.eabi_attribute 23, 3
   7              		.eabi_attribute 24, 1
   8              		.eabi_attribute 25, 1
   9              		.eabi_attribute 26, 1
  10              		.eabi_attribute 30, 1
  11              		.eabi_attribute 34, 1
  12              		.eabi_attribute 18, 4
  13              		.file	"usbd_desc.c"
  14              		.text
  15              	.Ltext0:
  16              		.cfi_sections	.debug_frame
  17              		.section	.text.USBD_CDC_DeviceDescriptor,"ax",%progbits
  18              		.align	1
  19              		.global	USBD_CDC_DeviceDescriptor
  20              		.syntax unified
  21              		.thumb
  22              		.thumb_func
  23              		.fpu fpv5-sp-d16
  25              	USBD_CDC_DeviceDescriptor:
  26              	.LFB133:
  27              		.file 1 "Src/usbd_desc.c"
   1:Src/usbd_desc.c **** /* USER CODE BEGIN Header */
   2:Src/usbd_desc.c **** /**
   3:Src/usbd_desc.c ****   ******************************************************************************
   4:Src/usbd_desc.c ****   * @file           : usbd_desc.c
   5:Src/usbd_desc.c ****   * @version        : v3.0_Cube
   6:Src/usbd_desc.c ****   * @brief          : This file implements the USB device descriptors.
   7:Src/usbd_desc.c ****   ******************************************************************************
   8:Src/usbd_desc.c ****   * @attention
   9:Src/usbd_desc.c ****   *
  10:Src/usbd_desc.c ****   * <h2><center>&copy; Copyright (c) 2020 STMicroelectronics.
  11:Src/usbd_desc.c ****   * All rights reserved.</center></h2>
  12:Src/usbd_desc.c ****   *
  13:Src/usbd_desc.c ****   * This software component is licensed by ST under Ultimate Liberty license
  14:Src/usbd_desc.c ****   * SLA0044, the "License"; You may not use this file except in compliance with
  15:Src/usbd_desc.c ****   * the License. You may obtain a copy of the License at:
  16:Src/usbd_desc.c ****   *                             www.st.com/SLA0044
  17:Src/usbd_desc.c ****   *
  18:Src/usbd_desc.c ****   ******************************************************************************
  19:Src/usbd_desc.c ****   */
  20:Src/usbd_desc.c **** /* USER CODE END Header */
  21:Src/usbd_desc.c **** 
  22:Src/usbd_desc.c **** /* Includes ------------------------------------------------------------------*/
  23:Src/usbd_desc.c **** #include "usbd_core.h"
  24:Src/usbd_desc.c **** #include "usbd_desc.h"
  25:Src/usbd_desc.c **** #include "usbd_conf.h"
  26:Src/usbd_desc.c **** 
  27:Src/usbd_desc.c **** /* USER CODE BEGIN INCLUDE */
  28:Src/usbd_desc.c **** 
  29:Src/usbd_desc.c **** /* USER CODE END INCLUDE */
  30:Src/usbd_desc.c **** 
  31:Src/usbd_desc.c **** /* Private typedef -----------------------------------------------------------*/
ARM GAS  /var/folders/17/j_dgbcc52q10y0jc3c_zbwd80000gn/T//cc9mXAGy.s 			page 2


  32:Src/usbd_desc.c **** /* Private define ------------------------------------------------------------*/
  33:Src/usbd_desc.c **** /* Private macro -------------------------------------------------------------*/
  34:Src/usbd_desc.c **** 
  35:Src/usbd_desc.c **** /* USER CODE BEGIN PV */
  36:Src/usbd_desc.c **** /* Private variables ---------------------------------------------------------*/
  37:Src/usbd_desc.c **** 
  38:Src/usbd_desc.c **** /* USER CODE END PV */
  39:Src/usbd_desc.c **** 
  40:Src/usbd_desc.c **** /** @addtogroup STM32_USB_OTG_DEVICE_LIBRARY
  41:Src/usbd_desc.c ****   * @{
  42:Src/usbd_desc.c ****   */
  43:Src/usbd_desc.c **** 
  44:Src/usbd_desc.c **** /** @addtogroup USBD_DESC
  45:Src/usbd_desc.c ****   * @{
  46:Src/usbd_desc.c ****   */
  47:Src/usbd_desc.c **** 
  48:Src/usbd_desc.c **** /** @defgroup USBD_DESC_Private_TypesDefinitions USBD_DESC_Private_TypesDefinitions
  49:Src/usbd_desc.c ****   * @brief Private types.
  50:Src/usbd_desc.c ****   * @{
  51:Src/usbd_desc.c ****   */
  52:Src/usbd_desc.c **** 
  53:Src/usbd_desc.c **** /* USER CODE BEGIN PRIVATE_TYPES */
  54:Src/usbd_desc.c **** 
  55:Src/usbd_desc.c **** /* USER CODE END PRIVATE_TYPES */
  56:Src/usbd_desc.c **** 
  57:Src/usbd_desc.c **** /**
  58:Src/usbd_desc.c ****   * @}
  59:Src/usbd_desc.c ****   */
  60:Src/usbd_desc.c **** 
  61:Src/usbd_desc.c **** /** @defgroup USBD_DESC_Private_Defines USBD_DESC_Private_Defines
  62:Src/usbd_desc.c ****   * @brief Private defines.
  63:Src/usbd_desc.c ****   * @{
  64:Src/usbd_desc.c ****   */
  65:Src/usbd_desc.c **** 
  66:Src/usbd_desc.c **** #define USBD_VID     1155
  67:Src/usbd_desc.c **** #define USBD_LANGID_STRING     1033
  68:Src/usbd_desc.c **** #define USBD_MANUFACTURER_STRING     "STMicroelectronics"
  69:Src/usbd_desc.c **** #define USBD_PID     22336
  70:Src/usbd_desc.c **** #define USBD_PRODUCT_STRING     "STM32 Virtual ComPort"
  71:Src/usbd_desc.c **** #define USBD_CONFIGURATION_STRING     "CDC Config"
  72:Src/usbd_desc.c **** #define USBD_INTERFACE_STRING     "CDC Interface"
  73:Src/usbd_desc.c **** 
  74:Src/usbd_desc.c **** /* USER CODE BEGIN PRIVATE_DEFINES */
  75:Src/usbd_desc.c **** 
  76:Src/usbd_desc.c **** /* USER CODE END PRIVATE_DEFINES */
  77:Src/usbd_desc.c **** 
  78:Src/usbd_desc.c **** /**
  79:Src/usbd_desc.c ****   * @}
  80:Src/usbd_desc.c ****   */
  81:Src/usbd_desc.c **** 
  82:Src/usbd_desc.c **** /* USER CODE BEGIN 0 */
  83:Src/usbd_desc.c **** 
  84:Src/usbd_desc.c **** /* USER CODE END 0 */
  85:Src/usbd_desc.c **** 
  86:Src/usbd_desc.c **** /** @defgroup USBD_DESC_Private_Macros USBD_DESC_Private_Macros
  87:Src/usbd_desc.c ****   * @brief Private macros.
  88:Src/usbd_desc.c ****   * @{
ARM GAS  /var/folders/17/j_dgbcc52q10y0jc3c_zbwd80000gn/T//cc9mXAGy.s 			page 3


  89:Src/usbd_desc.c ****   */
  90:Src/usbd_desc.c **** 
  91:Src/usbd_desc.c **** /* USER CODE BEGIN PRIVATE_MACRO */
  92:Src/usbd_desc.c **** 
  93:Src/usbd_desc.c **** /* USER CODE END PRIVATE_MACRO */
  94:Src/usbd_desc.c **** 
  95:Src/usbd_desc.c **** /**
  96:Src/usbd_desc.c ****   * @}
  97:Src/usbd_desc.c ****   */
  98:Src/usbd_desc.c ****   
  99:Src/usbd_desc.c **** /** @defgroup USBD_DESC_Private_FunctionPrototypes USBD_DESC_Private_FunctionPrototypes
 100:Src/usbd_desc.c ****   * @brief Private functions declaration.
 101:Src/usbd_desc.c ****   * @{
 102:Src/usbd_desc.c ****   */
 103:Src/usbd_desc.c ****   
 104:Src/usbd_desc.c **** static void Get_SerialNum(void);
 105:Src/usbd_desc.c **** static void IntToUnicode(uint32_t value, uint8_t * pbuf, uint8_t len);
 106:Src/usbd_desc.c ****   
 107:Src/usbd_desc.c **** /**
 108:Src/usbd_desc.c ****   * @}
 109:Src/usbd_desc.c ****   */  
 110:Src/usbd_desc.c ****   
 111:Src/usbd_desc.c **** 
 112:Src/usbd_desc.c **** /** @defgroup USBD_DESC_Private_FunctionPrototypes USBD_DESC_Private_FunctionPrototypes
 113:Src/usbd_desc.c ****   * @brief Private functions declaration.
 114:Src/usbd_desc.c ****   * @{
 115:Src/usbd_desc.c ****   */
 116:Src/usbd_desc.c **** 
 117:Src/usbd_desc.c **** uint8_t * USBD_CDC_DeviceDescriptor(USBD_SpeedTypeDef speed, uint16_t *length);
 118:Src/usbd_desc.c **** uint8_t * USBD_CDC_LangIDStrDescriptor(USBD_SpeedTypeDef speed, uint16_t *length);
 119:Src/usbd_desc.c **** uint8_t * USBD_CDC_ManufacturerStrDescriptor(USBD_SpeedTypeDef speed, uint16_t *length);
 120:Src/usbd_desc.c **** uint8_t * USBD_CDC_ProductStrDescriptor(USBD_SpeedTypeDef speed, uint16_t *length);
 121:Src/usbd_desc.c **** uint8_t * USBD_CDC_SerialStrDescriptor(USBD_SpeedTypeDef speed, uint16_t *length);
 122:Src/usbd_desc.c **** uint8_t * USBD_CDC_ConfigStrDescriptor(USBD_SpeedTypeDef speed, uint16_t *length);
 123:Src/usbd_desc.c **** uint8_t * USBD_CDC_InterfaceStrDescriptor(USBD_SpeedTypeDef speed, uint16_t *length);
 124:Src/usbd_desc.c **** 
 125:Src/usbd_desc.c **** /**
 126:Src/usbd_desc.c ****   * @}
 127:Src/usbd_desc.c ****   */
 128:Src/usbd_desc.c **** 
 129:Src/usbd_desc.c **** /** @defgroup USBD_DESC_Private_Variables USBD_DESC_Private_Variables
 130:Src/usbd_desc.c ****   * @brief Private variables.
 131:Src/usbd_desc.c ****   * @{
 132:Src/usbd_desc.c ****   */
 133:Src/usbd_desc.c **** 
 134:Src/usbd_desc.c **** USBD_DescriptorsTypeDef CDC_Desc =
 135:Src/usbd_desc.c **** {
 136:Src/usbd_desc.c ****   USBD_CDC_DeviceDescriptor, 
 137:Src/usbd_desc.c ****   USBD_CDC_LangIDStrDescriptor, 
 138:Src/usbd_desc.c ****   USBD_CDC_ManufacturerStrDescriptor, 
 139:Src/usbd_desc.c ****   USBD_CDC_ProductStrDescriptor, 
 140:Src/usbd_desc.c ****   USBD_CDC_SerialStrDescriptor, 
 141:Src/usbd_desc.c ****   USBD_CDC_ConfigStrDescriptor, 
 142:Src/usbd_desc.c ****   USBD_CDC_InterfaceStrDescriptor
 143:Src/usbd_desc.c **** };
 144:Src/usbd_desc.c **** 
 145:Src/usbd_desc.c **** #if defined ( __ICCARM__ ) /* IAR Compiler */
ARM GAS  /var/folders/17/j_dgbcc52q10y0jc3c_zbwd80000gn/T//cc9mXAGy.s 			page 4


 146:Src/usbd_desc.c ****   #pragma data_alignment=4
 147:Src/usbd_desc.c **** #endif /* defined ( __ICCARM__ ) */
 148:Src/usbd_desc.c **** /** USB standard device descriptor. */
 149:Src/usbd_desc.c **** __ALIGN_BEGIN uint8_t USBD_CDC_DeviceDesc[USB_LEN_DEV_DESC] __ALIGN_END =
 150:Src/usbd_desc.c **** {
 151:Src/usbd_desc.c ****   0x12,                       /*bLength */
 152:Src/usbd_desc.c ****   USB_DESC_TYPE_DEVICE,       /*bDescriptorType*/
 153:Src/usbd_desc.c ****   0x00,                       /*bcdUSB */
 154:Src/usbd_desc.c ****   0x02,
 155:Src/usbd_desc.c ****   0x02,                       /*bDeviceClass*/
 156:Src/usbd_desc.c ****   0x02,                       /*bDeviceSubClass*/
 157:Src/usbd_desc.c ****   0x00,                       /*bDeviceProtocol*/
 158:Src/usbd_desc.c ****   USB_MAX_EP0_SIZE,           /*bMaxPacketSize*/
 159:Src/usbd_desc.c ****   LOBYTE(USBD_VID),           /*idVendor*/
 160:Src/usbd_desc.c ****   HIBYTE(USBD_VID),           /*idVendor*/
 161:Src/usbd_desc.c ****   LOBYTE(USBD_PID),           /*idProduct*/
 162:Src/usbd_desc.c ****   HIBYTE(USBD_PID),           /*idProduct*/
 163:Src/usbd_desc.c ****   0x00,                       /*bcdDevice rel. 2.00*/
 164:Src/usbd_desc.c ****   0x02,
 165:Src/usbd_desc.c ****   USBD_IDX_MFC_STR,           /*Index of manufacturer  string*/
 166:Src/usbd_desc.c ****   USBD_IDX_PRODUCT_STR,       /*Index of product string*/
 167:Src/usbd_desc.c ****   USBD_IDX_SERIAL_STR,        /*Index of serial number string*/
 168:Src/usbd_desc.c ****   USBD_MAX_NUM_CONFIGURATION  /*bNumConfigurations*/
 169:Src/usbd_desc.c **** };
 170:Src/usbd_desc.c **** 
 171:Src/usbd_desc.c **** /* USB_DeviceDescriptor */
 172:Src/usbd_desc.c **** 
 173:Src/usbd_desc.c **** /**
 174:Src/usbd_desc.c ****   * @}
 175:Src/usbd_desc.c ****   */
 176:Src/usbd_desc.c **** 
 177:Src/usbd_desc.c **** /** @defgroup USBD_DESC_Private_Variables USBD_DESC_Private_Variables
 178:Src/usbd_desc.c ****   * @brief Private variables.
 179:Src/usbd_desc.c ****   * @{
 180:Src/usbd_desc.c ****   */
 181:Src/usbd_desc.c **** 
 182:Src/usbd_desc.c **** #if defined ( __ICCARM__ ) /* IAR Compiler */
 183:Src/usbd_desc.c ****   #pragma data_alignment=4
 184:Src/usbd_desc.c **** #endif /* defined ( __ICCARM__ ) */
 185:Src/usbd_desc.c **** 
 186:Src/usbd_desc.c **** /** USB lang indentifier descriptor. */
 187:Src/usbd_desc.c **** __ALIGN_BEGIN uint8_t USBD_LangIDDesc[USB_LEN_LANGID_STR_DESC] __ALIGN_END =
 188:Src/usbd_desc.c **** {
 189:Src/usbd_desc.c ****      USB_LEN_LANGID_STR_DESC,
 190:Src/usbd_desc.c ****      USB_DESC_TYPE_STRING,
 191:Src/usbd_desc.c ****      LOBYTE(USBD_LANGID_STRING),
 192:Src/usbd_desc.c ****      HIBYTE(USBD_LANGID_STRING)
 193:Src/usbd_desc.c **** };
 194:Src/usbd_desc.c **** 
 195:Src/usbd_desc.c **** #if defined ( __ICCARM__ ) /* IAR Compiler */
 196:Src/usbd_desc.c ****   #pragma data_alignment=4
 197:Src/usbd_desc.c **** #endif /* defined ( __ICCARM__ ) */
 198:Src/usbd_desc.c **** /* Internal string descriptor. */
 199:Src/usbd_desc.c **** __ALIGN_BEGIN uint8_t USBD_StrDesc[USBD_MAX_STR_DESC_SIZ] __ALIGN_END;
 200:Src/usbd_desc.c **** 
 201:Src/usbd_desc.c **** #if defined ( __ICCARM__ ) /*!< IAR Compiler */
 202:Src/usbd_desc.c ****   #pragma data_alignment=4   
ARM GAS  /var/folders/17/j_dgbcc52q10y0jc3c_zbwd80000gn/T//cc9mXAGy.s 			page 5


 203:Src/usbd_desc.c **** #endif
 204:Src/usbd_desc.c **** __ALIGN_BEGIN uint8_t USBD_StringSerial[USB_SIZ_STRING_SERIAL] __ALIGN_END = {
 205:Src/usbd_desc.c ****   USB_SIZ_STRING_SERIAL,
 206:Src/usbd_desc.c ****   USB_DESC_TYPE_STRING,
 207:Src/usbd_desc.c **** };
 208:Src/usbd_desc.c **** 
 209:Src/usbd_desc.c **** /**
 210:Src/usbd_desc.c ****   * @}
 211:Src/usbd_desc.c ****   */
 212:Src/usbd_desc.c **** 
 213:Src/usbd_desc.c **** /** @defgroup USBD_DESC_Private_Functions USBD_DESC_Private_Functions
 214:Src/usbd_desc.c ****   * @brief Private functions.
 215:Src/usbd_desc.c ****   * @{
 216:Src/usbd_desc.c ****   */
 217:Src/usbd_desc.c **** 
 218:Src/usbd_desc.c **** /**
 219:Src/usbd_desc.c ****   * @brief  Return the device descriptor
 220:Src/usbd_desc.c ****   * @param  speed : Current device speed
 221:Src/usbd_desc.c ****   * @param  length : Pointer to data length variable
 222:Src/usbd_desc.c ****   * @retval Pointer to descriptor buffer
 223:Src/usbd_desc.c ****   */
 224:Src/usbd_desc.c **** uint8_t * USBD_CDC_DeviceDescriptor(USBD_SpeedTypeDef speed, uint16_t *length)
 225:Src/usbd_desc.c **** {
  28              		.loc 1 225 0
  29              		.cfi_startproc
  30              		@ args = 0, pretend = 0, frame = 0
  31              		@ frame_needed = 0, uses_anonymous_args = 0
  32              		@ link register save eliminated.
  33              	.LVL0:
 226:Src/usbd_desc.c ****   UNUSED(speed);
 227:Src/usbd_desc.c ****   *length = sizeof(USBD_CDC_DeviceDesc);
  34              		.loc 1 227 0
  35 0000 1223     		movs	r3, #18
  36 0002 0B80     		strh	r3, [r1]	@ movhi
 228:Src/usbd_desc.c ****   return USBD_CDC_DeviceDesc;
 229:Src/usbd_desc.c **** }
  37              		.loc 1 229 0
  38 0004 0048     		ldr	r0, .L2
  39              	.LVL1:
  40 0006 7047     		bx	lr
  41              	.L3:
  42              		.align	2
  43              	.L2:
  44 0008 00000000 		.word	.LANCHOR0
  45              		.cfi_endproc
  46              	.LFE133:
  48              		.section	.text.USBD_CDC_LangIDStrDescriptor,"ax",%progbits
  49              		.align	1
  50              		.global	USBD_CDC_LangIDStrDescriptor
  51              		.syntax unified
  52              		.thumb
  53              		.thumb_func
  54              		.fpu fpv5-sp-d16
  56              	USBD_CDC_LangIDStrDescriptor:
  57              	.LFB134:
 230:Src/usbd_desc.c **** 
 231:Src/usbd_desc.c **** /**
ARM GAS  /var/folders/17/j_dgbcc52q10y0jc3c_zbwd80000gn/T//cc9mXAGy.s 			page 6


 232:Src/usbd_desc.c ****   * @brief  Return the LangID string descriptor
 233:Src/usbd_desc.c ****   * @param  speed : Current device speed
 234:Src/usbd_desc.c ****   * @param  length : Pointer to data length variable
 235:Src/usbd_desc.c ****   * @retval Pointer to descriptor buffer
 236:Src/usbd_desc.c ****   */
 237:Src/usbd_desc.c **** uint8_t * USBD_CDC_LangIDStrDescriptor(USBD_SpeedTypeDef speed, uint16_t *length)
 238:Src/usbd_desc.c **** {
  58              		.loc 1 238 0
  59              		.cfi_startproc
  60              		@ args = 0, pretend = 0, frame = 0
  61              		@ frame_needed = 0, uses_anonymous_args = 0
  62              		@ link register save eliminated.
  63              	.LVL2:
 239:Src/usbd_desc.c ****   UNUSED(speed);
 240:Src/usbd_desc.c ****   *length = sizeof(USBD_LangIDDesc);
  64              		.loc 1 240 0
  65 0000 0423     		movs	r3, #4
  66 0002 0B80     		strh	r3, [r1]	@ movhi
 241:Src/usbd_desc.c ****   return USBD_LangIDDesc;
 242:Src/usbd_desc.c **** }
  67              		.loc 1 242 0
  68 0004 0048     		ldr	r0, .L5
  69              	.LVL3:
  70 0006 7047     		bx	lr
  71              	.L6:
  72              		.align	2
  73              	.L5:
  74 0008 00000000 		.word	.LANCHOR1
  75              		.cfi_endproc
  76              	.LFE134:
  78              		.section	.text.IntToUnicode,"ax",%progbits
  79              		.align	1
  80              		.syntax unified
  81              		.thumb
  82              		.thumb_func
  83              		.fpu fpv5-sp-d16
  85              	IntToUnicode:
  86              	.LFB141:
 243:Src/usbd_desc.c **** 
 244:Src/usbd_desc.c **** /**
 245:Src/usbd_desc.c ****   * @brief  Return the product string descriptor
 246:Src/usbd_desc.c ****   * @param  speed : Current device speed
 247:Src/usbd_desc.c ****   * @param  length : Pointer to data length variable
 248:Src/usbd_desc.c ****   * @retval Pointer to descriptor buffer
 249:Src/usbd_desc.c ****   */
 250:Src/usbd_desc.c **** uint8_t * USBD_CDC_ProductStrDescriptor(USBD_SpeedTypeDef speed, uint16_t *length)
 251:Src/usbd_desc.c **** {
 252:Src/usbd_desc.c ****   if(speed == 0)
 253:Src/usbd_desc.c ****   {
 254:Src/usbd_desc.c ****     USBD_GetString((uint8_t *)USBD_PRODUCT_STRING, USBD_StrDesc, length);
 255:Src/usbd_desc.c ****   }
 256:Src/usbd_desc.c ****   else
 257:Src/usbd_desc.c ****   {
 258:Src/usbd_desc.c ****     USBD_GetString((uint8_t *)USBD_PRODUCT_STRING, USBD_StrDesc, length);
 259:Src/usbd_desc.c ****   }
 260:Src/usbd_desc.c ****   return USBD_StrDesc;
 261:Src/usbd_desc.c **** }
ARM GAS  /var/folders/17/j_dgbcc52q10y0jc3c_zbwd80000gn/T//cc9mXAGy.s 			page 7


 262:Src/usbd_desc.c **** 
 263:Src/usbd_desc.c **** /**
 264:Src/usbd_desc.c ****   * @brief  Return the manufacturer string descriptor
 265:Src/usbd_desc.c ****   * @param  speed : Current device speed
 266:Src/usbd_desc.c ****   * @param  length : Pointer to data length variable
 267:Src/usbd_desc.c ****   * @retval Pointer to descriptor buffer
 268:Src/usbd_desc.c ****   */
 269:Src/usbd_desc.c **** uint8_t * USBD_CDC_ManufacturerStrDescriptor(USBD_SpeedTypeDef speed, uint16_t *length)
 270:Src/usbd_desc.c **** {
 271:Src/usbd_desc.c ****   UNUSED(speed);
 272:Src/usbd_desc.c ****   USBD_GetString((uint8_t *)USBD_MANUFACTURER_STRING, USBD_StrDesc, length);
 273:Src/usbd_desc.c ****   return USBD_StrDesc;
 274:Src/usbd_desc.c **** }
 275:Src/usbd_desc.c **** 
 276:Src/usbd_desc.c **** /**
 277:Src/usbd_desc.c ****   * @brief  Return the serial number string descriptor
 278:Src/usbd_desc.c ****   * @param  speed : Current device speed
 279:Src/usbd_desc.c ****   * @param  length : Pointer to data length variable
 280:Src/usbd_desc.c ****   * @retval Pointer to descriptor buffer
 281:Src/usbd_desc.c ****   */
 282:Src/usbd_desc.c **** uint8_t * USBD_CDC_SerialStrDescriptor(USBD_SpeedTypeDef speed, uint16_t *length)
 283:Src/usbd_desc.c **** {
 284:Src/usbd_desc.c ****   UNUSED(speed);
 285:Src/usbd_desc.c ****   *length = USB_SIZ_STRING_SERIAL;
 286:Src/usbd_desc.c **** 
 287:Src/usbd_desc.c ****   /* Update the serial number string descriptor with the data from the unique
 288:Src/usbd_desc.c ****    * ID */
 289:Src/usbd_desc.c ****   Get_SerialNum();
 290:Src/usbd_desc.c ****   
 291:Src/usbd_desc.c ****   /* USER CODE BEGIN USBD_CDC_SerialStrDescriptor */
 292:Src/usbd_desc.c ****   
 293:Src/usbd_desc.c ****   /* USER CODE END USBD_CDC_SerialStrDescriptor */
 294:Src/usbd_desc.c **** 
 295:Src/usbd_desc.c ****   return (uint8_t *) USBD_StringSerial;
 296:Src/usbd_desc.c **** }
 297:Src/usbd_desc.c **** 
 298:Src/usbd_desc.c **** /**
 299:Src/usbd_desc.c ****   * @brief  Return the configuration string descriptor
 300:Src/usbd_desc.c ****   * @param  speed : Current device speed
 301:Src/usbd_desc.c ****   * @param  length : Pointer to data length variable
 302:Src/usbd_desc.c ****   * @retval Pointer to descriptor buffer
 303:Src/usbd_desc.c ****   */
 304:Src/usbd_desc.c **** uint8_t * USBD_CDC_ConfigStrDescriptor(USBD_SpeedTypeDef speed, uint16_t *length)
 305:Src/usbd_desc.c **** {
 306:Src/usbd_desc.c ****   if(speed == USBD_SPEED_HIGH)
 307:Src/usbd_desc.c ****   {
 308:Src/usbd_desc.c ****     USBD_GetString((uint8_t *)USBD_CONFIGURATION_STRING, USBD_StrDesc, length);
 309:Src/usbd_desc.c ****   }
 310:Src/usbd_desc.c ****   else
 311:Src/usbd_desc.c ****   {
 312:Src/usbd_desc.c ****     USBD_GetString((uint8_t *)USBD_CONFIGURATION_STRING, USBD_StrDesc, length);
 313:Src/usbd_desc.c ****   }
 314:Src/usbd_desc.c ****   return USBD_StrDesc;
 315:Src/usbd_desc.c **** }
 316:Src/usbd_desc.c **** 
 317:Src/usbd_desc.c **** /**
 318:Src/usbd_desc.c ****   * @brief  Return the interface string descriptor
ARM GAS  /var/folders/17/j_dgbcc52q10y0jc3c_zbwd80000gn/T//cc9mXAGy.s 			page 8


 319:Src/usbd_desc.c ****   * @param  speed : Current device speed
 320:Src/usbd_desc.c ****   * @param  length : Pointer to data length variable
 321:Src/usbd_desc.c ****   * @retval Pointer to descriptor buffer
 322:Src/usbd_desc.c ****   */
 323:Src/usbd_desc.c **** uint8_t * USBD_CDC_InterfaceStrDescriptor(USBD_SpeedTypeDef speed, uint16_t *length)
 324:Src/usbd_desc.c **** {
 325:Src/usbd_desc.c ****   if(speed == 0)
 326:Src/usbd_desc.c ****   {
 327:Src/usbd_desc.c ****     USBD_GetString((uint8_t *)USBD_INTERFACE_STRING, USBD_StrDesc, length);
 328:Src/usbd_desc.c ****   }
 329:Src/usbd_desc.c ****   else
 330:Src/usbd_desc.c ****   {
 331:Src/usbd_desc.c ****     USBD_GetString((uint8_t *)USBD_INTERFACE_STRING, USBD_StrDesc, length);
 332:Src/usbd_desc.c ****   }
 333:Src/usbd_desc.c ****   return USBD_StrDesc;
 334:Src/usbd_desc.c **** }
 335:Src/usbd_desc.c **** 
 336:Src/usbd_desc.c **** /**
 337:Src/usbd_desc.c ****   * @brief  Create the serial number string descriptor 
 338:Src/usbd_desc.c ****   * @param  None 
 339:Src/usbd_desc.c ****   * @retval None
 340:Src/usbd_desc.c ****   */
 341:Src/usbd_desc.c **** static void Get_SerialNum(void)
 342:Src/usbd_desc.c **** {
 343:Src/usbd_desc.c ****   uint32_t deviceserial0, deviceserial1, deviceserial2;
 344:Src/usbd_desc.c **** 
 345:Src/usbd_desc.c ****   deviceserial0 = *(uint32_t *) DEVICE_ID1;
 346:Src/usbd_desc.c ****   deviceserial1 = *(uint32_t *) DEVICE_ID2;
 347:Src/usbd_desc.c ****   deviceserial2 = *(uint32_t *) DEVICE_ID3;
 348:Src/usbd_desc.c **** 
 349:Src/usbd_desc.c ****   deviceserial0 += deviceserial2;
 350:Src/usbd_desc.c **** 
 351:Src/usbd_desc.c ****   if (deviceserial0 != 0)
 352:Src/usbd_desc.c ****   {
 353:Src/usbd_desc.c ****     IntToUnicode(deviceserial0, &USBD_StringSerial[2], 8);
 354:Src/usbd_desc.c ****     IntToUnicode(deviceserial1, &USBD_StringSerial[18], 4);
 355:Src/usbd_desc.c ****   }
 356:Src/usbd_desc.c **** }
 357:Src/usbd_desc.c **** 
 358:Src/usbd_desc.c **** /**
 359:Src/usbd_desc.c ****   * @brief  Convert Hex 32Bits value into char 
 360:Src/usbd_desc.c ****   * @param  value: value to convert
 361:Src/usbd_desc.c ****   * @param  pbuf: pointer to the buffer 
 362:Src/usbd_desc.c ****   * @param  len: buffer length
 363:Src/usbd_desc.c ****   * @retval None
 364:Src/usbd_desc.c ****   */
 365:Src/usbd_desc.c **** static void IntToUnicode(uint32_t value, uint8_t * pbuf, uint8_t len)
 366:Src/usbd_desc.c **** {
  87              		.loc 1 366 0
  88              		.cfi_startproc
  89              		@ args = 0, pretend = 0, frame = 0
  90              		@ frame_needed = 0, uses_anonymous_args = 0
  91              		@ link register save eliminated.
  92              	.LVL4:
 367:Src/usbd_desc.c ****   uint8_t idx = 0;
 368:Src/usbd_desc.c **** 
 369:Src/usbd_desc.c ****   for (idx = 0; idx < len; idx++)
ARM GAS  /var/folders/17/j_dgbcc52q10y0jc3c_zbwd80000gn/T//cc9mXAGy.s 			page 9


  93              		.loc 1 369 0
  94 0000 0023     		movs	r3, #0
  95              	.LVL5:
  96 0002 9342     		cmp	r3, r2
  97 0004 16D2     		bcs	.L15
 366:Src/usbd_desc.c ****   uint8_t idx = 0;
  98              		.loc 1 366 0
  99 0006 30B4     		push	{r4, r5}
 100              		.cfi_def_cfa_offset 8
 101              		.cfi_offset 4, -8
 102              		.cfi_offset 5, -4
 103 0008 0BE0     		b	.L11
 104              	.L9:
 370:Src/usbd_desc.c ****   {
 371:Src/usbd_desc.c ****     if (((value >> 28)) < 0xA)
 372:Src/usbd_desc.c ****     {
 373:Src/usbd_desc.c ****       pbuf[2 * idx] = (value >> 28) + '0';
 374:Src/usbd_desc.c ****     }
 375:Src/usbd_desc.c ****     else
 376:Src/usbd_desc.c ****     {
 377:Src/usbd_desc.c ****       pbuf[2 * idx] = (value >> 28) + 'A' - 10;
 105              		.loc 1 377 0
 106 000a 3734     		adds	r4, r4, #55
 107 000c 01F81340 		strb	r4, [r1, r3, lsl #1]
 108              	.L10:
 378:Src/usbd_desc.c ****     }
 379:Src/usbd_desc.c **** 
 380:Src/usbd_desc.c ****     value = value << 4;
 109              		.loc 1 380 0 discriminator 2
 110 0010 0001     		lsls	r0, r0, #4
 111              	.LVL6:
 381:Src/usbd_desc.c **** 
 382:Src/usbd_desc.c ****     pbuf[2 * idx + 1] = 0;
 112              		.loc 1 382 0 discriminator 2
 113 0012 5C00     		lsls	r4, r3, #1
 114 0014 0134     		adds	r4, r4, #1
 115 0016 0025     		movs	r5, #0
 116 0018 0D55     		strb	r5, [r1, r4]
 369:Src/usbd_desc.c ****   {
 117              		.loc 1 369 0 discriminator 2
 118 001a 0133     		adds	r3, r3, #1
 119              	.LVL7:
 120 001c DBB2     		uxtb	r3, r3
 121              	.LVL8:
 122 001e 9342     		cmp	r3, r2
 123 0020 06D2     		bcs	.L16
 124              	.L11:
 371:Src/usbd_desc.c ****     {
 125              		.loc 1 371 0
 126 0022 040F     		lsrs	r4, r0, #28
 127 0024 092C     		cmp	r4, #9
 128 0026 F0D8     		bhi	.L9
 373:Src/usbd_desc.c ****     }
 129              		.loc 1 373 0
 130 0028 3034     		adds	r4, r4, #48
 131 002a 01F81340 		strb	r4, [r1, r3, lsl #1]
 132 002e EFE7     		b	.L10
ARM GAS  /var/folders/17/j_dgbcc52q10y0jc3c_zbwd80000gn/T//cc9mXAGy.s 			page 10


 133              	.L16:
 383:Src/usbd_desc.c ****   }
 384:Src/usbd_desc.c **** }
 134              		.loc 1 384 0
 135 0030 30BC     		pop	{r4, r5}
 136              		.cfi_restore 5
 137              		.cfi_restore 4
 138              		.cfi_def_cfa_offset 0
 139 0032 7047     		bx	lr
 140              	.L15:
 141 0034 7047     		bx	lr
 142              		.cfi_endproc
 143              	.LFE141:
 145              		.section	.text.Get_SerialNum,"ax",%progbits
 146              		.align	1
 147              		.syntax unified
 148              		.thumb
 149              		.thumb_func
 150              		.fpu fpv5-sp-d16
 152              	Get_SerialNum:
 153              	.LFB140:
 342:Src/usbd_desc.c ****   uint32_t deviceserial0, deviceserial1, deviceserial2;
 154              		.loc 1 342 0
 155              		.cfi_startproc
 156              		@ args = 0, pretend = 0, frame = 0
 157              		@ frame_needed = 0, uses_anonymous_args = 0
 158 0000 38B5     		push	{r3, r4, r5, lr}
 159              		.cfi_def_cfa_offset 16
 160              		.cfi_offset 3, -16
 161              		.cfi_offset 4, -12
 162              		.cfi_offset 5, -8
 163              		.cfi_offset 14, -4
 345:Src/usbd_desc.c ****   deviceserial1 = *(uint32_t *) DEVICE_ID2;
 164              		.loc 1 345 0
 165 0002 0A4B     		ldr	r3, .L21
 166 0004 1868     		ldr	r0, [r3]
 167              	.LVL9:
 346:Src/usbd_desc.c ****   deviceserial2 = *(uint32_t *) DEVICE_ID3;
 168              		.loc 1 346 0
 169 0006 0433     		adds	r3, r3, #4
 170 0008 1C68     		ldr	r4, [r3]
 171              	.LVL10:
 347:Src/usbd_desc.c **** 
 172              		.loc 1 347 0
 173 000a 0433     		adds	r3, r3, #4
 174 000c 1B68     		ldr	r3, [r3]
 175              	.LVL11:
 351:Src/usbd_desc.c ****   {
 176              		.loc 1 351 0
 177 000e C018     		adds	r0, r0, r3
 178              	.LVL12:
 179 0010 00D1     		bne	.L20
 180              	.LVL13:
 181              	.L17:
 356:Src/usbd_desc.c **** 
 182              		.loc 1 356 0
 183 0012 38BD     		pop	{r3, r4, r5, pc}
ARM GAS  /var/folders/17/j_dgbcc52q10y0jc3c_zbwd80000gn/T//cc9mXAGy.s 			page 11


 184              	.LVL14:
 185              	.L20:
 353:Src/usbd_desc.c ****     IntToUnicode(deviceserial1, &USBD_StringSerial[18], 4);
 186              		.loc 1 353 0
 187 0014 064D     		ldr	r5, .L21+4
 188 0016 0822     		movs	r2, #8
 189 0018 A91C     		adds	r1, r5, #2
 190 001a FFF7FEFF 		bl	IntToUnicode
 191              	.LVL15:
 354:Src/usbd_desc.c ****   }
 192              		.loc 1 354 0
 193 001e 0422     		movs	r2, #4
 194 0020 05F11201 		add	r1, r5, #18
 195 0024 2046     		mov	r0, r4
 196 0026 FFF7FEFF 		bl	IntToUnicode
 197              	.LVL16:
 356:Src/usbd_desc.c **** 
 198              		.loc 1 356 0
 199 002a F2E7     		b	.L17
 200              	.L22:
 201              		.align	2
 202              	.L21:
 203 002c 9075FF1F 		.word	536835472
 204 0030 00000000 		.word	.LANCHOR2
 205              		.cfi_endproc
 206              	.LFE140:
 208              		.section	.text.USBD_CDC_SerialStrDescriptor,"ax",%progbits
 209              		.align	1
 210              		.global	USBD_CDC_SerialStrDescriptor
 211              		.syntax unified
 212              		.thumb
 213              		.thumb_func
 214              		.fpu fpv5-sp-d16
 216              	USBD_CDC_SerialStrDescriptor:
 217              	.LFB137:
 283:Src/usbd_desc.c ****   UNUSED(speed);
 218              		.loc 1 283 0
 219              		.cfi_startproc
 220              		@ args = 0, pretend = 0, frame = 0
 221              		@ frame_needed = 0, uses_anonymous_args = 0
 222              	.LVL17:
 223 0000 08B5     		push	{r3, lr}
 224              		.cfi_def_cfa_offset 8
 225              		.cfi_offset 3, -8
 226              		.cfi_offset 14, -4
 285:Src/usbd_desc.c **** 
 227              		.loc 1 285 0
 228 0002 1A23     		movs	r3, #26
 229 0004 0B80     		strh	r3, [r1]	@ movhi
 289:Src/usbd_desc.c ****   
 230              		.loc 1 289 0
 231 0006 FFF7FEFF 		bl	Get_SerialNum
 232              	.LVL18:
 296:Src/usbd_desc.c **** 
 233              		.loc 1 296 0
 234 000a 0148     		ldr	r0, .L25
 235 000c 08BD     		pop	{r3, pc}
ARM GAS  /var/folders/17/j_dgbcc52q10y0jc3c_zbwd80000gn/T//cc9mXAGy.s 			page 12


 236              	.L26:
 237 000e 00BF     		.align	2
 238              	.L25:
 239 0010 00000000 		.word	.LANCHOR2
 240              		.cfi_endproc
 241              	.LFE137:
 243              		.section	.text.USBD_CDC_ProductStrDescriptor,"ax",%progbits
 244              		.align	1
 245              		.global	USBD_CDC_ProductStrDescriptor
 246              		.syntax unified
 247              		.thumb
 248              		.thumb_func
 249              		.fpu fpv5-sp-d16
 251              	USBD_CDC_ProductStrDescriptor:
 252              	.LFB135:
 251:Src/usbd_desc.c ****   if(speed == 0)
 253              		.loc 1 251 0
 254              		.cfi_startproc
 255              		@ args = 0, pretend = 0, frame = 0
 256              		@ frame_needed = 0, uses_anonymous_args = 0
 257              	.LVL19:
 258 0000 08B5     		push	{r3, lr}
 259              		.cfi_def_cfa_offset 8
 260              		.cfi_offset 3, -8
 261              		.cfi_offset 14, -4
 262 0002 0A46     		mov	r2, r1
 252:Src/usbd_desc.c ****   {
 263              		.loc 1 252 0
 264 0004 28B1     		cbz	r0, .L31
 258:Src/usbd_desc.c ****   }
 265              		.loc 1 258 0
 266 0006 0549     		ldr	r1, .L32
 267              	.LVL20:
 268 0008 0548     		ldr	r0, .L32+4
 269              	.LVL21:
 270 000a FFF7FEFF 		bl	USBD_GetString
 271              	.LVL22:
 272              	.L29:
 261:Src/usbd_desc.c **** 
 273              		.loc 1 261 0
 274 000e 0348     		ldr	r0, .L32
 275 0010 08BD     		pop	{r3, pc}
 276              	.LVL23:
 277              	.L31:
 254:Src/usbd_desc.c ****   }
 278              		.loc 1 254 0
 279 0012 0249     		ldr	r1, .L32
 280              	.LVL24:
 281 0014 0248     		ldr	r0, .L32+4
 282              	.LVL25:
 283 0016 FFF7FEFF 		bl	USBD_GetString
 284              	.LVL26:
 285 001a F8E7     		b	.L29
 286              	.L33:
 287              		.align	2
 288              	.L32:
 289 001c 00000000 		.word	USBD_StrDesc
ARM GAS  /var/folders/17/j_dgbcc52q10y0jc3c_zbwd80000gn/T//cc9mXAGy.s 			page 13


 290 0020 00000000 		.word	.LC0
 291              		.cfi_endproc
 292              	.LFE135:
 294              		.section	.text.USBD_CDC_ManufacturerStrDescriptor,"ax",%progbits
 295              		.align	1
 296              		.global	USBD_CDC_ManufacturerStrDescriptor
 297              		.syntax unified
 298              		.thumb
 299              		.thumb_func
 300              		.fpu fpv5-sp-d16
 302              	USBD_CDC_ManufacturerStrDescriptor:
 303              	.LFB136:
 270:Src/usbd_desc.c ****   UNUSED(speed);
 304              		.loc 1 270 0
 305              		.cfi_startproc
 306              		@ args = 0, pretend = 0, frame = 0
 307              		@ frame_needed = 0, uses_anonymous_args = 0
 308              	.LVL27:
 309 0000 10B5     		push	{r4, lr}
 310              		.cfi_def_cfa_offset 8
 311              		.cfi_offset 4, -8
 312              		.cfi_offset 14, -4
 272:Src/usbd_desc.c ****   return USBD_StrDesc;
 313              		.loc 1 272 0
 314 0002 044C     		ldr	r4, .L36
 315 0004 0A46     		mov	r2, r1
 316 0006 2146     		mov	r1, r4
 317              	.LVL28:
 318 0008 0348     		ldr	r0, .L36+4
 319              	.LVL29:
 320 000a FFF7FEFF 		bl	USBD_GetString
 321              	.LVL30:
 274:Src/usbd_desc.c **** 
 322              		.loc 1 274 0
 323 000e 2046     		mov	r0, r4
 324 0010 10BD     		pop	{r4, pc}
 325              	.L37:
 326 0012 00BF     		.align	2
 327              	.L36:
 328 0014 00000000 		.word	USBD_StrDesc
 329 0018 00000000 		.word	.LC1
 330              		.cfi_endproc
 331              	.LFE136:
 333              		.section	.text.USBD_CDC_ConfigStrDescriptor,"ax",%progbits
 334              		.align	1
 335              		.global	USBD_CDC_ConfigStrDescriptor
 336              		.syntax unified
 337              		.thumb
 338              		.thumb_func
 339              		.fpu fpv5-sp-d16
 341              	USBD_CDC_ConfigStrDescriptor:
 342              	.LFB138:
 305:Src/usbd_desc.c ****   if(speed == USBD_SPEED_HIGH)
 343              		.loc 1 305 0
 344              		.cfi_startproc
 345              		@ args = 0, pretend = 0, frame = 0
 346              		@ frame_needed = 0, uses_anonymous_args = 0
ARM GAS  /var/folders/17/j_dgbcc52q10y0jc3c_zbwd80000gn/T//cc9mXAGy.s 			page 14


 347              	.LVL31:
 348 0000 08B5     		push	{r3, lr}
 349              		.cfi_def_cfa_offset 8
 350              		.cfi_offset 3, -8
 351              		.cfi_offset 14, -4
 352 0002 0A46     		mov	r2, r1
 306:Src/usbd_desc.c ****   {
 353              		.loc 1 306 0
 354 0004 28B1     		cbz	r0, .L42
 312:Src/usbd_desc.c ****   }
 355              		.loc 1 312 0
 356 0006 0549     		ldr	r1, .L43
 357              	.LVL32:
 358 0008 0548     		ldr	r0, .L43+4
 359              	.LVL33:
 360 000a FFF7FEFF 		bl	USBD_GetString
 361              	.LVL34:
 362              	.L40:
 315:Src/usbd_desc.c **** 
 363              		.loc 1 315 0
 364 000e 0348     		ldr	r0, .L43
 365 0010 08BD     		pop	{r3, pc}
 366              	.LVL35:
 367              	.L42:
 308:Src/usbd_desc.c ****   }
 368              		.loc 1 308 0
 369 0012 0249     		ldr	r1, .L43
 370              	.LVL36:
 371 0014 0248     		ldr	r0, .L43+4
 372              	.LVL37:
 373 0016 FFF7FEFF 		bl	USBD_GetString
 374              	.LVL38:
 375 001a F8E7     		b	.L40
 376              	.L44:
 377              		.align	2
 378              	.L43:
 379 001c 00000000 		.word	USBD_StrDesc
 380 0020 00000000 		.word	.LC2
 381              		.cfi_endproc
 382              	.LFE138:
 384              		.section	.text.USBD_CDC_InterfaceStrDescriptor,"ax",%progbits
 385              		.align	1
 386              		.global	USBD_CDC_InterfaceStrDescriptor
 387              		.syntax unified
 388              		.thumb
 389              		.thumb_func
 390              		.fpu fpv5-sp-d16
 392              	USBD_CDC_InterfaceStrDescriptor:
 393              	.LFB139:
 324:Src/usbd_desc.c ****   if(speed == 0)
 394              		.loc 1 324 0
 395              		.cfi_startproc
 396              		@ args = 0, pretend = 0, frame = 0
 397              		@ frame_needed = 0, uses_anonymous_args = 0
 398              	.LVL39:
 399 0000 08B5     		push	{r3, lr}
 400              		.cfi_def_cfa_offset 8
ARM GAS  /var/folders/17/j_dgbcc52q10y0jc3c_zbwd80000gn/T//cc9mXAGy.s 			page 15


 401              		.cfi_offset 3, -8
 402              		.cfi_offset 14, -4
 403 0002 0A46     		mov	r2, r1
 325:Src/usbd_desc.c ****   {
 404              		.loc 1 325 0
 405 0004 28B1     		cbz	r0, .L49
 331:Src/usbd_desc.c ****   }
 406              		.loc 1 331 0
 407 0006 0549     		ldr	r1, .L50
 408              	.LVL40:
 409 0008 0548     		ldr	r0, .L50+4
 410              	.LVL41:
 411 000a FFF7FEFF 		bl	USBD_GetString
 412              	.LVL42:
 413              	.L47:
 334:Src/usbd_desc.c **** 
 414              		.loc 1 334 0
 415 000e 0348     		ldr	r0, .L50
 416 0010 08BD     		pop	{r3, pc}
 417              	.LVL43:
 418              	.L49:
 327:Src/usbd_desc.c ****   }
 419              		.loc 1 327 0
 420 0012 0249     		ldr	r1, .L50
 421              	.LVL44:
 422 0014 0248     		ldr	r0, .L50+4
 423              	.LVL45:
 424 0016 FFF7FEFF 		bl	USBD_GetString
 425              	.LVL46:
 426 001a F8E7     		b	.L47
 427              	.L51:
 428              		.align	2
 429              	.L50:
 430 001c 00000000 		.word	USBD_StrDesc
 431 0020 00000000 		.word	.LC3
 432              		.cfi_endproc
 433              	.LFE139:
 435              		.global	USBD_StringSerial
 436              		.comm	USBD_StrDesc,512,4
 437              		.global	USBD_LangIDDesc
 438              		.global	USBD_CDC_DeviceDesc
 439              		.global	CDC_Desc
 440              		.section	.data.CDC_Desc,"aw",%progbits
 441              		.align	2
 444              	CDC_Desc:
 445 0000 00000000 		.word	USBD_CDC_DeviceDescriptor
 446 0004 00000000 		.word	USBD_CDC_LangIDStrDescriptor
 447 0008 00000000 		.word	USBD_CDC_ManufacturerStrDescriptor
 448 000c 00000000 		.word	USBD_CDC_ProductStrDescriptor
 449 0010 00000000 		.word	USBD_CDC_SerialStrDescriptor
 450 0014 00000000 		.word	USBD_CDC_ConfigStrDescriptor
 451 0018 00000000 		.word	USBD_CDC_InterfaceStrDescriptor
 452 001c 00000000 		.space	4
 453              		.section	.data.USBD_CDC_DeviceDesc,"aw",%progbits
 454              		.align	2
 455              		.set	.LANCHOR0,. + 0
 458              	USBD_CDC_DeviceDesc:
ARM GAS  /var/folders/17/j_dgbcc52q10y0jc3c_zbwd80000gn/T//cc9mXAGy.s 			page 16


 459 0000 12       		.byte	18
 460 0001 01       		.byte	1
 461 0002 00       		.byte	0
 462 0003 02       		.byte	2
 463 0004 02       		.byte	2
 464 0005 02       		.byte	2
 465 0006 00       		.byte	0
 466 0007 40       		.byte	64
 467 0008 83       		.byte	-125
 468 0009 04       		.byte	4
 469 000a 40       		.byte	64
 470 000b 57       		.byte	87
 471 000c 00       		.byte	0
 472 000d 02       		.byte	2
 473 000e 01       		.byte	1
 474 000f 02       		.byte	2
 475 0010 03       		.byte	3
 476 0011 01       		.byte	1
 477              		.section	.data.USBD_LangIDDesc,"aw",%progbits
 478              		.align	2
 479              		.set	.LANCHOR1,. + 0
 482              	USBD_LangIDDesc:
 483 0000 04       		.byte	4
 484 0001 03       		.byte	3
 485 0002 09       		.byte	9
 486 0003 04       		.byte	4
 487              		.section	.data.USBD_StringSerial,"aw",%progbits
 488              		.align	2
 489              		.set	.LANCHOR2,. + 0
 492              	USBD_StringSerial:
 493 0000 1A       		.byte	26
 494 0001 03       		.byte	3
 495 0002 00000000 		.space	24
 495      00000000 
 495      00000000 
 495      00000000 
 495      00000000 
 496              		.section	.rodata.USBD_CDC_ConfigStrDescriptor.str1.4,"aMS",%progbits,1
 497              		.align	2
 498              	.LC2:
 499 0000 43444320 		.ascii	"CDC Config\000"
 499      436F6E66 
 499      696700
 500              		.section	.rodata.USBD_CDC_InterfaceStrDescriptor.str1.4,"aMS",%progbits,1
 501              		.align	2
 502              	.LC3:
 503 0000 43444320 		.ascii	"CDC Interface\000"
 503      496E7465 
 503      72666163 
 503      6500
 504              		.section	.rodata.USBD_CDC_ManufacturerStrDescriptor.str1.4,"aMS",%progbits,1
 505              		.align	2
 506              	.LC1:
 507 0000 53544D69 		.ascii	"STMicroelectronics\000"
 507      63726F65 
 507      6C656374 
 507      726F6E69 
ARM GAS  /var/folders/17/j_dgbcc52q10y0jc3c_zbwd80000gn/T//cc9mXAGy.s 			page 17


 507      637300
 508              		.section	.rodata.USBD_CDC_ProductStrDescriptor.str1.4,"aMS",%progbits,1
 509              		.align	2
 510              	.LC0:
 511 0000 53544D33 		.ascii	"STM32 Virtual ComPort\000"
 511      32205669 
 511      72747561 
 511      6C20436F 
 511      6D506F72 
 512              		.text
 513              	.Letext0:
 514              		.file 2 "/Users/grantham/packages/gcc-arm-none-eabi-7-2018-q2-update/arm-none-eabi/include/machine
 515              		.file 3 "/Users/grantham/packages/gcc-arm-none-eabi-7-2018-q2-update/arm-none-eabi/include/sys/loc
 516              		.file 4 "/Users/grantham/packages/gcc-arm-none-eabi-7-2018-q2-update/arm-none-eabi/include/sys/_ty
 517              		.file 5 "/Users/grantham/packages/gcc-arm-none-eabi-7-2018-q2-update/lib/gcc/arm-none-eabi/7.3.1/i
 518              		.file 6 "/Users/grantham/packages/gcc-arm-none-eabi-7-2018-q2-update/arm-none-eabi/include/sys/ree
 519              		.file 7 "/Users/grantham/packages/gcc-arm-none-eabi-7-2018-q2-update/arm-none-eabi/include/sys/_st
 520              		.file 8 "/Users/grantham/packages/gcc-arm-none-eabi-7-2018-q2-update/arm-none-eabi/include/stdlib.
 521              		.file 9 "Drivers/CMSIS/Include/core_cm4.h"
 522              		.file 10 "Drivers/CMSIS/Device/ST/STM32G4xx/Include/system_stm32g4xx.h"
 523              		.file 11 "Drivers/STM32G4xx_HAL_Driver/Inc/stm32g4xx_hal_def.h"
 524              		.file 12 "Drivers/STM32G4xx_HAL_Driver/Inc/stm32g4xx_hal_flash.h"
 525              		.file 13 "Drivers/STM32G4xx_HAL_Driver/Inc/stm32g4xx_hal.h"
 526              		.file 14 "Middlewares/ST/STM32_USB_Device_Library/Core/Inc/usbd_def.h"
 527              		.file 15 "Inc/usbd_desc.h"
 528              		.file 16 "Middlewares/ST/STM32_USB_Device_Library/Core/Inc/usbd_ctlreq.h"
ARM GAS  /var/folders/17/j_dgbcc52q10y0jc3c_zbwd80000gn/T//cc9mXAGy.s 			page 18


DEFINED SYMBOLS
                            *ABS*:0000000000000000 usbd_desc.c
/var/folders/17/j_dgbcc52q10y0jc3c_zbwd80000gn/T//cc9mXAGy.s:18     .text.USBD_CDC_DeviceDescriptor:0000000000000000 $t
/var/folders/17/j_dgbcc52q10y0jc3c_zbwd80000gn/T//cc9mXAGy.s:25     .text.USBD_CDC_DeviceDescriptor:0000000000000000 USBD_CDC_DeviceDescriptor
/var/folders/17/j_dgbcc52q10y0jc3c_zbwd80000gn/T//cc9mXAGy.s:44     .text.USBD_CDC_DeviceDescriptor:0000000000000008 $d
/var/folders/17/j_dgbcc52q10y0jc3c_zbwd80000gn/T//cc9mXAGy.s:49     .text.USBD_CDC_LangIDStrDescriptor:0000000000000000 $t
/var/folders/17/j_dgbcc52q10y0jc3c_zbwd80000gn/T//cc9mXAGy.s:56     .text.USBD_CDC_LangIDStrDescriptor:0000000000000000 USBD_CDC_LangIDStrDescriptor
/var/folders/17/j_dgbcc52q10y0jc3c_zbwd80000gn/T//cc9mXAGy.s:74     .text.USBD_CDC_LangIDStrDescriptor:0000000000000008 $d
/var/folders/17/j_dgbcc52q10y0jc3c_zbwd80000gn/T//cc9mXAGy.s:79     .text.IntToUnicode:0000000000000000 $t
/var/folders/17/j_dgbcc52q10y0jc3c_zbwd80000gn/T//cc9mXAGy.s:85     .text.IntToUnicode:0000000000000000 IntToUnicode
/var/folders/17/j_dgbcc52q10y0jc3c_zbwd80000gn/T//cc9mXAGy.s:146    .text.Get_SerialNum:0000000000000000 $t
/var/folders/17/j_dgbcc52q10y0jc3c_zbwd80000gn/T//cc9mXAGy.s:152    .text.Get_SerialNum:0000000000000000 Get_SerialNum
/var/folders/17/j_dgbcc52q10y0jc3c_zbwd80000gn/T//cc9mXAGy.s:203    .text.Get_SerialNum:000000000000002c $d
/var/folders/17/j_dgbcc52q10y0jc3c_zbwd80000gn/T//cc9mXAGy.s:209    .text.USBD_CDC_SerialStrDescriptor:0000000000000000 $t
/var/folders/17/j_dgbcc52q10y0jc3c_zbwd80000gn/T//cc9mXAGy.s:216    .text.USBD_CDC_SerialStrDescriptor:0000000000000000 USBD_CDC_SerialStrDescriptor
/var/folders/17/j_dgbcc52q10y0jc3c_zbwd80000gn/T//cc9mXAGy.s:239    .text.USBD_CDC_SerialStrDescriptor:0000000000000010 $d
/var/folders/17/j_dgbcc52q10y0jc3c_zbwd80000gn/T//cc9mXAGy.s:244    .text.USBD_CDC_ProductStrDescriptor:0000000000000000 $t
/var/folders/17/j_dgbcc52q10y0jc3c_zbwd80000gn/T//cc9mXAGy.s:251    .text.USBD_CDC_ProductStrDescriptor:0000000000000000 USBD_CDC_ProductStrDescriptor
/var/folders/17/j_dgbcc52q10y0jc3c_zbwd80000gn/T//cc9mXAGy.s:289    .text.USBD_CDC_ProductStrDescriptor:000000000000001c $d
                            *COM*:0000000000000200 USBD_StrDesc
/var/folders/17/j_dgbcc52q10y0jc3c_zbwd80000gn/T//cc9mXAGy.s:295    .text.USBD_CDC_ManufacturerStrDescriptor:0000000000000000 $t
/var/folders/17/j_dgbcc52q10y0jc3c_zbwd80000gn/T//cc9mXAGy.s:302    .text.USBD_CDC_ManufacturerStrDescriptor:0000000000000000 USBD_CDC_ManufacturerStrDescriptor
/var/folders/17/j_dgbcc52q10y0jc3c_zbwd80000gn/T//cc9mXAGy.s:328    .text.USBD_CDC_ManufacturerStrDescriptor:0000000000000014 $d
/var/folders/17/j_dgbcc52q10y0jc3c_zbwd80000gn/T//cc9mXAGy.s:334    .text.USBD_CDC_ConfigStrDescriptor:0000000000000000 $t
/var/folders/17/j_dgbcc52q10y0jc3c_zbwd80000gn/T//cc9mXAGy.s:341    .text.USBD_CDC_ConfigStrDescriptor:0000000000000000 USBD_CDC_ConfigStrDescriptor
/var/folders/17/j_dgbcc52q10y0jc3c_zbwd80000gn/T//cc9mXAGy.s:379    .text.USBD_CDC_ConfigStrDescriptor:000000000000001c $d
/var/folders/17/j_dgbcc52q10y0jc3c_zbwd80000gn/T//cc9mXAGy.s:385    .text.USBD_CDC_InterfaceStrDescriptor:0000000000000000 $t
/var/folders/17/j_dgbcc52q10y0jc3c_zbwd80000gn/T//cc9mXAGy.s:392    .text.USBD_CDC_InterfaceStrDescriptor:0000000000000000 USBD_CDC_InterfaceStrDescriptor
/var/folders/17/j_dgbcc52q10y0jc3c_zbwd80000gn/T//cc9mXAGy.s:430    .text.USBD_CDC_InterfaceStrDescriptor:000000000000001c $d
/var/folders/17/j_dgbcc52q10y0jc3c_zbwd80000gn/T//cc9mXAGy.s:492    .data.USBD_StringSerial:0000000000000000 USBD_StringSerial
/var/folders/17/j_dgbcc52q10y0jc3c_zbwd80000gn/T//cc9mXAGy.s:482    .data.USBD_LangIDDesc:0000000000000000 USBD_LangIDDesc
/var/folders/17/j_dgbcc52q10y0jc3c_zbwd80000gn/T//cc9mXAGy.s:458    .data.USBD_CDC_DeviceDesc:0000000000000000 USBD_CDC_DeviceDesc
/var/folders/17/j_dgbcc52q10y0jc3c_zbwd80000gn/T//cc9mXAGy.s:444    .data.CDC_Desc:0000000000000000 CDC_Desc
/var/folders/17/j_dgbcc52q10y0jc3c_zbwd80000gn/T//cc9mXAGy.s:441    .data.CDC_Desc:0000000000000000 $d
/var/folders/17/j_dgbcc52q10y0jc3c_zbwd80000gn/T//cc9mXAGy.s:454    .data.USBD_CDC_DeviceDesc:0000000000000000 $d
/var/folders/17/j_dgbcc52q10y0jc3c_zbwd80000gn/T//cc9mXAGy.s:478    .data.USBD_LangIDDesc:0000000000000000 $d
/var/folders/17/j_dgbcc52q10y0jc3c_zbwd80000gn/T//cc9mXAGy.s:488    .data.USBD_StringSerial:0000000000000000 $d
/var/folders/17/j_dgbcc52q10y0jc3c_zbwd80000gn/T//cc9mXAGy.s:497    .rodata.USBD_CDC_ConfigStrDescriptor.str1.4:0000000000000000 $d
/var/folders/17/j_dgbcc52q10y0jc3c_zbwd80000gn/T//cc9mXAGy.s:501    .rodata.USBD_CDC_InterfaceStrDescriptor.str1.4:0000000000000000 $d
/var/folders/17/j_dgbcc52q10y0jc3c_zbwd80000gn/T//cc9mXAGy.s:505    .rodata.USBD_CDC_ManufacturerStrDescriptor.str1.4:0000000000000000 $d
/var/folders/17/j_dgbcc52q10y0jc3c_zbwd80000gn/T//cc9mXAGy.s:509    .rodata.USBD_CDC_ProductStrDescriptor.str1.4:0000000000000000 $d

UNDEFINED SYMBOLS
USBD_GetString
